[0.023s] Invoking command in '/home/kinarast/robot_ws/build/robot_control': CMAKE_PREFIX_PATH=${CMAKE_PREFIX_PATH}:/home/kinarast/test1_ws/install/my_robot_vision:/home/kinarast/ros2_ws/install/my_robot_vision:/opt/ros/humble /usr/bin/cmake --build /home/kinarast/robot_ws/build/robot_control -- -j8 -l8
[0.050s] -- Found ament_cmake: 1.3.11 (/opt/ros/humble/share/ament_cmake/cmake)
[0.207s] -- Override CMake install command with custom implementation using symlinks instead of copying resources
[0.224s] -- Found rclpy: 3.3.15 (/opt/ros/humble/share/rclpy/cmake)
[0.224s] -- Found sensor_msgs: 4.2.4 (/opt/ros/humble/share/sensor_msgs/cmake)
[0.261s] -- Found rosidl_generator_c: 3.1.6 (/opt/ros/humble/share/rosidl_generator_c/cmake)
[0.264s] -- Found rosidl_adapter: 3.1.6 (/opt/ros/humble/share/rosidl_adapter/cmake)
[0.270s] -- Found rosidl_generator_cpp: 3.1.6 (/opt/ros/humble/share/rosidl_generator_cpp/cmake)
[0.281s] -- Using all available rosidl_typesupport_c: rosidl_typesupport_fastrtps_c;rosidl_typesupport_introspection_c
[0.294s] -- Using all available rosidl_typesupport_cpp: rosidl_typesupport_fastrtps_cpp;rosidl_typesupport_introspection_cpp
[0.355s] -- Found cv_bridge: 3.2.1 (/opt/ros/humble/share/cv_bridge/cmake)
[0.440s] -- Configuring done
[0.445s] -- Generating done
[0.447s] -- Build files have been written to: /home/kinarast/robot_ws/build/robot_control
[0.477s] Invoked command in '/home/kinarast/robot_ws/build/robot_control' returned '0': CMAKE_PREFIX_PATH=${CMAKE_PREFIX_PATH}:/home/kinarast/test1_ws/install/my_robot_vision:/home/kinarast/ros2_ws/install/my_robot_vision:/opt/ros/humble /usr/bin/cmake --build /home/kinarast/robot_ws/build/robot_control -- -j8 -l8
[0.478s] Invoking command in '/home/kinarast/robot_ws/build/robot_control': CMAKE_PREFIX_PATH=${CMAKE_PREFIX_PATH}:/home/kinarast/test1_ws/install/my_robot_vision:/home/kinarast/ros2_ws/install/my_robot_vision:/opt/ros/humble /usr/bin/cmake --install /home/kinarast/robot_ws/build/robot_control
[0.486s] -- Install configuration: ""
[0.487s] -- Execute custom install script
[0.487s] -- Up-to-date symlink: /home/kinarast/robot_ws/install/robot_control/share/robot_control/launch/control.launch.py
[0.487s] -- Up-to-date symlink: /home/kinarast/robot_ws/install/robot_control/share/ament_index/resource_index/package_run_dependencies/robot_control
[0.487s] -- Up-to-date symlink: /home/kinarast/robot_ws/install/robot_control/share/ament_index/resource_index/parent_prefix_path/robot_control
[0.488s] -- Up-to-date symlink: /home/kinarast/robot_ws/install/robot_control/share/robot_control/environment/ament_prefix_path.sh
[0.488s] -- Up-to-date symlink: /home/kinarast/robot_ws/install/robot_control/share/robot_control/environment/ament_prefix_path.dsv
[0.488s] -- Up-to-date symlink: /home/kinarast/robot_ws/install/robot_control/share/robot_control/environment/path.sh
[0.488s] -- Up-to-date symlink: /home/kinarast/robot_ws/install/robot_control/share/robot_control/environment/path.dsv
[0.488s] -- Up-to-date symlink: /home/kinarast/robot_ws/install/robot_control/share/robot_control/local_setup.bash
[0.488s] -- Up-to-date symlink: /home/kinarast/robot_ws/install/robot_control/share/robot_control/local_setup.sh
[0.489s] -- Up-to-date symlink: /home/kinarast/robot_ws/install/robot_control/share/robot_control/local_setup.zsh
[0.489s] -- Up-to-date symlink: /home/kinarast/robot_ws/install/robot_control/share/robot_control/local_setup.dsv
[0.489s] -- Symlinking: /home/kinarast/robot_ws/install/robot_control/share/robot_control/package.dsv
[0.499s] -- Up-to-date symlink: /home/kinarast/robot_ws/install/robot_control/share/ament_index/resource_index/packages/robot_control
[0.499s] -- Up-to-date symlink: /home/kinarast/robot_ws/install/robot_control/share/robot_control/cmake/robot_controlConfig.cmake
[0.499s] -- Up-to-date symlink: /home/kinarast/robot_ws/install/robot_control/share/robot_control/cmake/robot_controlConfig-version.cmake
[0.499s] -- Up-to-date symlink: /home/kinarast/robot_ws/install/robot_control/share/robot_control/package.xml
[0.499s] -- Installing: /home/kinarast/robot_ws/install/robot_control/lib/robot_control/object_detection
[0.499s] -- Installing: /home/kinarast/robot_ws/install/robot_control/lib/robot_control/pid_controller
[0.499s] -- Installing: /home/kinarast/robot_ws/install/robot_control/lib/robot_control/movement_control
[0.502s] Invoked command in '/home/kinarast/robot_ws/build/robot_control' returned '0': CMAKE_PREFIX_PATH=${CMAKE_PREFIX_PATH}:/home/kinarast/test1_ws/install/my_robot_vision:/home/kinarast/ros2_ws/install/my_robot_vision:/opt/ros/humble /usr/bin/cmake --install /home/kinarast/robot_ws/build/robot_control
