-- The C compiler identification is GNU 11.4.0
-- The CXX compiler identification is GNU 11.4.0
-- Detecting C compiler ABI info
-- Detecting C compiler ABI info - done
-- Check for working C compiler: /usr/bin/cc - skipped
-- Detecting C compile features
-- Detecting C compile features - done
-- Detecting CXX compiler ABI info
-- Detecting CXX compiler ABI info - done
-- Check for working CXX compiler: /usr/bin/c++ - skipped
-- Detecting CXX compile features
-- Detecting CXX compile features - done
-- Found ament_cmake: 1.3.11 (/opt/ros/humble/share/ament_cmake/cmake)
-- Found Python3: /usr/bin/python3 (found version "3.10.12") found components: Interpreter 
-- Override CMake install command with custom implementation using symlinks instead of copying resources
-- Found rclpy: 3.3.15 (/opt/ros/humble/share/rclpy/cmake)
-- Found sensor_msgs: 4.2.4 (/opt/ros/humble/share/sensor_msgs/cmake)
-- Found rosidl_generator_c: 3.1.6 (/opt/ros/humble/share/rosidl_generator_c/cmake)
-- Found rosidl_adapter: 3.1.6 (/opt/ros/humble/share/rosidl_adapter/cmake)
-- Found rosidl_generator_cpp: 3.1.6 (/opt/ros/humble/share/rosidl_generator_cpp/cmake)
-- Using all available rosidl_typesupport_c: rosidl_typesupport_fastrtps_c;rosidl_typesupport_introspection_c
-- Using all available rosidl_typesupport_cpp: rosidl_typesupport_fastrtps_cpp;rosidl_typesupport_introspection_cpp
-- Found cv_bridge: 3.2.1 (/opt/ros/humble/share/cv_bridge/cmake)
-- Found OpenCV: /usr (found version "4.5.4") 
-- Configuring done
-- Generating done
-- Build files have been written to: /home/kinarast/robot_ws/build/robot_control
-- Install configuration: ""
-- Execute custom install script
-- Symlinking: /home/kinarast/robot_ws/install/robot_control/share/robot_control/launch/control.launch.py
-- Symlinking: /home/kinarast/robot_ws/install/robot_control/share/ament_index/resource_index/package_run_dependencies/robot_control
-- Symlinking: /home/kinarast/robot_ws/install/robot_control/share/ament_index/resource_index/parent_prefix_path/robot_control
-- Symlinking: /home/kinarast/robot_ws/install/robot_control/share/robot_control/environment/ament_prefix_path.sh
-- Symlinking: /home/kinarast/robot_ws/install/robot_control/share/robot_control/environment/ament_prefix_path.dsv
-- Symlinking: /home/kinarast/robot_ws/install/robot_control/share/robot_control/environment/path.sh
-- Symlinking: /home/kinarast/robot_ws/install/robot_control/share/robot_control/environment/path.dsv
-- Symlinking: /home/kinarast/robot_ws/install/robot_control/share/robot_control/local_setup.bash
-- Symlinking: /home/kinarast/robot_ws/install/robot_control/share/robot_control/local_setup.sh
-- Symlinking: /home/kinarast/robot_ws/install/robot_control/share/robot_control/local_setup.zsh
-- Symlinking: /home/kinarast/robot_ws/install/robot_control/share/robot_control/local_setup.dsv
-- Symlinking: /home/kinarast/robot_ws/install/robot_control/share/robot_control/package.dsv
-- Symlinking: /home/kinarast/robot_ws/install/robot_control/share/ament_index/resource_index/packages/robot_control
-- Symlinking: /home/kinarast/robot_ws/install/robot_control/share/robot_control/cmake/robot_controlConfig.cmake
-- Symlinking: /home/kinarast/robot_ws/install/robot_control/share/robot_control/cmake/robot_controlConfig-version.cmake
-- Symlinking: /home/kinarast/robot_ws/install/robot_control/share/robot_control/package.xml
-- Installing: /home/kinarast/robot_ws/install/robot_control/lib/robot_control/object_detection
-- Installing: /home/kinarast/robot_ws/install/robot_control/lib/robot_control/pid_controller
-- Installing: /home/kinarast/robot_ws/install/robot_control/lib/robot_control/movement_control
