[0.376s] Invoking command in '/home/kinarast/robot_ws/build/robot_navigation': CMAKE_PREFIX_PATH=${CMAKE_PREFIX_PATH}:/home/kinarast/test1_ws/install/my_robot_vision:/home/kinarast/ros2_ws/install/my_robot_vision:/opt/ros/humble /usr/bin/cmake --build /home/kinarast/robot_ws/build/robot_navigation -- -j8 -l8
[3.957s] Invoked command in '/home/kinarast/robot_ws/build/robot_navigation' returned '0': CMAKE_PREFIX_PATH=${CMAKE_PREFIX_PATH}:/home/kinarast/test1_ws/install/my_robot_vision:/home/kinarast/ros2_ws/install/my_robot_vision:/opt/ros/humble /usr/bin/cmake --build /home/kinarast/robot_ws/build/robot_navigation -- -j8 -l8
[4.110s] Invoking command in '/home/kinarast/robot_ws/build/robot_navigation': CMAKE_PREFIX_PATH=${CMAKE_PREFIX_PATH}:/home/kinarast/test1_ws/install/my_robot_vision:/home/kinarast/ros2_ws/install/my_robot_vision:/opt/ros/humble /usr/bin/cmake --install /home/kinarast/robot_ws/build/robot_navigation
[4.132s] -- Install configuration: ""
[4.168s] -- Execute custom install script
[4.345s] -- Up-to-date symlink: /home/kinarast/robot_ws/install/robot_navigation/lib/robot_navigation/a_star.py
[4.551s] -- Up-to-date symlink: /home/kinarast/robot_ws/install/robot_navigation/share/robot_navigation/launch/navigation.launch.py
[4.565s] -- Up-to-date symlink: /home/kinarast/robot_ws/install/robot_navigation/share/ament_index/resource_index/package_run_dependencies/robot_navigation
[4.565s] -- Up-to-date symlink: /home/kinarast/robot_ws/install/robot_navigation/share/ament_index/resource_index/parent_prefix_path/robot_navigation
[4.565s] -- Up-to-date symlink: /home/kinarast/robot_ws/install/robot_navigation/share/robot_navigation/environment/ament_prefix_path.sh
[4.566s] -- Up-to-date symlink: /home/kinarast/robot_ws/install/robot_navigation/share/robot_navigation/environment/ament_prefix_path.dsv
[4.566s] -- Up-to-date symlink: /home/kinarast/robot_ws/install/robot_navigation/share/robot_navigation/environment/path.sh
[4.567s] -- Up-to-date symlink: /home/kinarast/robot_ws/install/robot_navigation/share/robot_navigation/environment/path.dsv
[4.567s] -- Up-to-date symlink: /home/kinarast/robot_ws/install/robot_navigation/share/robot_navigation/local_setup.bash
[4.567s] -- Up-to-date symlink: /home/kinarast/robot_ws/install/robot_navigation/share/robot_navigation/local_setup.sh
[4.568s] -- Up-to-date symlink: /home/kinarast/robot_ws/install/robot_navigation/share/robot_navigation/local_setup.zsh
[4.568s] -- Up-to-date symlink: /home/kinarast/robot_ws/install/robot_navigation/share/robot_navigation/local_setup.dsv
[4.568s] -- Symlinking: /home/kinarast/robot_ws/install/robot_navigation/share/robot_navigation/package.dsv
[4.642s] -- Up-to-date symlink: /home/kinarast/robot_ws/install/robot_navigation/share/ament_index/resource_index/packages/robot_navigation
[4.665s] -- Up-to-date symlink: /home/kinarast/robot_ws/install/robot_navigation/share/robot_navigation/cmake/robot_navigationConfig.cmake
[4.665s] -- Up-to-date symlink: /home/kinarast/robot_ws/install/robot_navigation/share/robot_navigation/cmake/robot_navigationConfig-version.cmake
[4.665s] -- Up-to-date symlink: /home/kinarast/robot_ws/install/robot_navigation/share/robot_navigation/package.xml
[5.687s] Invoked command in '/home/kinarast/robot_ws/build/robot_navigation' returned '0': CMAKE_PREFIX_PATH=${CMAKE_PREFIX_PATH}:/home/kinarast/test1_ws/install/my_robot_vision:/home/kinarast/ros2_ws/install/my_robot_vision:/opt/ros/humble /usr/bin/cmake --install /home/kinarast/robot_ws/build/robot_navigation
