[0.088s] Invoking command in '/home/kinarast/robot_ws/build/robot_control': CMAKE_PREFIX_PATH=${CMAKE_PREFIX_PATH}:/home/kinarast/test1_ws/install/my_robot_vision:/home/kinarast/ros2_ws/install/my_robot_vision:/opt/ros/humble /usr/bin/cmake /home/kinarast/robot_ws/src/robot_control -DAMENT_CMAKE_SYMLINK_INSTALL=1 -DCMAKE_INSTALL_PREFIX=/home/kinarast/robot_ws/install/robot_control
[0.287s] -- Found ament_cmake: 1.3.11 (/opt/ros/humble/share/ament_cmake/cmake)
[0.648s] -- Override CMake install command with custom implementation using symlinks instead of copying resources
[0.986s] -- Found rclpy: 3.3.15 (/opt/ros/humble/share/rclpy/cmake)
[0.997s] -- Found sensor_msgs: 4.2.4 (/opt/ros/humble/share/sensor_msgs/cmake)
[1.480s] -- Found rosidl_generator_c: 3.1.6 (/opt/ros/humble/share/rosidl_generator_c/cmake)
[1.523s] -- Found rosidl_adapter: 3.1.6 (/opt/ros/humble/share/rosidl_adapter/cmake)
[1.571s] -- Found rosidl_generator_cpp: 3.1.6 (/opt/ros/humble/share/rosidl_generator_cpp/cmake)
[1.677s] -- Using all available rosidl_typesupport_c: rosidl_typesupport_fastrtps_c;rosidl_typesupport_introspection_c
[1.730s] -- Using all available rosidl_typesupport_cpp: rosidl_typesupport_fastrtps_cpp;rosidl_typesupport_introspection_cpp
[2.101s] -- Found cv_bridge: 3.2.1 (/opt/ros/humble/share/cv_bridge/cmake)
[2.231s] [31mCMake Error at /opt/ros/humble/share/ament_cmake_core/cmake/symlink_install/ament_cmake_symlink_install_programs.cmake:39 (_install):
[2.231s]   _install PROGRAMS given RENAME option with more than one file.
[2.231s] Call Stack (most recent call first):
[2.231s]   /opt/ros/humble/share/ament_cmake_core/cmake/symlink_install/install.cmake:34 (ament_cmake_symlink_install_programs)
[2.232s]   CMakeLists.txt:13 (install)
[2.232s] 
[2.232s] [0m
[2.332s] -- Configuring incomplete, errors occurred!
[2.332s] See also "/home/kinarast/robot_ws/build/robot_control/CMakeFiles/CMakeOutput.log".
[2.341s] Invoked command in '/home/kinarast/robot_ws/build/robot_control' returned '1': CMAKE_PREFIX_PATH=${CMAKE_PREFIX_PATH}:/home/kinarast/test1_ws/install/my_robot_vision:/home/kinarast/ros2_ws/install/my_robot_vision:/opt/ros/humble /usr/bin/cmake /home/kinarast/robot_ws/src/robot_control -DAMENT_CMAKE_SYMLINK_INSTALL=1 -DCMAKE_INSTALL_PREFIX=/home/kinarast/robot_ws/install/robot_control
