[0.457s] Invoking command in '/home/kinarast/robot_ws/build/robot_navigation': CMAKE_PREFIX_PATH=${CMAKE_PREFIX_PATH}:/home/kinarast/test1_ws/install/my_robot_vision:/home/kinarast/ros2_ws/install/my_robot_vision:/opt/ros/humble DEBUGINFOD_URLS=https://debuginfod.ubuntu.com /usr/bin/cmake /home/kinarast/robot_ws/src/robot_navigation -DAMENT_CMAKE_SYMLINK_INSTALL=1 -DCMAKE_INSTALL_PREFIX=/home/kinarast/robot_ws/install/robot_navigation
[1.882s] -- Found ament_cmake: 1.3.11 (/opt/ros/humble/share/ament_cmake/cmake)
[2.496s] -- Override CMake install command with custom implementation using symlinks instead of copying resources
[2.901s] -- Found rclpy: 3.3.15 (/opt/ros/humble/share/rclpy/cmake)
[3.161s] -- Configuring done
[3.266s] -- Generating done
[3.287s] -- Build files have been written to: /home/kinarast/robot_ws/build/robot_navigation
[3.325s] Invoked command in '/home/kinarast/robot_ws/build/robot_navigation' returned '0': CMAKE_PREFIX_PATH=${CMAKE_PREFIX_PATH}:/home/kinarast/test1_ws/install/my_robot_vision:/home/kinarast/ros2_ws/install/my_robot_vision:/opt/ros/humble DEBUGINFOD_URLS=https://debuginfod.ubuntu.com /usr/bin/cmake /home/kinarast/robot_ws/src/robot_navigation -DAMENT_CMAKE_SYMLINK_INSTALL=1 -DCMAKE_INSTALL_PREFIX=/home/kinarast/robot_ws/install/robot_navigation
[3.329s] Invoking command in '/home/kinarast/robot_ws/build/robot_navigation': CMAKE_PREFIX_PATH=${CMAKE_PREFIX_PATH}:/home/kinarast/test1_ws/install/my_robot_vision:/home/kinarast/ros2_ws/install/my_robot_vision:/opt/ros/humble DEBUGINFOD_URLS=https://debuginfod.ubuntu.com /usr/bin/cmake --build /home/kinarast/robot_ws/build/robot_navigation -- -j8 -l8
[3.560s] Invoked command in '/home/kinarast/robot_ws/build/robot_navigation' returned '0': CMAKE_PREFIX_PATH=${CMAKE_PREFIX_PATH}:/home/kinarast/test1_ws/install/my_robot_vision:/home/kinarast/ros2_ws/install/my_robot_vision:/opt/ros/humble DEBUGINFOD_URLS=https://debuginfod.ubuntu.com /usr/bin/cmake --build /home/kinarast/robot_ws/build/robot_navigation -- -j8 -l8
[3.596s] Invoking command in '/home/kinarast/robot_ws/build/robot_navigation': CMAKE_PREFIX_PATH=${CMAKE_PREFIX_PATH}:/home/kinarast/test1_ws/install/my_robot_vision:/home/kinarast/ros2_ws/install/my_robot_vision:/opt/ros/humble DEBUGINFOD_URLS=https://debuginfod.ubuntu.com /usr/bin/cmake --install /home/kinarast/robot_ws/build/robot_navigation
[3.608s] -- Install configuration: ""
[3.609s] -- Execute custom install script
[3.668s] -- Up-to-date symlink: /home/kinarast/robot_ws/install/robot_navigation/lib/robot_navigation/a_star.py
[3.695s] -- Up-to-date symlink: /home/kinarast/robot_ws/install/robot_navigation/share/robot_navigation/launch/navigation.launch.py
[3.714s] -- Up-to-date symlink: /home/kinarast/robot_ws/install/robot_navigation/share/ament_index/resource_index/package_run_dependencies/robot_navigation
[3.714s] -- Up-to-date symlink: /home/kinarast/robot_ws/install/robot_navigation/share/ament_index/resource_index/parent_prefix_path/robot_navigation
[3.729s] -- Up-to-date symlink: /home/kinarast/robot_ws/install/robot_navigation/share/robot_navigation/environment/ament_prefix_path.sh
[3.729s] -- Up-to-date symlink: /home/kinarast/robot_ws/install/robot_navigation/share/robot_navigation/environment/ament_prefix_path.dsv
[3.730s] -- Up-to-date symlink: /home/kinarast/robot_ws/install/robot_navigation/share/robot_navigation/environment/path.sh
[3.730s] -- Up-to-date symlink: /home/kinarast/robot_ws/install/robot_navigation/share/robot_navigation/environment/path.dsv
[3.753s] -- Up-to-date symlink: /home/kinarast/robot_ws/install/robot_navigation/share/robot_navigation/local_setup.bash
[3.753s] -- Up-to-date symlink: /home/kinarast/robot_ws/install/robot_navigation/share/robot_navigation/local_setup.sh
[3.775s] -- Up-to-date symlink: /home/kinarast/robot_ws/install/robot_navigation/share/robot_navigation/local_setup.zsh
[3.787s] -- Up-to-date symlink: /home/kinarast/robot_ws/install/robot_navigation/share/robot_navigation/local_setup.dsv
[3.787s] -- Symlinking: /home/kinarast/robot_ws/install/robot_navigation/share/robot_navigation/package.dsv
[3.849s] -- Up-to-date symlink: /home/kinarast/robot_ws/install/robot_navigation/share/ament_index/resource_index/packages/robot_navigation
[3.851s] -- Up-to-date symlink: /home/kinarast/robot_ws/install/robot_navigation/share/robot_navigation/cmake/robot_navigationConfig.cmake
[3.852s] -- Up-to-date symlink: /home/kinarast/robot_ws/install/robot_navigation/share/robot_navigation/cmake/robot_navigationConfig-version.cmake
[3.854s] -- Up-to-date symlink: /home/kinarast/robot_ws/install/robot_navigation/share/robot_navigation/package.xml
