[3.083s] DEBUG:colcon:Command line arguments: ['/usr/bin/colcon', 'build']
[3.083s] DEBUG:colcon:Parsed command line arguments: Namespace(log_base=None, log_level=None, verb_name='build', build_base='build', install_base='install', merge_install=False, symlink_install=False, test_result_base=None, continue_on_error=False, executor='parallel', parallel_workers=8, event_handlers=None, ignore_user_meta=False, metas=['./colcon.meta'], base_paths=['.'], packages_ignore=None, packages_ignore_regex=None, paths=None, packages_up_to=None, packages_up_to_regex=None, packages_above=None, packages_above_and_dependencies=None, packages_above_depth=None, packages_select_by_dep=None, packages_skip_by_dep=None, packages_skip_up_to=None, packages_select_build_failed=False, packages_skip_build_finished=False, packages_select_test_failures=False, packages_skip_test_passed=False, packages_select=None, packages_skip=None, packages_select_regex=None, packages_skip_regex=None, packages_start=None, packages_end=None, allow_overriding=[], cmake_args=None, cmake_target=None, cmake_target_skip_unavailable=False, cmake_clean_cache=False, cmake_clean_first=False, cmake_force_configure=False, ament_cmake_args=None, catkin_cmake_args=None, catkin_skip_building_tests=False, mixin_files=None, mixin=None, verb_parser=<colcon_mixin.mixin.mixin_argument.MixinArgumentDecorator object at 0x7f7d6754fb80>, verb_extension=<colcon_core.verb.build.BuildVerb object at 0x7f7d6754f610>, main=<bound method BuildVerb.main of <colcon_core.verb.build.BuildVerb object at 0x7f7d6754f610>>, mixin_verb=('build',))
[6.141s] Level 1:colcon.colcon_core.package_discovery:discover_packages(colcon_meta) check parameters
[6.141s] Level 1:colcon.colcon_core.package_discovery:discover_packages(recursive) check parameters
[6.141s] Level 1:colcon.colcon_core.package_discovery:discover_packages(ignore) check parameters
[6.141s] Level 1:colcon.colcon_core.package_discovery:discover_packages(path) check parameters
[6.141s] Level 1:colcon.colcon_core.package_discovery:discover_packages(colcon_meta) discover
[6.141s] Level 1:colcon.colcon_core.package_discovery:discover_packages(recursive) discover
[6.141s] INFO:colcon.colcon_core.package_discovery:Crawling recursively for packages in '/home/kinarast/robot_ws'
[6.141s] Level 1:colcon.colcon_core.package_identification:_identify(.) by extensions ['ignore', 'ignore_ament_install']
[6.141s] Level 1:colcon.colcon_core.package_identification:_identify(.) by extension 'ignore'
[6.141s] Level 1:colcon.colcon_core.package_identification:_identify(.) by extension 'ignore_ament_install'
[6.141s] Level 1:colcon.colcon_core.package_identification:_identify(.) by extensions ['colcon_pkg']
[6.141s] Level 1:colcon.colcon_core.package_identification:_identify(.) by extension 'colcon_pkg'
[6.141s] Level 1:colcon.colcon_core.package_identification:_identify(.) by extensions ['colcon_meta']
[6.141s] Level 1:colcon.colcon_core.package_identification:_identify(.) by extension 'colcon_meta'
[6.141s] Level 1:colcon.colcon_core.package_identification:_identify(.) by extensions ['ros']
[6.141s] Level 1:colcon.colcon_core.package_identification:_identify(.) by extension 'ros'
[6.152s] Level 1:colcon.colcon_core.package_identification:_identify(.) by extensions ['cmake', 'python']
[6.152s] Level 1:colcon.colcon_core.package_identification:_identify(.) by extension 'cmake'
[6.152s] Level 1:colcon.colcon_core.package_identification:_identify(.) by extension 'python'
[6.153s] Level 1:colcon.colcon_core.package_identification:_identify(.) by extensions ['python_setup_py']
[6.153s] Level 1:colcon.colcon_core.package_identification:_identify(.) by extension 'python_setup_py'
[6.153s] Level 1:colcon.colcon_core.package_identification:_identify(build) by extensions ['ignore', 'ignore_ament_install']
[6.153s] Level 1:colcon.colcon_core.package_identification:_identify(build) by extension 'ignore'
[6.153s] Level 1:colcon.colcon_core.package_identification:_identify(build) ignored
[6.153s] Level 1:colcon.colcon_core.package_identification:_identify(install) by extensions ['ignore', 'ignore_ament_install']
[6.153s] Level 1:colcon.colcon_core.package_identification:_identify(install) by extension 'ignore'
[6.153s] Level 1:colcon.colcon_core.package_identification:_identify(install) ignored
[6.153s] Level 1:colcon.colcon_core.package_identification:_identify(log) by extensions ['ignore', 'ignore_ament_install']
[6.153s] Level 1:colcon.colcon_core.package_identification:_identify(log) by extension 'ignore'
[6.153s] Level 1:colcon.colcon_core.package_identification:_identify(log) ignored
[6.153s] Level 1:colcon.colcon_core.package_identification:_identify(src) by extensions ['ignore', 'ignore_ament_install']
[6.154s] Level 1:colcon.colcon_core.package_identification:_identify(src) by extension 'ignore'
[6.154s] Level 1:colcon.colcon_core.package_identification:_identify(src) by extension 'ignore_ament_install'
[6.154s] Level 1:colcon.colcon_core.package_identification:_identify(src) by extensions ['colcon_pkg']
[6.154s] Level 1:colcon.colcon_core.package_identification:_identify(src) by extension 'colcon_pkg'
[6.154s] Level 1:colcon.colcon_core.package_identification:_identify(src) by extensions ['colcon_meta']
[6.154s] Level 1:colcon.colcon_core.package_identification:_identify(src) by extension 'colcon_meta'
[6.154s] Level 1:colcon.colcon_core.package_identification:_identify(src) by extensions ['ros']
[6.154s] Level 1:colcon.colcon_core.package_identification:_identify(src) by extension 'ros'
[6.154s] Level 1:colcon.colcon_core.package_identification:_identify(src) by extensions ['cmake', 'python']
[6.154s] Level 1:colcon.colcon_core.package_identification:_identify(src) by extension 'cmake'
[6.156s] Level 1:colcon.colcon_core.package_identification:_identify(src) by extension 'python'
[6.156s] DEBUG:colcon.colcon_core.package_identification:Package 'src' with type 'cmake' and name 'src'
[6.156s] Level 1:colcon.colcon_core.package_discovery:discover_packages(recursive) using defaults
[6.156s] Level 1:colcon.colcon_core.package_discovery:discover_packages(ignore) discover
[6.156s] Level 1:colcon.colcon_core.package_discovery:discover_packages(ignore) using defaults
[6.156s] Level 1:colcon.colcon_core.package_discovery:discover_packages(path) discover
[6.156s] Level 1:colcon.colcon_core.package_discovery:discover_packages(path) using defaults
[6.437s] Level 1:colcon.colcon_core.package_discovery:discover_packages(prefix_path) check parameters
[6.437s] Level 1:colcon.colcon_core.package_discovery:discover_packages(prefix_path) discover
[6.478s] DEBUG:colcon.colcon_installed_package_information.package_discovery:Found 3 installed packages in /home/kinarast/test1_ws/install
[6.480s] DEBUG:colcon.colcon_installed_package_information.package_discovery:Found 1 installed packages in /home/kinarast/ros2_ws/install
[6.486s] DEBUG:colcon.colcon_installed_package_information.package_discovery:Found 293 installed packages in /opt/ros/humble
[6.496s] Level 1:colcon.colcon_core.package_discovery:discover_packages(prefix_path) using defaults
[6.680s] Level 5:colcon.colcon_core.verb:set package 'src' build argument 'cmake_args' from command line to 'None'
[6.680s] Level 5:colcon.colcon_core.verb:set package 'src' build argument 'cmake_target' from command line to 'None'
[6.680s] Level 5:colcon.colcon_core.verb:set package 'src' build argument 'cmake_target_skip_unavailable' from command line to 'False'
[6.680s] Level 5:colcon.colcon_core.verb:set package 'src' build argument 'cmake_clean_cache' from command line to 'False'
[6.680s] Level 5:colcon.colcon_core.verb:set package 'src' build argument 'cmake_clean_first' from command line to 'False'
[6.680s] Level 5:colcon.colcon_core.verb:set package 'src' build argument 'cmake_force_configure' from command line to 'False'
[6.680s] Level 5:colcon.colcon_core.verb:set package 'src' build argument 'ament_cmake_args' from command line to 'None'
[6.680s] Level 5:colcon.colcon_core.verb:set package 'src' build argument 'catkin_cmake_args' from command line to 'None'
[6.680s] Level 5:colcon.colcon_core.verb:set package 'src' build argument 'catkin_skip_building_tests' from command line to 'False'
[6.680s] DEBUG:colcon.colcon_core.verb:Building package 'src' with the following arguments: {'ament_cmake_args': None, 'build_base': '/home/kinarast/robot_ws/build/src', 'catkin_cmake_args': None, 'catkin_skip_building_tests': False, 'cmake_args': None, 'cmake_clean_cache': False, 'cmake_clean_first': False, 'cmake_force_configure': False, 'cmake_target': None, 'cmake_target_skip_unavailable': False, 'install_base': '/home/kinarast/robot_ws/install/src', 'merge_install': False, 'path': '/home/kinarast/robot_ws/src', 'symlink_install': False, 'test_result_base': None}
[6.681s] INFO:colcon.colcon_core.executor:Executing jobs using 'parallel' executor
[6.681s] DEBUG:colcon.colcon_parallel_executor.executor.parallel:run_until_complete
[6.682s] INFO:colcon.colcon_cmake.task.cmake.build:Building CMake package in '/home/kinarast/robot_ws/src'
[6.723s] INFO:colcon.colcon_core.plugin_system:Skipping extension 'colcon_core.shell.bat': Not used on non-Windows systems
[6.724s] INFO:colcon.colcon_core.shell:Skip shell extension 'powershell' for command environment: Not usable outside of PowerShell
[6.724s] DEBUG:colcon.colcon_core.shell:Skip shell extension 'dsv' for command environment
[6.756s] DEBUG:colcon.colcon_core.event_handler.log_command:Invoking command in '/home/kinarast/robot_ws/build/src': /usr/bin/cmake /home/kinarast/robot_ws/src -DCMAKE_INSTALL_PREFIX=/home/kinarast/robot_ws/install/src
[11.578s] DEBUG:colcon.colcon_core.event_handler.log_command:Invoked command in '/home/kinarast/robot_ws/build/src' returned '0': /usr/bin/cmake /home/kinarast/robot_ws/src -DCMAKE_INSTALL_PREFIX=/home/kinarast/robot_ws/install/src
[11.580s] DEBUG:colcon.colcon_core.event_handler.log_command:Invoking command in '/home/kinarast/robot_ws/build/src': /usr/bin/cmake --build /home/kinarast/robot_ws/build/src -- -j8 -l8
[11.621s] DEBUG:colcon.colcon_core.event_handler.log_command:Invoked command in '/home/kinarast/robot_ws/build/src' returned '0': /usr/bin/cmake --build /home/kinarast/robot_ws/build/src -- -j8 -l8
[11.621s] WARNING:colcon.colcon_cmake.task.cmake.build:Could not run installation step for package 'src' because it has no 'install' target
[11.622s] Level 1:colcon.colcon_core.environment:create_environment_scripts_only(src)
[11.705s] Level 1:colcon.colcon_core.environment:checking '/home/kinarast/robot_ws/install/src' for CMake module files
[11.706s] Level 1:colcon.colcon_core.environment:checking '/home/kinarast/robot_ws/install/src' for CMake config files
[11.706s] Level 1:colcon.colcon_core.environment:checking '/home/kinarast/robot_ws/install/src/bin'
[11.706s] Level 1:colcon.colcon_core.environment:checking '/home/kinarast/robot_ws/install/src/lib/pkgconfig/src.pc'
[11.707s] Level 1:colcon.colcon_core.environment:checking '/home/kinarast/robot_ws/install/src/lib/python3.10/site-packages'
[11.707s] Level 1:colcon.colcon_core.environment:checking '/home/kinarast/robot_ws/install/src/bin'
[11.708s] INFO:colcon.colcon_core.shell:Creating package script '/home/kinarast/robot_ws/install/src/share/src/package.ps1'
[11.727s] INFO:colcon.colcon_core.shell:Creating package descriptor '/home/kinarast/robot_ws/install/src/share/src/package.dsv'
[11.752s] INFO:colcon.colcon_core.shell:Creating package script '/home/kinarast/robot_ws/install/src/share/src/package.sh'
[11.753s] INFO:colcon.colcon_core.shell:Creating package script '/home/kinarast/robot_ws/install/src/share/src/package.bash'
[11.780s] INFO:colcon.colcon_core.shell:Creating package script '/home/kinarast/robot_ws/install/src/share/src/package.zsh'
[11.781s] Level 1:colcon.colcon_core.environment:create_file_with_runtime_dependencies(/home/kinarast/robot_ws/install/src/share/colcon-core/packages/src)
[11.782s] DEBUG:colcon.colcon_parallel_executor.executor.parallel:closing loop
[11.782s] DEBUG:colcon.colcon_parallel_executor.executor.parallel:loop closed
[11.782s] DEBUG:colcon.colcon_parallel_executor.executor.parallel:run_until_complete finished with '0'
[11.782s] DEBUG:colcon.colcon_core.event_reactor:joining thread
[11.792s] INFO:colcon.colcon_core.plugin_system:Skipping extension 'colcon_notification.desktop_notification.terminal_notifier': Not used on non-Darwin systems
[11.792s] INFO:colcon.colcon_core.plugin_system:Skipping extension 'colcon_notification.desktop_notification.win32': Not used on non-Windows systems
[11.792s] INFO:colcon.colcon_notification.desktop_notification:Sending desktop notification using 'notify2'
[11.808s] DEBUG:colcon.colcon_core.event_reactor:joined thread
[11.809s] INFO:colcon.colcon_core.shell:Creating prefix script '/home/kinarast/robot_ws/install/local_setup.ps1'
[11.834s] INFO:colcon.colcon_core.shell:Creating prefix util module '/home/kinarast/robot_ws/install/_local_setup_util_ps1.py'
[11.863s] INFO:colcon.colcon_core.shell:Creating prefix chain script '/home/kinarast/robot_ws/install/setup.ps1'
[11.871s] INFO:colcon.colcon_core.shell:Creating prefix script '/home/kinarast/robot_ws/install/local_setup.sh'
[11.875s] INFO:colcon.colcon_core.shell:Creating prefix util module '/home/kinarast/robot_ws/install/_local_setup_util_sh.py'
[11.877s] INFO:colcon.colcon_core.shell:Creating prefix chain script '/home/kinarast/robot_ws/install/setup.sh'
[11.882s] INFO:colcon.colcon_core.shell:Creating prefix script '/home/kinarast/robot_ws/install/local_setup.bash'
[11.883s] INFO:colcon.colcon_core.shell:Creating prefix chain script '/home/kinarast/robot_ws/install/setup.bash'
[11.886s] INFO:colcon.colcon_core.shell:Creating prefix script '/home/kinarast/robot_ws/install/local_setup.zsh'
[11.888s] INFO:colcon.colcon_core.shell:Creating prefix chain script '/home/kinarast/robot_ws/install/setup.zsh'
