[0.023s] Invoking command in '/home/kinarast/robot_ws/build/robot_control': CMAKE_PREFIX_PATH=${CMAKE_PREFIX_PATH}:/home/kinarast/test1_ws/install/my_robot_vision:/home/kinarast/ros2_ws/install/my_robot_vision:/opt/ros/humble /usr/bin/cmake /home/kinarast/robot_ws/src/robot_control -DAMENT_CMAKE_SYMLINK_INSTALL=1 -DCMAKE_INSTALL_PREFIX=/home/kinarast/robot_ws/install/robot_control
[0.105s] -- The C compiler identification is GNU 11.4.0
[0.245s] -- The CXX compiler identification is GNU 11.4.0
[0.259s] -- Detecting C compiler ABI info
[0.380s] -- Detecting C compiler ABI info - done
[0.394s] -- Check for working C compiler: /usr/bin/cc - skipped
[0.395s] -- Detecting C compile features
[0.395s] -- Detecting C compile features - done
[0.401s] -- Detecting CXX compiler ABI info
[0.565s] -- Detecting CXX compiler ABI info - done
[0.588s] -- Check for working CXX compiler: /usr/bin/c++ - skipped
[0.589s] -- Detecting CXX compile features
[0.590s] -- Detecting CXX compile features - done
[0.596s] -- Found ament_cmake: 1.3.11 (/opt/ros/humble/share/ament_cmake/cmake)
[0.863s] -- Found Python3: /usr/bin/python3 (found version "3.10.12") found components: Interpreter 
[0.960s] -- Override CMake install command with custom implementation using symlinks instead of copying resources
[0.998s] -- Found rclpy: 3.3.15 (/opt/ros/humble/share/rclpy/cmake)
[1.000s] -- Found sensor_msgs: 4.2.4 (/opt/ros/humble/share/sensor_msgs/cmake)
[1.086s] -- Found rosidl_generator_c: 3.1.6 (/opt/ros/humble/share/rosidl_generator_c/cmake)
[1.093s] -- Found rosidl_adapter: 3.1.6 (/opt/ros/humble/share/rosidl_adapter/cmake)
[1.106s] -- Found rosidl_generator_cpp: 3.1.6 (/opt/ros/humble/share/rosidl_generator_cpp/cmake)
[1.124s] -- Using all available rosidl_typesupport_c: rosidl_typesupport_fastrtps_c;rosidl_typesupport_introspection_c
[1.150s] -- Using all available rosidl_typesupport_cpp: rosidl_typesupport_fastrtps_cpp;rosidl_typesupport_introspection_cpp
[1.258s] -- Found cv_bridge: 3.2.1 (/opt/ros/humble/share/cv_bridge/cmake)
[1.279s] -- Found OpenCV: /usr (found version "4.5.4") 
[1.379s] -- Configuring done
[1.386s] -- Generating done
[1.389s] -- Build files have been written to: /home/kinarast/robot_ws/build/robot_control
[1.422s] Invoked command in '/home/kinarast/robot_ws/build/robot_control' returned '0': CMAKE_PREFIX_PATH=${CMAKE_PREFIX_PATH}:/home/kinarast/test1_ws/install/my_robot_vision:/home/kinarast/ros2_ws/install/my_robot_vision:/opt/ros/humble /usr/bin/cmake /home/kinarast/robot_ws/src/robot_control -DAMENT_CMAKE_SYMLINK_INSTALL=1 -DCMAKE_INSTALL_PREFIX=/home/kinarast/robot_ws/install/robot_control
[1.426s] Invoking command in '/home/kinarast/robot_ws/build/robot_control': CMAKE_PREFIX_PATH=${CMAKE_PREFIX_PATH}:/home/kinarast/test1_ws/install/my_robot_vision:/home/kinarast/ros2_ws/install/my_robot_vision:/opt/ros/humble /usr/bin/cmake --build /home/kinarast/robot_ws/build/robot_control -- -j8 -l8
[1.481s] Invoked command in '/home/kinarast/robot_ws/build/robot_control' returned '0': CMAKE_PREFIX_PATH=${CMAKE_PREFIX_PATH}:/home/kinarast/test1_ws/install/my_robot_vision:/home/kinarast/ros2_ws/install/my_robot_vision:/opt/ros/humble /usr/bin/cmake --build /home/kinarast/robot_ws/build/robot_control -- -j8 -l8
[1.484s] Invoking command in '/home/kinarast/robot_ws/build/robot_control': CMAKE_PREFIX_PATH=${CMAKE_PREFIX_PATH}:/home/kinarast/test1_ws/install/my_robot_vision:/home/kinarast/ros2_ws/install/my_robot_vision:/opt/ros/humble /usr/bin/cmake --install /home/kinarast/robot_ws/build/robot_control
[1.495s] -- Install configuration: ""
[1.495s] -- Execute custom install script
[1.496s] -- Symlinking: /home/kinarast/robot_ws/install/robot_control/lib/robot_control/src/movement_control.py
[1.509s] -- Symlinking: /home/kinarast/robot_ws/install/robot_control/lib/robot_control/src/object_detection.py
[1.522s] -- Symlinking: /home/kinarast/robot_ws/install/robot_control/lib/robot_control/src/pid_controller.py
[1.537s] -- Symlinking: /home/kinarast/robot_ws/install/robot_control/share/robot_control/launch/launch/control.launch.py
[1.550s] -- Symlinking: /home/kinarast/robot_ws/install/robot_control/lib/robot_control/object_detection.py
[1.564s] -- Symlinking: /home/kinarast/robot_ws/install/robot_control/lib/robot_control/pid_controller.py
[1.575s] -- Symlinking: /home/kinarast/robot_ws/install/robot_control/lib/robot_control/movement_control.py
[1.587s] -- Symlinking: /home/kinarast/robot_ws/install/robot_control/share/ament_index/resource_index/package_run_dependencies/robot_control
[1.598s] -- Symlinking: /home/kinarast/robot_ws/install/robot_control/share/ament_index/resource_index/parent_prefix_path/robot_control
[1.611s] -- Symlinking: /home/kinarast/robot_ws/install/robot_control/share/robot_control/environment/ament_prefix_path.sh
[1.623s] -- Symlinking: /home/kinarast/robot_ws/install/robot_control/share/robot_control/environment/ament_prefix_path.dsv
[1.638s] -- Symlinking: /home/kinarast/robot_ws/install/robot_control/share/robot_control/environment/path.sh
[1.651s] -- Symlinking: /home/kinarast/robot_ws/install/robot_control/share/robot_control/environment/path.dsv
[1.663s] -- Symlinking: /home/kinarast/robot_ws/install/robot_control/share/robot_control/local_setup.bash
[1.674s] -- Symlinking: /home/kinarast/robot_ws/install/robot_control/share/robot_control/local_setup.sh
[1.686s] -- Symlinking: /home/kinarast/robot_ws/install/robot_control/share/robot_control/local_setup.zsh
[1.698s] -- Symlinking: /home/kinarast/robot_ws/install/robot_control/share/robot_control/local_setup.dsv
[1.711s] -- Symlinking: /home/kinarast/robot_ws/install/robot_control/share/robot_control/package.dsv
[1.724s] -- Symlinking: /home/kinarast/robot_ws/install/robot_control/share/ament_index/resource_index/packages/robot_control
[1.739s] -- Symlinking: /home/kinarast/robot_ws/install/robot_control/share/robot_control/cmake/robot_controlConfig.cmake
[1.753s] -- Symlinking: /home/kinarast/robot_ws/install/robot_control/share/robot_control/cmake/robot_controlConfig-version.cmake
[1.766s] -- Symlinking: /home/kinarast/robot_ws/install/robot_control/share/robot_control/package.xml
[1.782s] Invoked command in '/home/kinarast/robot_ws/build/robot_control' returned '0': CMAKE_PREFIX_PATH=${CMAKE_PREFIX_PATH}:/home/kinarast/test1_ws/install/my_robot_vision:/home/kinarast/ros2_ws/install/my_robot_vision:/opt/ros/humble /usr/bin/cmake --install /home/kinarast/robot_ws/build/robot_control
