[0.147s] DEBUG:colcon:Command line arguments: ['/usr/bin/colcon', 'build', '--symlink-install']
[0.147s] DEBUG:colcon:Parsed command line arguments: Namespace(log_base=None, log_level=None, verb_name='build', build_base='build', install_base='install', merge_install=False, symlink_install=True, test_result_base=None, continue_on_error=False, executor='parallel', parallel_workers=8, event_handlers=None, ignore_user_meta=False, metas=['./colcon.meta'], base_paths=['.'], packages_ignore=None, packages_ignore_regex=None, paths=None, packages_up_to=None, packages_up_to_regex=None, packages_above=None, packages_above_and_dependencies=None, packages_above_depth=None, packages_select_by_dep=None, packages_skip_by_dep=None, packages_skip_up_to=None, packages_select_build_failed=False, packages_skip_build_finished=False, packages_select_test_failures=False, packages_skip_test_passed=False, packages_select=None, packages_skip=None, packages_select_regex=None, packages_skip_regex=None, packages_start=None, packages_end=None, allow_overriding=[], cmake_args=None, cmake_target=None, cmake_target_skip_unavailable=False, cmake_clean_cache=False, cmake_clean_first=False, cmake_force_configure=False, ament_cmake_args=None, catkin_cmake_args=None, catkin_skip_building_tests=False, mixin_files=None, mixin=None, verb_parser=<colcon_mixin.mixin.mixin_argument.MixinArgumentDecorator object at 0x7055177a8370>, verb_extension=<colcon_core.verb.build.BuildVerb object at 0x70551777fdc0>, main=<bound method BuildVerb.main of <colcon_core.verb.build.BuildVerb object at 0x70551777fdc0>>, mixin_verb=('build',))
[0.440s] Level 1:colcon.colcon_core.package_discovery:discover_packages(colcon_meta) check parameters
[0.440s] Level 1:colcon.colcon_core.package_discovery:discover_packages(recursive) check parameters
[0.440s] Level 1:colcon.colcon_core.package_discovery:discover_packages(ignore) check parameters
[0.440s] Level 1:colcon.colcon_core.package_discovery:discover_packages(path) check parameters
[0.440s] Level 1:colcon.colcon_core.package_discovery:discover_packages(colcon_meta) discover
[0.440s] Level 1:colcon.colcon_core.package_discovery:discover_packages(recursive) discover
[0.441s] INFO:colcon.colcon_core.package_discovery:Crawling recursively for packages in '/home/kinarast/robot_ws'
[0.441s] Level 1:colcon.colcon_core.package_identification:_identify(.) by extensions ['ignore', 'ignore_ament_install']
[0.441s] Level 1:colcon.colcon_core.package_identification:_identify(.) by extension 'ignore'
[0.441s] Level 1:colcon.colcon_core.package_identification:_identify(.) by extension 'ignore_ament_install'
[0.441s] Level 1:colcon.colcon_core.package_identification:_identify(.) by extensions ['colcon_pkg']
[0.441s] Level 1:colcon.colcon_core.package_identification:_identify(.) by extension 'colcon_pkg'
[0.441s] Level 1:colcon.colcon_core.package_identification:_identify(.) by extensions ['colcon_meta']
[0.441s] Level 1:colcon.colcon_core.package_identification:_identify(.) by extension 'colcon_meta'
[0.441s] Level 1:colcon.colcon_core.package_identification:_identify(.) by extensions ['ros']
[0.441s] Level 1:colcon.colcon_core.package_identification:_identify(.) by extension 'ros'
[0.468s] Level 1:colcon.colcon_core.package_identification:_identify(.) by extensions ['cmake', 'python']
[0.468s] Level 1:colcon.colcon_core.package_identification:_identify(.) by extension 'cmake'
[0.469s] Level 1:colcon.colcon_core.package_identification:_identify(.) by extension 'python'
[0.469s] Level 1:colcon.colcon_core.package_identification:_identify(.) by extensions ['python_setup_py']
[0.469s] Level 1:colcon.colcon_core.package_identification:_identify(.) by extension 'python_setup_py'
[0.469s] Level 1:colcon.colcon_core.package_identification:_identify(build) by extensions ['ignore', 'ignore_ament_install']
[0.469s] Level 1:colcon.colcon_core.package_identification:_identify(build) by extension 'ignore'
[0.469s] Level 1:colcon.colcon_core.package_identification:_identify(build) ignored
[0.469s] Level 1:colcon.colcon_core.package_identification:_identify(install) by extensions ['ignore', 'ignore_ament_install']
[0.469s] Level 1:colcon.colcon_core.package_identification:_identify(install) by extension 'ignore'
[0.469s] Level 1:colcon.colcon_core.package_identification:_identify(install) ignored
[0.470s] Level 1:colcon.colcon_core.package_identification:_identify(log) by extensions ['ignore', 'ignore_ament_install']
[0.470s] Level 1:colcon.colcon_core.package_identification:_identify(log) by extension 'ignore'
[0.470s] Level 1:colcon.colcon_core.package_identification:_identify(log) ignored
[0.470s] Level 1:colcon.colcon_core.package_identification:_identify(src) by extensions ['ignore', 'ignore_ament_install']
[0.470s] Level 1:colcon.colcon_core.package_identification:_identify(src) by extension 'ignore'
[0.470s] Level 1:colcon.colcon_core.package_identification:_identify(src) by extension 'ignore_ament_install'
[0.470s] Level 1:colcon.colcon_core.package_identification:_identify(src) by extensions ['colcon_pkg']
[0.470s] Level 1:colcon.colcon_core.package_identification:_identify(src) by extension 'colcon_pkg'
[0.470s] Level 1:colcon.colcon_core.package_identification:_identify(src) by extensions ['colcon_meta']
[0.470s] Level 1:colcon.colcon_core.package_identification:_identify(src) by extension 'colcon_meta'
[0.471s] Level 1:colcon.colcon_core.package_identification:_identify(src) by extensions ['ros']
[0.471s] Level 1:colcon.colcon_core.package_identification:_identify(src) by extension 'ros'
[0.471s] Level 1:colcon.colcon_core.package_identification:_identify(src) by extensions ['cmake', 'python']
[0.471s] Level 1:colcon.colcon_core.package_identification:_identify(src) by extension 'cmake'
[0.471s] Level 1:colcon.colcon_core.package_identification:_identify(src) by extension 'python'
[0.471s] Level 1:colcon.colcon_core.package_identification:_identify(src) by extensions ['python_setup_py']
[0.471s] Level 1:colcon.colcon_core.package_identification:_identify(src) by extension 'python_setup_py'
[0.471s] Level 1:colcon.colcon_core.package_identification:_identify(src/plate) by extensions ['ignore', 'ignore_ament_install']
[0.471s] Level 1:colcon.colcon_core.package_identification:_identify(src/plate) by extension 'ignore'
[0.471s] Level 1:colcon.colcon_core.package_identification:_identify(src/plate) by extension 'ignore_ament_install'
[0.471s] Level 1:colcon.colcon_core.package_identification:_identify(src/plate) by extensions ['colcon_pkg']
[0.471s] Level 1:colcon.colcon_core.package_identification:_identify(src/plate) by extension 'colcon_pkg'
[0.472s] Level 1:colcon.colcon_core.package_identification:_identify(src/plate) by extensions ['colcon_meta']
[0.472s] Level 1:colcon.colcon_core.package_identification:_identify(src/plate) by extension 'colcon_meta'
[0.472s] Level 1:colcon.colcon_core.package_identification:_identify(src/plate) by extensions ['ros']
[0.472s] Level 1:colcon.colcon_core.package_identification:_identify(src/plate) by extension 'ros'
[0.472s] Level 1:colcon.colcon_core.package_identification:_identify(src/plate) by extensions ['cmake', 'python']
[0.472s] Level 1:colcon.colcon_core.package_identification:_identify(src/plate) by extension 'cmake'
[0.472s] Level 1:colcon.colcon_core.package_identification:_identify(src/plate) by extension 'python'
[0.472s] Level 1:colcon.colcon_core.package_identification:_identify(src/plate) by extensions ['python_setup_py']
[0.472s] Level 1:colcon.colcon_core.package_identification:_identify(src/plate) by extension 'python_setup_py'
[0.472s] Level 1:colcon.colcon_core.package_identification:_identify(src/robot_control) by extensions ['ignore', 'ignore_ament_install']
[0.472s] Level 1:colcon.colcon_core.package_identification:_identify(src/robot_control) by extension 'ignore'
[0.472s] Level 1:colcon.colcon_core.package_identification:_identify(src/robot_control) by extension 'ignore_ament_install'
[0.472s] Level 1:colcon.colcon_core.package_identification:_identify(src/robot_control) by extensions ['colcon_pkg']
[0.473s] Level 1:colcon.colcon_core.package_identification:_identify(src/robot_control) by extension 'colcon_pkg'
[0.473s] Level 1:colcon.colcon_core.package_identification:_identify(src/robot_control) by extensions ['colcon_meta']
[0.473s] Level 1:colcon.colcon_core.package_identification:_identify(src/robot_control) by extension 'colcon_meta'
[0.473s] Level 1:colcon.colcon_core.package_identification:_identify(src/robot_control) by extensions ['ros']
[0.473s] Level 1:colcon.colcon_core.package_identification:_identify(src/robot_control) by extension 'ros'
[0.477s] DEBUG:colcon.colcon_core.package_identification:Package 'src/robot_control' with type 'ros.ament_cmake' and name 'robot_control'
[0.477s] Level 1:colcon.colcon_core.package_identification:_identify(src/robot_description) by extensions ['ignore', 'ignore_ament_install']
[0.477s] Level 1:colcon.colcon_core.package_identification:_identify(src/robot_description) by extension 'ignore'
[0.477s] Level 1:colcon.colcon_core.package_identification:_identify(src/robot_description) by extension 'ignore_ament_install'
[0.477s] Level 1:colcon.colcon_core.package_identification:_identify(src/robot_description) by extensions ['colcon_pkg']
[0.478s] Level 1:colcon.colcon_core.package_identification:_identify(src/robot_description) by extension 'colcon_pkg'
[0.478s] Level 1:colcon.colcon_core.package_identification:_identify(src/robot_description) by extensions ['colcon_meta']
[0.478s] Level 1:colcon.colcon_core.package_identification:_identify(src/robot_description) by extension 'colcon_meta'
[0.478s] Level 1:colcon.colcon_core.package_identification:_identify(src/robot_description) by extensions ['ros']
[0.478s] Level 1:colcon.colcon_core.package_identification:_identify(src/robot_description) by extension 'ros'
[0.479s] DEBUG:colcon.colcon_core.package_identification:Package 'src/robot_description' with type 'ros.ament_cmake' and name 'robot_description'
[0.479s] Level 1:colcon.colcon_core.package_identification:_identify(src/robot_navigation) by extensions ['ignore', 'ignore_ament_install']
[0.479s] Level 1:colcon.colcon_core.package_identification:_identify(src/robot_navigation) by extension 'ignore'
[0.479s] Level 1:colcon.colcon_core.package_identification:_identify(src/robot_navigation) by extension 'ignore_ament_install'
[0.480s] Level 1:colcon.colcon_core.package_identification:_identify(src/robot_navigation) by extensions ['colcon_pkg']
[0.480s] Level 1:colcon.colcon_core.package_identification:_identify(src/robot_navigation) by extension 'colcon_pkg'
[0.480s] Level 1:colcon.colcon_core.package_identification:_identify(src/robot_navigation) by extensions ['colcon_meta']
[0.480s] Level 1:colcon.colcon_core.package_identification:_identify(src/robot_navigation) by extension 'colcon_meta'
[0.480s] Level 1:colcon.colcon_core.package_identification:_identify(src/robot_navigation) by extensions ['ros']
[0.480s] Level 1:colcon.colcon_core.package_identification:_identify(src/robot_navigation) by extension 'ros'
[0.481s] DEBUG:colcon.colcon_core.package_identification:Package 'src/robot_navigation' with type 'ros.ament_cmake' and name 'robot_navigation'
[0.481s] Level 1:colcon.colcon_core.package_discovery:discover_packages(recursive) using defaults
[0.481s] Level 1:colcon.colcon_core.package_discovery:discover_packages(ignore) discover
[0.481s] Level 1:colcon.colcon_core.package_discovery:discover_packages(ignore) using defaults
[0.481s] Level 1:colcon.colcon_core.package_discovery:discover_packages(path) discover
[0.481s] Level 1:colcon.colcon_core.package_discovery:discover_packages(path) using defaults
[0.528s] Level 1:colcon.colcon_core.package_discovery:discover_packages(prefix_path) check parameters
[0.528s] Level 1:colcon.colcon_core.package_discovery:discover_packages(prefix_path) discover
[0.533s] DEBUG:colcon.colcon_installed_package_information.package_discovery:Found 3 installed packages in /home/kinarast/robot_ws/install
[0.535s] DEBUG:colcon.colcon_installed_package_information.package_discovery:Found 3 installed packages in /home/kinarast/test1_ws/install
[0.536s] DEBUG:colcon.colcon_installed_package_information.package_discovery:Found 1 installed packages in /home/kinarast/ros2_ws/install
[0.540s] DEBUG:colcon.colcon_installed_package_information.package_discovery:Found 293 installed packages in /opt/ros/humble
[0.543s] Level 1:colcon.colcon_core.package_discovery:discover_packages(prefix_path) using defaults
[0.626s] Level 5:colcon.colcon_core.verb:set package 'robot_control' build argument 'cmake_args' from command line to 'None'
[0.626s] Level 5:colcon.colcon_core.verb:set package 'robot_control' build argument 'cmake_target' from command line to 'None'
[0.626s] Level 5:colcon.colcon_core.verb:set package 'robot_control' build argument 'cmake_target_skip_unavailable' from command line to 'False'
[0.626s] Level 5:colcon.colcon_core.verb:set package 'robot_control' build argument 'cmake_clean_cache' from command line to 'False'
[0.626s] Level 5:colcon.colcon_core.verb:set package 'robot_control' build argument 'cmake_clean_first' from command line to 'False'
[0.626s] Level 5:colcon.colcon_core.verb:set package 'robot_control' build argument 'cmake_force_configure' from command line to 'False'
[0.626s] Level 5:colcon.colcon_core.verb:set package 'robot_control' build argument 'ament_cmake_args' from command line to 'None'
[0.626s] Level 5:colcon.colcon_core.verb:set package 'robot_control' build argument 'catkin_cmake_args' from command line to 'None'
[0.626s] Level 5:colcon.colcon_core.verb:set package 'robot_control' build argument 'catkin_skip_building_tests' from command line to 'False'
[0.626s] DEBUG:colcon.colcon_core.verb:Building package 'robot_control' with the following arguments: {'ament_cmake_args': None, 'build_base': '/home/kinarast/robot_ws/build/robot_control', 'catkin_cmake_args': None, 'catkin_skip_building_tests': False, 'cmake_args': None, 'cmake_clean_cache': False, 'cmake_clean_first': False, 'cmake_force_configure': False, 'cmake_target': None, 'cmake_target_skip_unavailable': False, 'install_base': '/home/kinarast/robot_ws/install/robot_control', 'merge_install': False, 'path': '/home/kinarast/robot_ws/src/robot_control', 'symlink_install': True, 'test_result_base': None}
[0.627s] Level 5:colcon.colcon_core.verb:set package 'robot_description' build argument 'cmake_args' from command line to 'None'
[0.627s] Level 5:colcon.colcon_core.verb:set package 'robot_description' build argument 'cmake_target' from command line to 'None'
[0.627s] Level 5:colcon.colcon_core.verb:set package 'robot_description' build argument 'cmake_target_skip_unavailable' from command line to 'False'
[0.627s] Level 5:colcon.colcon_core.verb:set package 'robot_description' build argument 'cmake_clean_cache' from command line to 'False'
[0.627s] Level 5:colcon.colcon_core.verb:set package 'robot_description' build argument 'cmake_clean_first' from command line to 'False'
[0.627s] Level 5:colcon.colcon_core.verb:set package 'robot_description' build argument 'cmake_force_configure' from command line to 'False'
[0.627s] Level 5:colcon.colcon_core.verb:set package 'robot_description' build argument 'ament_cmake_args' from command line to 'None'
[0.627s] Level 5:colcon.colcon_core.verb:set package 'robot_description' build argument 'catkin_cmake_args' from command line to 'None'
[0.627s] Level 5:colcon.colcon_core.verb:set package 'robot_description' build argument 'catkin_skip_building_tests' from command line to 'False'
[0.627s] DEBUG:colcon.colcon_core.verb:Building package 'robot_description' with the following arguments: {'ament_cmake_args': None, 'build_base': '/home/kinarast/robot_ws/build/robot_description', 'catkin_cmake_args': None, 'catkin_skip_building_tests': False, 'cmake_args': None, 'cmake_clean_cache': False, 'cmake_clean_first': False, 'cmake_force_configure': False, 'cmake_target': None, 'cmake_target_skip_unavailable': False, 'install_base': '/home/kinarast/robot_ws/install/robot_description', 'merge_install': False, 'path': '/home/kinarast/robot_ws/src/robot_description', 'symlink_install': True, 'test_result_base': None}
[0.627s] Level 5:colcon.colcon_core.verb:set package 'robot_navigation' build argument 'cmake_args' from command line to 'None'
[0.627s] Level 5:colcon.colcon_core.verb:set package 'robot_navigation' build argument 'cmake_target' from command line to 'None'
[0.627s] Level 5:colcon.colcon_core.verb:set package 'robot_navigation' build argument 'cmake_target_skip_unavailable' from command line to 'False'
[0.627s] Level 5:colcon.colcon_core.verb:set package 'robot_navigation' build argument 'cmake_clean_cache' from command line to 'False'
[0.627s] Level 5:colcon.colcon_core.verb:set package 'robot_navigation' build argument 'cmake_clean_first' from command line to 'False'
[0.627s] Level 5:colcon.colcon_core.verb:set package 'robot_navigation' build argument 'cmake_force_configure' from command line to 'False'
[0.627s] Level 5:colcon.colcon_core.verb:set package 'robot_navigation' build argument 'ament_cmake_args' from command line to 'None'
[0.627s] Level 5:colcon.colcon_core.verb:set package 'robot_navigation' build argument 'catkin_cmake_args' from command line to 'None'
[0.627s] Level 5:colcon.colcon_core.verb:set package 'robot_navigation' build argument 'catkin_skip_building_tests' from command line to 'False'
[0.627s] DEBUG:colcon.colcon_core.verb:Building package 'robot_navigation' with the following arguments: {'ament_cmake_args': None, 'build_base': '/home/kinarast/robot_ws/build/robot_navigation', 'catkin_cmake_args': None, 'catkin_skip_building_tests': False, 'cmake_args': None, 'cmake_clean_cache': False, 'cmake_clean_first': False, 'cmake_force_configure': False, 'cmake_target': None, 'cmake_target_skip_unavailable': False, 'install_base': '/home/kinarast/robot_ws/install/robot_navigation', 'merge_install': False, 'path': '/home/kinarast/robot_ws/src/robot_navigation', 'symlink_install': True, 'test_result_base': None}
[0.628s] INFO:colcon.colcon_core.executor:Executing jobs using 'parallel' executor
[0.629s] DEBUG:colcon.colcon_parallel_executor.executor.parallel:run_until_complete
[0.629s] INFO:colcon.colcon_ros.task.ament_cmake.build:Building ROS package in '/home/kinarast/robot_ws/src/robot_control' with build type 'ament_cmake'
[0.629s] INFO:colcon.colcon_cmake.task.cmake.build:Building CMake package in '/home/kinarast/robot_ws/src/robot_control'
[0.631s] INFO:colcon.colcon_core.plugin_system:Skipping extension 'colcon_core.shell.bat': Not used on non-Windows systems
[0.631s] INFO:colcon.colcon_core.shell:Skip shell extension 'powershell' for command environment: Not usable outside of PowerShell
[0.631s] DEBUG:colcon.colcon_core.shell:Skip shell extension 'dsv' for command environment
[0.637s] INFO:colcon.colcon_ros.task.ament_cmake.build:Building ROS package in '/home/kinarast/robot_ws/src/robot_description' with build type 'ament_cmake'
[0.637s] INFO:colcon.colcon_cmake.task.cmake.build:Building CMake package in '/home/kinarast/robot_ws/src/robot_description'
[0.637s] INFO:colcon.colcon_core.shell:Skip shell extension 'powershell' for command environment: Not usable outside of PowerShell
[0.637s] DEBUG:colcon.colcon_core.shell:Skip shell extension 'dsv' for command environment
[0.643s] INFO:colcon.colcon_ros.task.ament_cmake.build:Building ROS package in '/home/kinarast/robot_ws/src/robot_navigation' with build type 'ament_cmake'
[0.643s] INFO:colcon.colcon_cmake.task.cmake.build:Building CMake package in '/home/kinarast/robot_ws/src/robot_navigation'
[0.644s] INFO:colcon.colcon_core.shell:Skip shell extension 'powershell' for command environment: Not usable outside of PowerShell
[0.644s] DEBUG:colcon.colcon_core.shell:Skip shell extension 'dsv' for command environment
[0.657s] DEBUG:colcon.colcon_core.event_handler.log_command:Invoking command in '/home/kinarast/robot_ws/build/robot_control': CMAKE_PREFIX_PATH=${CMAKE_PREFIX_PATH}:/home/kinarast/test1_ws/install/my_robot_vision:/home/kinarast/ros2_ws/install/my_robot_vision:/opt/ros/humble DEBUGINFOD_URLS=https://debuginfod.ubuntu.com /usr/bin/cmake --build /home/kinarast/robot_ws/build/robot_control -- -j8 -l8
[0.663s] DEBUG:colcon.colcon_core.event_handler.log_command:Invoking command in '/home/kinarast/robot_ws/build/robot_description': CMAKE_PREFIX_PATH=${CMAKE_PREFIX_PATH}:/home/kinarast/test1_ws/install/my_robot_vision:/home/kinarast/ros2_ws/install/my_robot_vision:/opt/ros/humble DEBUGINFOD_URLS=https://debuginfod.ubuntu.com /usr/bin/cmake --build /home/kinarast/robot_ws/build/robot_description -- -j8 -l8
[0.672s] DEBUG:colcon.colcon_core.event_handler.log_command:Invoking command in '/home/kinarast/robot_ws/build/robot_navigation': CMAKE_PREFIX_PATH=${CMAKE_PREFIX_PATH}:/home/kinarast/test1_ws/install/my_robot_vision:/home/kinarast/ros2_ws/install/my_robot_vision:/opt/ros/humble DEBUGINFOD_URLS=https://debuginfod.ubuntu.com /usr/bin/cmake --build /home/kinarast/robot_ws/build/robot_navigation -- -j8 -l8
[0.721s] DEBUG:colcon.colcon_core.event_handler.log_command:Invoked command in '/home/kinarast/robot_ws/build/robot_control' returned '0': CMAKE_PREFIX_PATH=${CMAKE_PREFIX_PATH}:/home/kinarast/test1_ws/install/my_robot_vision:/home/kinarast/ros2_ws/install/my_robot_vision:/opt/ros/humble DEBUGINFOD_URLS=https://debuginfod.ubuntu.com /usr/bin/cmake --build /home/kinarast/robot_ws/build/robot_control -- -j8 -l8
[0.738s] DEBUG:colcon.colcon_core.event_handler.log_command:Invoking command in '/home/kinarast/robot_ws/build/robot_control': CMAKE_PREFIX_PATH=${CMAKE_PREFIX_PATH}:/home/kinarast/test1_ws/install/my_robot_vision:/home/kinarast/ros2_ws/install/my_robot_vision:/opt/ros/humble DEBUGINFOD_URLS=https://debuginfod.ubuntu.com /usr/bin/cmake --install /home/kinarast/robot_ws/build/robot_control
[0.740s] DEBUG:colcon.colcon_core.event_handler.log_command:Invoked command in '/home/kinarast/robot_ws/build/robot_description' returned '0': CMAKE_PREFIX_PATH=${CMAKE_PREFIX_PATH}:/home/kinarast/test1_ws/install/my_robot_vision:/home/kinarast/ros2_ws/install/my_robot_vision:/opt/ros/humble DEBUGINFOD_URLS=https://debuginfod.ubuntu.com /usr/bin/cmake --build /home/kinarast/robot_ws/build/robot_description -- -j8 -l8
[0.743s] DEBUG:colcon.colcon_core.event_handler.log_command:Invoking command in '/home/kinarast/robot_ws/build/robot_description': CMAKE_PREFIX_PATH=${CMAKE_PREFIX_PATH}:/home/kinarast/test1_ws/install/my_robot_vision:/home/kinarast/ros2_ws/install/my_robot_vision:/opt/ros/humble DEBUGINFOD_URLS=https://debuginfod.ubuntu.com /usr/bin/cmake --install /home/kinarast/robot_ws/build/robot_description
[0.744s] DEBUG:colcon.colcon_core.event_handler.log_command:Invoked command in '/home/kinarast/robot_ws/build/robot_navigation' returned '0': CMAKE_PREFIX_PATH=${CMAKE_PREFIX_PATH}:/home/kinarast/test1_ws/install/my_robot_vision:/home/kinarast/ros2_ws/install/my_robot_vision:/opt/ros/humble DEBUGINFOD_URLS=https://debuginfod.ubuntu.com /usr/bin/cmake --build /home/kinarast/robot_ws/build/robot_navigation -- -j8 -l8
[0.747s] DEBUG:colcon.colcon_core.event_handler.log_command:Invoking command in '/home/kinarast/robot_ws/build/robot_navigation': CMAKE_PREFIX_PATH=${CMAKE_PREFIX_PATH}:/home/kinarast/test1_ws/install/my_robot_vision:/home/kinarast/ros2_ws/install/my_robot_vision:/opt/ros/humble DEBUGINFOD_URLS=https://debuginfod.ubuntu.com /usr/bin/cmake --install /home/kinarast/robot_ws/build/robot_navigation
[0.775s] Level 1:colcon.colcon_core.environment:create_environment_scripts_only(robot_control)
[0.776s] DEBUG:colcon.colcon_core.event_handler.log_command:Invoked command in '/home/kinarast/robot_ws/build/robot_control' returned '0': CMAKE_PREFIX_PATH=${CMAKE_PREFIX_PATH}:/home/kinarast/test1_ws/install/my_robot_vision:/home/kinarast/ros2_ws/install/my_robot_vision:/opt/ros/humble DEBUGINFOD_URLS=https://debuginfod.ubuntu.com /usr/bin/cmake --install /home/kinarast/robot_ws/build/robot_control
[0.782s] Level 1:colcon.colcon_core.environment:checking '/home/kinarast/robot_ws/install/robot_control' for CMake module files
[0.783s] Level 1:colcon.colcon_core.environment:checking '/home/kinarast/robot_ws/install/robot_control' for CMake config files
[0.783s] Level 1:colcon.colcon_core.shell:create_environment_hook('robot_control', 'cmake_prefix_path')
[0.784s] INFO:colcon.colcon_core.shell:Creating environment hook '/home/kinarast/robot_ws/install/robot_control/share/robot_control/hook/cmake_prefix_path.ps1'
[0.785s] INFO:colcon.colcon_core.shell:Creating environment descriptor '/home/kinarast/robot_ws/install/robot_control/share/robot_control/hook/cmake_prefix_path.dsv'
[0.787s] INFO:colcon.colcon_core.shell:Creating environment hook '/home/kinarast/robot_ws/install/robot_control/share/robot_control/hook/cmake_prefix_path.sh'
[0.788s] Level 1:colcon.colcon_core.environment:checking '/home/kinarast/robot_ws/install/robot_control/lib'
[0.789s] Level 1:colcon.colcon_core.environment:checking '/home/kinarast/robot_ws/install/robot_control/bin'
[0.789s] Level 1:colcon.colcon_core.environment:checking '/home/kinarast/robot_ws/install/robot_control/lib/pkgconfig/robot_control.pc'
[0.789s] Level 1:colcon.colcon_core.environment:checking '/home/kinarast/robot_ws/install/robot_control/lib/python3.10/site-packages'
[0.789s] Level 1:colcon.colcon_core.environment:checking '/home/kinarast/robot_ws/install/robot_control/bin'
[0.790s] INFO:colcon.colcon_core.shell:Creating package script '/home/kinarast/robot_ws/install/robot_control/share/robot_control/package.ps1'
[0.791s] INFO:colcon.colcon_core.shell:Creating package descriptor '/home/kinarast/robot_ws/install/robot_control/share/robot_control/package.dsv'
[0.792s] INFO:colcon.colcon_core.shell:Creating package script '/home/kinarast/robot_ws/install/robot_control/share/robot_control/package.sh'
[0.793s] INFO:colcon.colcon_core.shell:Creating package script '/home/kinarast/robot_ws/install/robot_control/share/robot_control/package.bash'
[0.794s] INFO:colcon.colcon_core.shell:Creating package script '/home/kinarast/robot_ws/install/robot_control/share/robot_control/package.zsh'
[0.796s] Level 1:colcon.colcon_core.environment:create_file_with_runtime_dependencies(/home/kinarast/robot_ws/install/robot_control/share/colcon-core/packages/robot_control)
[0.796s] Level 1:colcon.colcon_core.environment:create_environment_scripts_only(robot_control)
[0.797s] Level 1:colcon.colcon_core.environment:checking '/home/kinarast/robot_ws/install/robot_control' for CMake module files
[0.797s] Level 1:colcon.colcon_core.environment:checking '/home/kinarast/robot_ws/install/robot_control' for CMake config files
[0.798s] Level 1:colcon.colcon_core.shell:create_environment_hook('robot_control', 'cmake_prefix_path')
[0.798s] INFO:colcon.colcon_core.shell:Creating environment hook '/home/kinarast/robot_ws/install/robot_control/share/robot_control/hook/cmake_prefix_path.ps1'
[0.799s] INFO:colcon.colcon_core.shell:Creating environment descriptor '/home/kinarast/robot_ws/install/robot_control/share/robot_control/hook/cmake_prefix_path.dsv'
[0.799s] INFO:colcon.colcon_core.shell:Creating environment hook '/home/kinarast/robot_ws/install/robot_control/share/robot_control/hook/cmake_prefix_path.sh'
[0.801s] Level 1:colcon.colcon_core.environment:checking '/home/kinarast/robot_ws/install/robot_control/lib'
[0.801s] Level 1:colcon.colcon_core.environment:checking '/home/kinarast/robot_ws/install/robot_control/bin'
[0.801s] Level 1:colcon.colcon_core.environment:checking '/home/kinarast/robot_ws/install/robot_control/lib/pkgconfig/robot_control.pc'
[0.801s] Level 1:colcon.colcon_core.environment:checking '/home/kinarast/robot_ws/install/robot_control/lib/python3.10/site-packages'
[0.802s] Level 1:colcon.colcon_core.environment:checking '/home/kinarast/robot_ws/install/robot_control/bin'
[0.802s] INFO:colcon.colcon_core.shell:Creating package script '/home/kinarast/robot_ws/install/robot_control/share/robot_control/package.ps1'
[0.803s] INFO:colcon.colcon_core.shell:Creating package descriptor '/home/kinarast/robot_ws/install/robot_control/share/robot_control/package.dsv'
[0.804s] INFO:colcon.colcon_core.shell:Creating package script '/home/kinarast/robot_ws/install/robot_control/share/robot_control/package.sh'
[0.805s] INFO:colcon.colcon_core.shell:Creating package script '/home/kinarast/robot_ws/install/robot_control/share/robot_control/package.bash'
[0.806s] INFO:colcon.colcon_core.shell:Creating package script '/home/kinarast/robot_ws/install/robot_control/share/robot_control/package.zsh'
[0.806s] Level 1:colcon.colcon_core.environment:create_file_with_runtime_dependencies(/home/kinarast/robot_ws/install/robot_control/share/colcon-core/packages/robot_control)
[0.808s] Level 1:colcon.colcon_core.environment:create_environment_scripts_only(robot_description)
[0.808s] Level 1:colcon.colcon_core.environment:checking '/home/kinarast/robot_ws/install/robot_description' for CMake module files
[0.810s] DEBUG:colcon.colcon_core.event_handler.log_command:Invoked command in '/home/kinarast/robot_ws/build/robot_description' returned '0': CMAKE_PREFIX_PATH=${CMAKE_PREFIX_PATH}:/home/kinarast/test1_ws/install/my_robot_vision:/home/kinarast/ros2_ws/install/my_robot_vision:/opt/ros/humble DEBUGINFOD_URLS=https://debuginfod.ubuntu.com /usr/bin/cmake --install /home/kinarast/robot_ws/build/robot_description
[0.811s] Level 1:colcon.colcon_core.environment:checking '/home/kinarast/robot_ws/install/robot_description' for CMake config files
[0.811s] Level 1:colcon.colcon_core.shell:create_environment_hook('robot_description', 'cmake_prefix_path')
[0.812s] INFO:colcon.colcon_core.shell:Creating environment hook '/home/kinarast/robot_ws/install/robot_description/share/robot_description/hook/cmake_prefix_path.ps1'
[0.812s] INFO:colcon.colcon_core.shell:Creating environment descriptor '/home/kinarast/robot_ws/install/robot_description/share/robot_description/hook/cmake_prefix_path.dsv'
[0.813s] INFO:colcon.colcon_core.shell:Creating environment hook '/home/kinarast/robot_ws/install/robot_description/share/robot_description/hook/cmake_prefix_path.sh'
[0.813s] Level 1:colcon.colcon_core.environment:checking '/home/kinarast/robot_ws/install/robot_description/bin'
[0.814s] Level 1:colcon.colcon_core.environment:checking '/home/kinarast/robot_ws/install/robot_description/lib/pkgconfig/robot_description.pc'
[0.814s] Level 1:colcon.colcon_core.environment:checking '/home/kinarast/robot_ws/install/robot_description/lib/python3.10/site-packages'
[0.814s] Level 1:colcon.colcon_core.environment:checking '/home/kinarast/robot_ws/install/robot_description/bin'
[0.815s] INFO:colcon.colcon_core.shell:Creating package script '/home/kinarast/robot_ws/install/robot_description/share/robot_description/package.ps1'
[0.815s] INFO:colcon.colcon_core.shell:Creating package descriptor '/home/kinarast/robot_ws/install/robot_description/share/robot_description/package.dsv'
[0.816s] INFO:colcon.colcon_core.shell:Creating package script '/home/kinarast/robot_ws/install/robot_description/share/robot_description/package.sh'
[0.817s] INFO:colcon.colcon_core.shell:Creating package script '/home/kinarast/robot_ws/install/robot_description/share/robot_description/package.bash'
[0.817s] INFO:colcon.colcon_core.shell:Creating package script '/home/kinarast/robot_ws/install/robot_description/share/robot_description/package.zsh'
[0.818s] Level 1:colcon.colcon_core.environment:create_file_with_runtime_dependencies(/home/kinarast/robot_ws/install/robot_description/share/colcon-core/packages/robot_description)
[0.819s] Level 1:colcon.colcon_core.environment:create_environment_scripts_only(robot_description)
[0.819s] Level 1:colcon.colcon_core.environment:checking '/home/kinarast/robot_ws/install/robot_description' for CMake module files
[0.820s] Level 1:colcon.colcon_core.environment:checking '/home/kinarast/robot_ws/install/robot_description' for CMake config files
[0.821s] Level 1:colcon.colcon_core.shell:create_environment_hook('robot_description', 'cmake_prefix_path')
[0.821s] INFO:colcon.colcon_core.shell:Creating environment hook '/home/kinarast/robot_ws/install/robot_description/share/robot_description/hook/cmake_prefix_path.ps1'
[0.822s] INFO:colcon.colcon_core.shell:Creating environment descriptor '/home/kinarast/robot_ws/install/robot_description/share/robot_description/hook/cmake_prefix_path.dsv'
[0.822s] INFO:colcon.colcon_core.shell:Creating environment hook '/home/kinarast/robot_ws/install/robot_description/share/robot_description/hook/cmake_prefix_path.sh'
[0.823s] Level 1:colcon.colcon_core.environment:checking '/home/kinarast/robot_ws/install/robot_description/bin'
[0.823s] Level 1:colcon.colcon_core.environment:checking '/home/kinarast/robot_ws/install/robot_description/lib/pkgconfig/robot_description.pc'
[0.824s] Level 1:colcon.colcon_core.environment:checking '/home/kinarast/robot_ws/install/robot_description/lib/python3.10/site-packages'
[0.824s] Level 1:colcon.colcon_core.environment:checking '/home/kinarast/robot_ws/install/robot_description/bin'
[0.824s] INFO:colcon.colcon_core.shell:Creating package script '/home/kinarast/robot_ws/install/robot_description/share/robot_description/package.ps1'
[0.825s] INFO:colcon.colcon_core.shell:Creating package descriptor '/home/kinarast/robot_ws/install/robot_description/share/robot_description/package.dsv'
[0.826s] INFO:colcon.colcon_core.shell:Creating package script '/home/kinarast/robot_ws/install/robot_description/share/robot_description/package.sh'
[0.826s] INFO:colcon.colcon_core.shell:Creating package script '/home/kinarast/robot_ws/install/robot_description/share/robot_description/package.bash'
[0.827s] INFO:colcon.colcon_core.shell:Creating package script '/home/kinarast/robot_ws/install/robot_description/share/robot_description/package.zsh'
[0.827s] Level 1:colcon.colcon_core.environment:create_file_with_runtime_dependencies(/home/kinarast/robot_ws/install/robot_description/share/colcon-core/packages/robot_description)
[0.828s] Level 1:colcon.colcon_core.environment:create_environment_scripts_only(robot_navigation)
[0.828s] Level 1:colcon.colcon_core.environment:checking '/home/kinarast/robot_ws/install/robot_navigation' for CMake module files
[0.830s] DEBUG:colcon.colcon_core.event_handler.log_command:Invoked command in '/home/kinarast/robot_ws/build/robot_navigation' returned '0': CMAKE_PREFIX_PATH=${CMAKE_PREFIX_PATH}:/home/kinarast/test1_ws/install/my_robot_vision:/home/kinarast/ros2_ws/install/my_robot_vision:/opt/ros/humble DEBUGINFOD_URLS=https://debuginfod.ubuntu.com /usr/bin/cmake --install /home/kinarast/robot_ws/build/robot_navigation
[0.830s] Level 1:colcon.colcon_core.environment:checking '/home/kinarast/robot_ws/install/robot_navigation' for CMake config files
[0.831s] Level 1:colcon.colcon_core.shell:create_environment_hook('robot_navigation', 'cmake_prefix_path')
[0.831s] INFO:colcon.colcon_core.shell:Creating environment hook '/home/kinarast/robot_ws/install/robot_navigation/share/robot_navigation/hook/cmake_prefix_path.ps1'
[0.832s] INFO:colcon.colcon_core.shell:Creating environment descriptor '/home/kinarast/robot_ws/install/robot_navigation/share/robot_navigation/hook/cmake_prefix_path.dsv'
[0.832s] INFO:colcon.colcon_core.shell:Creating environment hook '/home/kinarast/robot_ws/install/robot_navigation/share/robot_navigation/hook/cmake_prefix_path.sh'
[0.833s] Level 1:colcon.colcon_core.environment:checking '/home/kinarast/robot_ws/install/robot_navigation/lib'
[0.833s] Level 1:colcon.colcon_core.environment:checking '/home/kinarast/robot_ws/install/robot_navigation/bin'
[0.833s] Level 1:colcon.colcon_core.environment:checking '/home/kinarast/robot_ws/install/robot_navigation/lib/pkgconfig/robot_navigation.pc'
[0.834s] Level 1:colcon.colcon_core.environment:checking '/home/kinarast/robot_ws/install/robot_navigation/lib/python3.10/site-packages'
[0.834s] Level 1:colcon.colcon_core.environment:checking '/home/kinarast/robot_ws/install/robot_navigation/bin'
[0.835s] INFO:colcon.colcon_core.shell:Creating package script '/home/kinarast/robot_ws/install/robot_navigation/share/robot_navigation/package.ps1'
[0.835s] INFO:colcon.colcon_core.shell:Creating package descriptor '/home/kinarast/robot_ws/install/robot_navigation/share/robot_navigation/package.dsv'
[0.836s] INFO:colcon.colcon_core.shell:Creating package script '/home/kinarast/robot_ws/install/robot_navigation/share/robot_navigation/package.sh'
[0.836s] INFO:colcon.colcon_core.shell:Creating package script '/home/kinarast/robot_ws/install/robot_navigation/share/robot_navigation/package.bash'
[0.837s] INFO:colcon.colcon_core.shell:Creating package script '/home/kinarast/robot_ws/install/robot_navigation/share/robot_navigation/package.zsh'
[0.837s] Level 1:colcon.colcon_core.environment:create_file_with_runtime_dependencies(/home/kinarast/robot_ws/install/robot_navigation/share/colcon-core/packages/robot_navigation)
[0.838s] Level 1:colcon.colcon_core.environment:create_environment_scripts_only(robot_navigation)
[0.838s] Level 1:colcon.colcon_core.environment:checking '/home/kinarast/robot_ws/install/robot_navigation' for CMake module files
[0.839s] Level 1:colcon.colcon_core.environment:checking '/home/kinarast/robot_ws/install/robot_navigation' for CMake config files
[0.839s] Level 1:colcon.colcon_core.shell:create_environment_hook('robot_navigation', 'cmake_prefix_path')
[0.840s] INFO:colcon.colcon_core.shell:Creating environment hook '/home/kinarast/robot_ws/install/robot_navigation/share/robot_navigation/hook/cmake_prefix_path.ps1'
[0.840s] INFO:colcon.colcon_core.shell:Creating environment descriptor '/home/kinarast/robot_ws/install/robot_navigation/share/robot_navigation/hook/cmake_prefix_path.dsv'
[0.841s] INFO:colcon.colcon_core.shell:Creating environment hook '/home/kinarast/robot_ws/install/robot_navigation/share/robot_navigation/hook/cmake_prefix_path.sh'
[0.841s] Level 1:colcon.colcon_core.environment:checking '/home/kinarast/robot_ws/install/robot_navigation/lib'
[0.841s] Level 1:colcon.colcon_core.environment:checking '/home/kinarast/robot_ws/install/robot_navigation/bin'
[0.841s] Level 1:colcon.colcon_core.environment:checking '/home/kinarast/robot_ws/install/robot_navigation/lib/pkgconfig/robot_navigation.pc'
[0.842s] Level 1:colcon.colcon_core.environment:checking '/home/kinarast/robot_ws/install/robot_navigation/lib/python3.10/site-packages'
[0.842s] Level 1:colcon.colcon_core.environment:checking '/home/kinarast/robot_ws/install/robot_navigation/bin'
[0.842s] INFO:colcon.colcon_core.shell:Creating package script '/home/kinarast/robot_ws/install/robot_navigation/share/robot_navigation/package.ps1'
[0.843s] INFO:colcon.colcon_core.shell:Creating package descriptor '/home/kinarast/robot_ws/install/robot_navigation/share/robot_navigation/package.dsv'
[0.843s] INFO:colcon.colcon_core.shell:Creating package script '/home/kinarast/robot_ws/install/robot_navigation/share/robot_navigation/package.sh'
[0.844s] INFO:colcon.colcon_core.shell:Creating package script '/home/kinarast/robot_ws/install/robot_navigation/share/robot_navigation/package.bash'
[0.844s] INFO:colcon.colcon_core.shell:Creating package script '/home/kinarast/robot_ws/install/robot_navigation/share/robot_navigation/package.zsh'
[0.845s] Level 1:colcon.colcon_core.environment:create_file_with_runtime_dependencies(/home/kinarast/robot_ws/install/robot_navigation/share/colcon-core/packages/robot_navigation)
[0.845s] DEBUG:colcon.colcon_parallel_executor.executor.parallel:closing loop
[0.845s] DEBUG:colcon.colcon_parallel_executor.executor.parallel:loop closed
[0.845s] DEBUG:colcon.colcon_parallel_executor.executor.parallel:run_until_complete finished with '0'
[0.845s] DEBUG:colcon.colcon_core.event_reactor:joining thread
[0.854s] INFO:colcon.colcon_core.plugin_system:Skipping extension 'colcon_notification.desktop_notification.terminal_notifier': Not used on non-Darwin systems
[0.854s] INFO:colcon.colcon_core.plugin_system:Skipping extension 'colcon_notification.desktop_notification.win32': Not used on non-Windows systems
[0.854s] INFO:colcon.colcon_notification.desktop_notification:Sending desktop notification using 'notify2'
[0.882s] DEBUG:colcon.colcon_core.event_reactor:joined thread
[0.883s] INFO:colcon.colcon_core.shell:Creating prefix script '/home/kinarast/robot_ws/install/local_setup.ps1'
[0.886s] INFO:colcon.colcon_core.shell:Creating prefix util module '/home/kinarast/robot_ws/install/_local_setup_util_ps1.py'
[0.890s] INFO:colcon.colcon_core.shell:Creating prefix chain script '/home/kinarast/robot_ws/install/setup.ps1'
[0.894s] INFO:colcon.colcon_core.shell:Creating prefix script '/home/kinarast/robot_ws/install/local_setup.sh'
[0.895s] INFO:colcon.colcon_core.shell:Creating prefix util module '/home/kinarast/robot_ws/install/_local_setup_util_sh.py'
[0.897s] INFO:colcon.colcon_core.shell:Creating prefix chain script '/home/kinarast/robot_ws/install/setup.sh'
[0.900s] INFO:colcon.colcon_core.shell:Creating prefix script '/home/kinarast/robot_ws/install/local_setup.bash'
[0.902s] INFO:colcon.colcon_core.shell:Creating prefix chain script '/home/kinarast/robot_ws/install/setup.bash'
[0.904s] INFO:colcon.colcon_core.shell:Creating prefix script '/home/kinarast/robot_ws/install/local_setup.zsh'
[0.905s] INFO:colcon.colcon_core.shell:Creating prefix chain script '/home/kinarast/robot_ws/install/setup.zsh'
