[0.130s] Invoking command in '/home/kinarast/robot_ws/build/robot_navigation': CMAKE_PREFIX_PATH=${CMAKE_PREFIX_PATH}:/home/kinarast/test1_ws/install/my_robot_vision:/home/kinarast/ros2_ws/install/my_robot_vision:/opt/ros/humble DEBUGINFOD_URLS=https://debuginfod.ubuntu.com /usr/bin/cmake --build /home/kinarast/robot_ws/build/robot_navigation -- -j8 -l8
[0.134s] Invoked command in '/home/kinarast/robot_ws/build/robot_navigation' returned '0': CMAKE_PREFIX_PATH=${CMAKE_PREFIX_PATH}:/home/kinarast/test1_ws/install/my_robot_vision:/home/kinarast/ros2_ws/install/my_robot_vision:/opt/ros/humble DEBUGINFOD_URLS=https://debuginfod.ubuntu.com /usr/bin/cmake --build /home/kinarast/robot_ws/build/robot_navigation -- -j8 -l8
[0.135s] Invoking command in '/home/kinarast/robot_ws/build/robot_navigation': CMAKE_PREFIX_PATH=${CMAKE_PREFIX_PATH}:/home/kinarast/test1_ws/install/my_robot_vision:/home/kinarast/ros2_ws/install/my_robot_vision:/opt/ros/humble DEBUGINFOD_URLS=https://debuginfod.ubuntu.com /usr/bin/cmake --install /home/kinarast/robot_ws/build/robot_navigation
[0.140s] -- Install configuration: ""
[0.141s] -- Execute custom install script
[0.141s] -- Up-to-date symlink: /home/kinarast/robot_ws/install/robot_navigation/lib/robot_navigation/a_star.py
[0.142s] -- Up-to-date symlink: /home/kinarast/robot_ws/install/robot_navigation/share/robot_navigation/launch/navigation.launch.py
[0.142s] -- Up-to-date symlink: /home/kinarast/robot_ws/install/robot_navigation/share/ament_index/resource_index/package_run_dependencies/robot_navigation
[0.142s] -- Up-to-date symlink: /home/kinarast/robot_ws/install/robot_navigation/share/ament_index/resource_index/parent_prefix_path/robot_navigation
[0.142s] -- Up-to-date symlink: /home/kinarast/robot_ws/install/robot_navigation/share/robot_navigation/environment/ament_prefix_path.sh
[0.142s] -- Up-to-date symlink: /home/kinarast/robot_ws/install/robot_navigation/share/robot_navigation/environment/ament_prefix_path.dsv
[0.142s] -- Up-to-date symlink: /home/kinarast/robot_ws/install/robot_navigation/share/robot_navigation/environment/path.sh
[0.142s] -- Up-to-date symlink: /home/kinarast/robot_ws/install/robot_navigation/share/robot_navigation/environment/path.dsv
[0.143s] -- Up-to-date symlink: /home/kinarast/robot_ws/install/robot_navigation/share/robot_navigation/local_setup.bash
[0.143s] -- Up-to-date symlink: /home/kinarast/robot_ws/install/robot_navigation/share/robot_navigation/local_setup.sh
[0.143s] -- Up-to-date symlink: /home/kinarast/robot_ws/install/robot_navigation/share/robot_navigation/local_setup.zsh
[0.143s] -- Up-to-date symlink: /home/kinarast/robot_ws/install/robot_navigation/share/robot_navigation/local_setup.dsv
[0.143s] -- Symlinking: /home/kinarast/robot_ws/install/robot_navigation/share/robot_navigation/package.dsv
[0.145s] -- Up-to-date symlink: /home/kinarast/robot_ws/install/robot_navigation/share/ament_index/resource_index/packages/robot_navigation
[0.145s] -- Up-to-date symlink: /home/kinarast/robot_ws/install/robot_navigation/share/robot_navigation/cmake/robot_navigationConfig.cmake
[0.145s] -- Up-to-date symlink: /home/kinarast/robot_ws/install/robot_navigation/share/robot_navigation/cmake/robot_navigationConfig-version.cmake
[0.145s] -- Up-to-date symlink: /home/kinarast/robot_ws/install/robot_navigation/share/robot_navigation/package.xml
[0.172s] Invoked command in '/home/kinarast/robot_ws/build/robot_navigation' returned '0': CMAKE_PREFIX_PATH=${CMAKE_PREFIX_PATH}:/home/kinarast/test1_ws/install/my_robot_vision:/home/kinarast/ros2_ws/install/my_robot_vision:/opt/ros/humble DEBUGINFOD_URLS=https://debuginfod.ubuntu.com /usr/bin/cmake --install /home/kinarast/robot_ws/build/robot_navigation
