[0.022s] Invoking command in '/home/kinarast/robot_ws/build/robot_navigation': CMAKE_PREFIX_PATH=${CMAKE_PREFIX_PATH}:/home/kinarast/test1_ws/install/my_robot_vision:/home/kinarast/ros2_ws/install/my_robot_vision:/opt/ros/humble /usr/bin/cmake /home/kinarast/robot_ws/src/robot_navigation -DCMAKE_INSTALL_PREFIX=/home/kinarast/robot_ws/install/robot_navigation
[0.034s] -- Found ament_cmake: 1.3.11 (/opt/ros/humble/share/ament_cmake/cmake)
[0.190s] -- Override CMake install command with custom implementation using symlinks instead of copying resources
[0.200s] -- Found rclpy: 3.3.15 (/opt/ros/humble/share/rclpy/cmake)
[0.316s] -- Configuring done
[0.319s] -- Generating done
[0.321s] -- Build files have been written to: /home/kinarast/robot_ws/build/robot_navigation
[0.325s] Invoked command in '/home/kinarast/robot_ws/build/robot_navigation' returned '0': CMAKE_PREFIX_PATH=${CMAKE_PREFIX_PATH}:/home/kinarast/test1_ws/install/my_robot_vision:/home/kinarast/ros2_ws/install/my_robot_vision:/opt/ros/humble /usr/bin/cmake /home/kinarast/robot_ws/src/robot_navigation -DCMAKE_INSTALL_PREFIX=/home/kinarast/robot_ws/install/robot_navigation
[0.326s] Invoking command in '/home/kinarast/robot_ws/build/robot_navigation': CMAKE_PREFIX_PATH=${CMAKE_PREFIX_PATH}:/home/kinarast/test1_ws/install/my_robot_vision:/home/kinarast/ros2_ws/install/my_robot_vision:/opt/ros/humble /usr/bin/cmake --build /home/kinarast/robot_ws/build/robot_navigation -- -j8 -l8
[0.373s] Invoked command in '/home/kinarast/robot_ws/build/robot_navigation' returned '0': CMAKE_PREFIX_PATH=${CMAKE_PREFIX_PATH}:/home/kinarast/test1_ws/install/my_robot_vision:/home/kinarast/ros2_ws/install/my_robot_vision:/opt/ros/humble /usr/bin/cmake --build /home/kinarast/robot_ws/build/robot_navigation -- -j8 -l8
[0.375s] Invoking command in '/home/kinarast/robot_ws/build/robot_navigation': CMAKE_PREFIX_PATH=${CMAKE_PREFIX_PATH}:/home/kinarast/test1_ws/install/my_robot_vision:/home/kinarast/ros2_ws/install/my_robot_vision:/opt/ros/humble /usr/bin/cmake --install /home/kinarast/robot_ws/build/robot_navigation
[0.385s] -- Install configuration: ""
[0.385s] -- Execute custom install script
[0.386s] -- Up-to-date symlink: /home/kinarast/robot_ws/install/robot_navigation/share/robot_navigation/launch/navigation.launch.py
[0.386s] -- Up-to-date symlink: /home/kinarast/robot_ws/install/robot_navigation/share/ament_index/resource_index/package_run_dependencies/robot_navigation
[0.387s] -- Up-to-date symlink: /home/kinarast/robot_ws/install/robot_navigation/share/ament_index/resource_index/parent_prefix_path/robot_navigation
[0.387s] -- Up-to-date symlink: /home/kinarast/robot_ws/install/robot_navigation/share/robot_navigation/environment/ament_prefix_path.sh
[0.387s] -- Up-to-date symlink: /home/kinarast/robot_ws/install/robot_navigation/share/robot_navigation/environment/ament_prefix_path.dsv
[0.387s] -- Up-to-date symlink: /home/kinarast/robot_ws/install/robot_navigation/share/robot_navigation/environment/path.sh
[0.388s] -- Up-to-date symlink: /home/kinarast/robot_ws/install/robot_navigation/share/robot_navigation/environment/path.dsv
[0.388s] -- Up-to-date symlink: /home/kinarast/robot_ws/install/robot_navigation/share/robot_navigation/local_setup.bash
[0.388s] -- Up-to-date symlink: /home/kinarast/robot_ws/install/robot_navigation/share/robot_navigation/local_setup.sh
[0.388s] -- Up-to-date symlink: /home/kinarast/robot_ws/install/robot_navigation/share/robot_navigation/local_setup.zsh
[0.389s] -- Up-to-date symlink: /home/kinarast/robot_ws/install/robot_navigation/share/robot_navigation/local_setup.dsv
[0.389s] -- Symlinking: /home/kinarast/robot_ws/install/robot_navigation/share/robot_navigation/package.dsv
[0.400s] -- Up-to-date symlink: /home/kinarast/robot_ws/install/robot_navigation/share/ament_index/resource_index/packages/robot_navigation
[0.400s] -- Up-to-date symlink: /home/kinarast/robot_ws/install/robot_navigation/share/robot_navigation/cmake/robot_navigationConfig.cmake
[0.400s] -- Up-to-date symlink: /home/kinarast/robot_ws/install/robot_navigation/share/robot_navigation/cmake/robot_navigationConfig-version.cmake
[0.400s] -- Up-to-date symlink: /home/kinarast/robot_ws/install/robot_navigation/share/robot_navigation/package.xml
[0.401s] -- Up-to-date: /home/kinarast/robot_ws/install/robot_navigation/lib/robot_navigation/a_star
[0.404s] Invoked command in '/home/kinarast/robot_ws/build/robot_navigation' returned '0': CMAKE_PREFIX_PATH=${CMAKE_PREFIX_PATH}:/home/kinarast/test1_ws/install/my_robot_vision:/home/kinarast/ros2_ws/install/my_robot_vision:/opt/ros/humble /usr/bin/cmake --install /home/kinarast/robot_ws/build/robot_navigation
