[0.132s] DEBUG:colcon:Command line arguments: ['/usr/bin/colcon', 'build', '--symlink-install']
[0.132s] DEBUG:colcon:Parsed command line arguments: Namespace(log_base=None, log_level=None, verb_name='build', build_base='build', install_base='install', merge_install=False, symlink_install=True, test_result_base=None, continue_on_error=False, executor='parallel', parallel_workers=8, event_handlers=None, ignore_user_meta=False, metas=['./colcon.meta'], base_paths=['.'], packages_ignore=None, packages_ignore_regex=None, paths=None, packages_up_to=None, packages_up_to_regex=None, packages_above=None, packages_above_and_dependencies=None, packages_above_depth=None, packages_select_by_dep=None, packages_skip_by_dep=None, packages_skip_up_to=None, packages_select_build_failed=False, packages_skip_build_finished=False, packages_select_test_failures=False, packages_skip_test_passed=False, packages_select=None, packages_skip=None, packages_select_regex=None, packages_skip_regex=None, packages_start=None, packages_end=None, allow_overriding=[], cmake_args=None, cmake_target=None, cmake_target_skip_unavailable=False, cmake_clean_cache=False, cmake_clean_first=False, cmake_force_configure=False, ament_cmake_args=None, catkin_cmake_args=None, catkin_skip_building_tests=False, mixin_files=None, mixin=None, verb_parser=<colcon_mixin.mixin.mixin_argument.MixinArgumentDecorator object at 0x757ea44a4370>, verb_extension=<colcon_core.verb.build.BuildVerb object at 0x757ea447fdc0>, main=<bound method BuildVerb.main of <colcon_core.verb.build.BuildVerb object at 0x757ea447fdc0>>, mixin_verb=('build',))
[0.376s] Level 1:colcon.colcon_core.package_discovery:discover_packages(colcon_meta) check parameters
[0.376s] Level 1:colcon.colcon_core.package_discovery:discover_packages(recursive) check parameters
[0.376s] Level 1:colcon.colcon_core.package_discovery:discover_packages(ignore) check parameters
[0.376s] Level 1:colcon.colcon_core.package_discovery:discover_packages(path) check parameters
[0.376s] Level 1:colcon.colcon_core.package_discovery:discover_packages(colcon_meta) discover
[0.376s] Level 1:colcon.colcon_core.package_discovery:discover_packages(recursive) discover
[0.376s] INFO:colcon.colcon_core.package_discovery:Crawling recursively for packages in '/home/kinarast/robot_ws'
[0.376s] Level 1:colcon.colcon_core.package_identification:_identify(.) by extensions ['ignore', 'ignore_ament_install']
[0.376s] Level 1:colcon.colcon_core.package_identification:_identify(.) by extension 'ignore'
[0.377s] Level 1:colcon.colcon_core.package_identification:_identify(.) by extension 'ignore_ament_install'
[0.377s] Level 1:colcon.colcon_core.package_identification:_identify(.) by extensions ['colcon_pkg']
[0.377s] Level 1:colcon.colcon_core.package_identification:_identify(.) by extension 'colcon_pkg'
[0.377s] Level 1:colcon.colcon_core.package_identification:_identify(.) by extensions ['colcon_meta']
[0.377s] Level 1:colcon.colcon_core.package_identification:_identify(.) by extension 'colcon_meta'
[0.377s] Level 1:colcon.colcon_core.package_identification:_identify(.) by extensions ['ros']
[0.377s] Level 1:colcon.colcon_core.package_identification:_identify(.) by extension 'ros'
[0.399s] Level 1:colcon.colcon_core.package_identification:_identify(.) by extensions ['cmake', 'python']
[0.399s] Level 1:colcon.colcon_core.package_identification:_identify(.) by extension 'cmake'
[0.399s] Level 1:colcon.colcon_core.package_identification:_identify(.) by extension 'python'
[0.400s] Level 1:colcon.colcon_core.package_identification:_identify(.) by extensions ['python_setup_py']
[0.400s] Level 1:colcon.colcon_core.package_identification:_identify(.) by extension 'python_setup_py'
[0.400s] Level 1:colcon.colcon_core.package_identification:_identify(build) by extensions ['ignore', 'ignore_ament_install']
[0.400s] Level 1:colcon.colcon_core.package_identification:_identify(build) by extension 'ignore'
[0.400s] Level 1:colcon.colcon_core.package_identification:_identify(build) ignored
[0.400s] Level 1:colcon.colcon_core.package_identification:_identify(install) by extensions ['ignore', 'ignore_ament_install']
[0.400s] Level 1:colcon.colcon_core.package_identification:_identify(install) by extension 'ignore'
[0.400s] Level 1:colcon.colcon_core.package_identification:_identify(install) ignored
[0.400s] Level 1:colcon.colcon_core.package_identification:_identify(log) by extensions ['ignore', 'ignore_ament_install']
[0.400s] Level 1:colcon.colcon_core.package_identification:_identify(log) by extension 'ignore'
[0.400s] Level 1:colcon.colcon_core.package_identification:_identify(log) ignored
[0.401s] Level 1:colcon.colcon_core.package_identification:_identify(src) by extensions ['ignore', 'ignore_ament_install']
[0.401s] Level 1:colcon.colcon_core.package_identification:_identify(src) by extension 'ignore'
[0.401s] Level 1:colcon.colcon_core.package_identification:_identify(src) by extension 'ignore_ament_install'
[0.401s] Level 1:colcon.colcon_core.package_identification:_identify(src) by extensions ['colcon_pkg']
[0.401s] Level 1:colcon.colcon_core.package_identification:_identify(src) by extension 'colcon_pkg'
[0.401s] Level 1:colcon.colcon_core.package_identification:_identify(src) by extensions ['colcon_meta']
[0.401s] Level 1:colcon.colcon_core.package_identification:_identify(src) by extension 'colcon_meta'
[0.401s] Level 1:colcon.colcon_core.package_identification:_identify(src) by extensions ['ros']
[0.401s] Level 1:colcon.colcon_core.package_identification:_identify(src) by extension 'ros'
[0.401s] Level 1:colcon.colcon_core.package_identification:_identify(src) by extensions ['cmake', 'python']
[0.401s] Level 1:colcon.colcon_core.package_identification:_identify(src) by extension 'cmake'
[0.401s] Level 1:colcon.colcon_core.package_identification:_identify(src) by extension 'python'
[0.401s] Level 1:colcon.colcon_core.package_identification:_identify(src) by extensions ['python_setup_py']
[0.401s] Level 1:colcon.colcon_core.package_identification:_identify(src) by extension 'python_setup_py'
[0.401s] Level 1:colcon.colcon_core.package_identification:_identify(src/plate) by extensions ['ignore', 'ignore_ament_install']
[0.401s] Level 1:colcon.colcon_core.package_identification:_identify(src/plate) by extension 'ignore'
[0.401s] Level 1:colcon.colcon_core.package_identification:_identify(src/plate) by extension 'ignore_ament_install'
[0.402s] Level 1:colcon.colcon_core.package_identification:_identify(src/plate) by extensions ['colcon_pkg']
[0.402s] Level 1:colcon.colcon_core.package_identification:_identify(src/plate) by extension 'colcon_pkg'
[0.402s] Level 1:colcon.colcon_core.package_identification:_identify(src/plate) by extensions ['colcon_meta']
[0.402s] Level 1:colcon.colcon_core.package_identification:_identify(src/plate) by extension 'colcon_meta'
[0.402s] Level 1:colcon.colcon_core.package_identification:_identify(src/plate) by extensions ['ros']
[0.402s] Level 1:colcon.colcon_core.package_identification:_identify(src/plate) by extension 'ros'
[0.402s] Level 1:colcon.colcon_core.package_identification:_identify(src/plate) by extensions ['cmake', 'python']
[0.402s] Level 1:colcon.colcon_core.package_identification:_identify(src/plate) by extension 'cmake'
[0.402s] Level 1:colcon.colcon_core.package_identification:_identify(src/plate) by extension 'python'
[0.402s] Level 1:colcon.colcon_core.package_identification:_identify(src/plate) by extensions ['python_setup_py']
[0.402s] Level 1:colcon.colcon_core.package_identification:_identify(src/plate) by extension 'python_setup_py'
[0.402s] Level 1:colcon.colcon_core.package_identification:_identify(src/robot_control) by extensions ['ignore', 'ignore_ament_install']
[0.402s] Level 1:colcon.colcon_core.package_identification:_identify(src/robot_control) by extension 'ignore'
[0.402s] Level 1:colcon.colcon_core.package_identification:_identify(src/robot_control) by extension 'ignore_ament_install'
[0.402s] Level 1:colcon.colcon_core.package_identification:_identify(src/robot_control) by extensions ['colcon_pkg']
[0.402s] Level 1:colcon.colcon_core.package_identification:_identify(src/robot_control) by extension 'colcon_pkg'
[0.402s] Level 1:colcon.colcon_core.package_identification:_identify(src/robot_control) by extensions ['colcon_meta']
[0.402s] Level 1:colcon.colcon_core.package_identification:_identify(src/robot_control) by extension 'colcon_meta'
[0.402s] Level 1:colcon.colcon_core.package_identification:_identify(src/robot_control) by extensions ['ros']
[0.402s] Level 1:colcon.colcon_core.package_identification:_identify(src/robot_control) by extension 'ros'
[0.405s] DEBUG:colcon.colcon_core.package_identification:Package 'src/robot_control' with type 'ros.ament_cmake' and name 'robot_control'
[0.406s] Level 1:colcon.colcon_core.package_identification:_identify(src/robot_description) by extensions ['ignore', 'ignore_ament_install']
[0.406s] Level 1:colcon.colcon_core.package_identification:_identify(src/robot_description) by extension 'ignore'
[0.406s] Level 1:colcon.colcon_core.package_identification:_identify(src/robot_description) by extension 'ignore_ament_install'
[0.406s] Level 1:colcon.colcon_core.package_identification:_identify(src/robot_description) by extensions ['colcon_pkg']
[0.406s] Level 1:colcon.colcon_core.package_identification:_identify(src/robot_description) by extension 'colcon_pkg'
[0.406s] Level 1:colcon.colcon_core.package_identification:_identify(src/robot_description) by extensions ['colcon_meta']
[0.406s] Level 1:colcon.colcon_core.package_identification:_identify(src/robot_description) by extension 'colcon_meta'
[0.406s] Level 1:colcon.colcon_core.package_identification:_identify(src/robot_description) by extensions ['ros']
[0.406s] Level 1:colcon.colcon_core.package_identification:_identify(src/robot_description) by extension 'ros'
[0.407s] DEBUG:colcon.colcon_core.package_identification:Package 'src/robot_description' with type 'ros.ament_cmake' and name 'robot_description'
[0.407s] Level 1:colcon.colcon_core.package_identification:_identify(src/robot_navigation) by extensions ['ignore', 'ignore_ament_install']
[0.407s] Level 1:colcon.colcon_core.package_identification:_identify(src/robot_navigation) by extension 'ignore'
[0.407s] Level 1:colcon.colcon_core.package_identification:_identify(src/robot_navigation) by extension 'ignore_ament_install'
[0.407s] Level 1:colcon.colcon_core.package_identification:_identify(src/robot_navigation) by extensions ['colcon_pkg']
[0.407s] Level 1:colcon.colcon_core.package_identification:_identify(src/robot_navigation) by extension 'colcon_pkg'
[0.407s] Level 1:colcon.colcon_core.package_identification:_identify(src/robot_navigation) by extensions ['colcon_meta']
[0.407s] Level 1:colcon.colcon_core.package_identification:_identify(src/robot_navigation) by extension 'colcon_meta'
[0.407s] Level 1:colcon.colcon_core.package_identification:_identify(src/robot_navigation) by extensions ['ros']
[0.407s] Level 1:colcon.colcon_core.package_identification:_identify(src/robot_navigation) by extension 'ros'
[0.408s] DEBUG:colcon.colcon_core.package_identification:Package 'src/robot_navigation' with type 'ros.ament_cmake' and name 'robot_navigation'
[0.408s] Level 1:colcon.colcon_core.package_discovery:discover_packages(recursive) using defaults
[0.408s] Level 1:colcon.colcon_core.package_discovery:discover_packages(ignore) discover
[0.408s] Level 1:colcon.colcon_core.package_discovery:discover_packages(ignore) using defaults
[0.408s] Level 1:colcon.colcon_core.package_discovery:discover_packages(path) discover
[0.408s] Level 1:colcon.colcon_core.package_discovery:discover_packages(path) using defaults
[0.431s] Level 1:colcon.colcon_core.package_discovery:discover_packages(prefix_path) check parameters
[0.431s] Level 1:colcon.colcon_core.package_discovery:discover_packages(prefix_path) discover
[0.433s] DEBUG:colcon.colcon_installed_package_information.package_discovery:Found 3 installed packages in /home/kinarast/robot_ws/install
[0.433s] DEBUG:colcon.colcon_installed_package_information.package_discovery:Found 3 installed packages in /home/kinarast/test1_ws/install
[0.434s] DEBUG:colcon.colcon_installed_package_information.package_discovery:Found 1 installed packages in /home/kinarast/ros2_ws/install
[0.435s] DEBUG:colcon.colcon_installed_package_information.package_discovery:Found 293 installed packages in /opt/ros/humble
[0.437s] Level 1:colcon.colcon_core.package_discovery:discover_packages(prefix_path) using defaults
[0.480s] Level 5:colcon.colcon_core.verb:set package 'robot_control' build argument 'cmake_args' from command line to 'None'
[0.480s] Level 5:colcon.colcon_core.verb:set package 'robot_control' build argument 'cmake_target' from command line to 'None'
[0.480s] Level 5:colcon.colcon_core.verb:set package 'robot_control' build argument 'cmake_target_skip_unavailable' from command line to 'False'
[0.480s] Level 5:colcon.colcon_core.verb:set package 'robot_control' build argument 'cmake_clean_cache' from command line to 'False'
[0.480s] Level 5:colcon.colcon_core.verb:set package 'robot_control' build argument 'cmake_clean_first' from command line to 'False'
[0.480s] Level 5:colcon.colcon_core.verb:set package 'robot_control' build argument 'cmake_force_configure' from command line to 'False'
[0.480s] Level 5:colcon.colcon_core.verb:set package 'robot_control' build argument 'ament_cmake_args' from command line to 'None'
[0.480s] Level 5:colcon.colcon_core.verb:set package 'robot_control' build argument 'catkin_cmake_args' from command line to 'None'
[0.480s] Level 5:colcon.colcon_core.verb:set package 'robot_control' build argument 'catkin_skip_building_tests' from command line to 'False'
[0.480s] DEBUG:colcon.colcon_core.verb:Building package 'robot_control' with the following arguments: {'ament_cmake_args': None, 'build_base': '/home/kinarast/robot_ws/build/robot_control', 'catkin_cmake_args': None, 'catkin_skip_building_tests': False, 'cmake_args': None, 'cmake_clean_cache': False, 'cmake_clean_first': False, 'cmake_force_configure': False, 'cmake_target': None, 'cmake_target_skip_unavailable': False, 'install_base': '/home/kinarast/robot_ws/install/robot_control', 'merge_install': False, 'path': '/home/kinarast/robot_ws/src/robot_control', 'symlink_install': True, 'test_result_base': None}
[0.481s] Level 5:colcon.colcon_core.verb:set package 'robot_description' build argument 'cmake_args' from command line to 'None'
[0.481s] Level 5:colcon.colcon_core.verb:set package 'robot_description' build argument 'cmake_target' from command line to 'None'
[0.481s] Level 5:colcon.colcon_core.verb:set package 'robot_description' build argument 'cmake_target_skip_unavailable' from command line to 'False'
[0.481s] Level 5:colcon.colcon_core.verb:set package 'robot_description' build argument 'cmake_clean_cache' from command line to 'False'
[0.481s] Level 5:colcon.colcon_core.verb:set package 'robot_description' build argument 'cmake_clean_first' from command line to 'False'
[0.481s] Level 5:colcon.colcon_core.verb:set package 'robot_description' build argument 'cmake_force_configure' from command line to 'False'
[0.481s] Level 5:colcon.colcon_core.verb:set package 'robot_description' build argument 'ament_cmake_args' from command line to 'None'
[0.481s] Level 5:colcon.colcon_core.verb:set package 'robot_description' build argument 'catkin_cmake_args' from command line to 'None'
[0.481s] Level 5:colcon.colcon_core.verb:set package 'robot_description' build argument 'catkin_skip_building_tests' from command line to 'False'
[0.481s] DEBUG:colcon.colcon_core.verb:Building package 'robot_description' with the following arguments: {'ament_cmake_args': None, 'build_base': '/home/kinarast/robot_ws/build/robot_description', 'catkin_cmake_args': None, 'catkin_skip_building_tests': False, 'cmake_args': None, 'cmake_clean_cache': False, 'cmake_clean_first': False, 'cmake_force_configure': False, 'cmake_target': None, 'cmake_target_skip_unavailable': False, 'install_base': '/home/kinarast/robot_ws/install/robot_description', 'merge_install': False, 'path': '/home/kinarast/robot_ws/src/robot_description', 'symlink_install': True, 'test_result_base': None}
[0.481s] Level 5:colcon.colcon_core.verb:set package 'robot_navigation' build argument 'cmake_args' from command line to 'None'
[0.481s] Level 5:colcon.colcon_core.verb:set package 'robot_navigation' build argument 'cmake_target' from command line to 'None'
[0.482s] Level 5:colcon.colcon_core.verb:set package 'robot_navigation' build argument 'cmake_target_skip_unavailable' from command line to 'False'
[0.482s] Level 5:colcon.colcon_core.verb:set package 'robot_navigation' build argument 'cmake_clean_cache' from command line to 'False'
[0.482s] Level 5:colcon.colcon_core.verb:set package 'robot_navigation' build argument 'cmake_clean_first' from command line to 'False'
[0.482s] Level 5:colcon.colcon_core.verb:set package 'robot_navigation' build argument 'cmake_force_configure' from command line to 'False'
[0.482s] Level 5:colcon.colcon_core.verb:set package 'robot_navigation' build argument 'ament_cmake_args' from command line to 'None'
[0.482s] Level 5:colcon.colcon_core.verb:set package 'robot_navigation' build argument 'catkin_cmake_args' from command line to 'None'
[0.482s] Level 5:colcon.colcon_core.verb:set package 'robot_navigation' build argument 'catkin_skip_building_tests' from command line to 'False'
[0.482s] DEBUG:colcon.colcon_core.verb:Building package 'robot_navigation' with the following arguments: {'ament_cmake_args': None, 'build_base': '/home/kinarast/robot_ws/build/robot_navigation', 'catkin_cmake_args': None, 'catkin_skip_building_tests': False, 'cmake_args': None, 'cmake_clean_cache': False, 'cmake_clean_first': False, 'cmake_force_configure': False, 'cmake_target': None, 'cmake_target_skip_unavailable': False, 'install_base': '/home/kinarast/robot_ws/install/robot_navigation', 'merge_install': False, 'path': '/home/kinarast/robot_ws/src/robot_navigation', 'symlink_install': True, 'test_result_base': None}
[0.482s] INFO:colcon.colcon_core.executor:Executing jobs using 'parallel' executor
[0.483s] DEBUG:colcon.colcon_parallel_executor.executor.parallel:run_until_complete
[0.483s] INFO:colcon.colcon_ros.task.ament_cmake.build:Building ROS package in '/home/kinarast/robot_ws/src/robot_control' with build type 'ament_cmake'
[0.483s] INFO:colcon.colcon_cmake.task.cmake.build:Building CMake package in '/home/kinarast/robot_ws/src/robot_control'
[0.485s] INFO:colcon.colcon_core.plugin_system:Skipping extension 'colcon_core.shell.bat': Not used on non-Windows systems
[0.486s] INFO:colcon.colcon_core.shell:Skip shell extension 'powershell' for command environment: Not usable outside of PowerShell
[0.486s] DEBUG:colcon.colcon_core.shell:Skip shell extension 'dsv' for command environment
[0.490s] INFO:colcon.colcon_ros.task.ament_cmake.build:Building ROS package in '/home/kinarast/robot_ws/src/robot_description' with build type 'ament_cmake'
[0.490s] INFO:colcon.colcon_cmake.task.cmake.build:Building CMake package in '/home/kinarast/robot_ws/src/robot_description'
[0.491s] INFO:colcon.colcon_core.shell:Skip shell extension 'powershell' for command environment: Not usable outside of PowerShell
[0.491s] DEBUG:colcon.colcon_core.shell:Skip shell extension 'dsv' for command environment
[0.495s] INFO:colcon.colcon_ros.task.ament_cmake.build:Building ROS package in '/home/kinarast/robot_ws/src/robot_navigation' with build type 'ament_cmake'
[0.495s] INFO:colcon.colcon_cmake.task.cmake.build:Building CMake package in '/home/kinarast/robot_ws/src/robot_navigation'
[0.496s] INFO:colcon.colcon_core.shell:Skip shell extension 'powershell' for command environment: Not usable outside of PowerShell
[0.496s] DEBUG:colcon.colcon_core.shell:Skip shell extension 'dsv' for command environment
[0.551s] DEBUG:colcon.colcon_core.event_handler.log_command:Invoking command in '/home/kinarast/robot_ws/build/robot_control': CMAKE_PREFIX_PATH=${CMAKE_PREFIX_PATH}:/home/kinarast/test1_ws/install/my_robot_vision:/home/kinarast/ros2_ws/install/my_robot_vision:/opt/ros/humble DEBUGINFOD_URLS=https://debuginfod.ubuntu.com /usr/bin/cmake --build /home/kinarast/robot_ws/build/robot_control -- -j8 -l8
[0.561s] DEBUG:colcon.colcon_core.event_handler.log_command:Invoking command in '/home/kinarast/robot_ws/build/robot_description': CMAKE_PREFIX_PATH=${CMAKE_PREFIX_PATH}:/home/kinarast/test1_ws/install/my_robot_vision:/home/kinarast/ros2_ws/install/my_robot_vision:/opt/ros/humble DEBUGINFOD_URLS=https://debuginfod.ubuntu.com /usr/bin/cmake --build /home/kinarast/robot_ws/build/robot_description -- -j8 -l8
[0.562s] DEBUG:colcon.colcon_core.event_handler.log_command:Invoking command in '/home/kinarast/robot_ws/build/robot_navigation': CMAKE_PREFIX_PATH=${CMAKE_PREFIX_PATH}:/home/kinarast/test1_ws/install/my_robot_vision:/home/kinarast/ros2_ws/install/my_robot_vision:/opt/ros/humble DEBUGINFOD_URLS=https://debuginfod.ubuntu.com /usr/bin/cmake --build /home/kinarast/robot_ws/build/robot_navigation -- -j8 -l8
[0.562s] DEBUG:colcon.colcon_core.event_handler.log_command:Invoked command in '/home/kinarast/robot_ws/build/robot_control' returned '0': CMAKE_PREFIX_PATH=${CMAKE_PREFIX_PATH}:/home/kinarast/test1_ws/install/my_robot_vision:/home/kinarast/ros2_ws/install/my_robot_vision:/opt/ros/humble DEBUGINFOD_URLS=https://debuginfod.ubuntu.com /usr/bin/cmake --build /home/kinarast/robot_ws/build/robot_control -- -j8 -l8
[0.568s] DEBUG:colcon.colcon_core.event_handler.log_command:Invoking command in '/home/kinarast/robot_ws/build/robot_control': CMAKE_PREFIX_PATH=${CMAKE_PREFIX_PATH}:/home/kinarast/test1_ws/install/my_robot_vision:/home/kinarast/ros2_ws/install/my_robot_vision:/opt/ros/humble DEBUGINFOD_URLS=https://debuginfod.ubuntu.com /usr/bin/cmake --install /home/kinarast/robot_ws/build/robot_control
[0.569s] DEBUG:colcon.colcon_core.event_handler.log_command:Invoked command in '/home/kinarast/robot_ws/build/robot_description' returned '0': CMAKE_PREFIX_PATH=${CMAKE_PREFIX_PATH}:/home/kinarast/test1_ws/install/my_robot_vision:/home/kinarast/ros2_ws/install/my_robot_vision:/opt/ros/humble DEBUGINFOD_URLS=https://debuginfod.ubuntu.com /usr/bin/cmake --build /home/kinarast/robot_ws/build/robot_description -- -j8 -l8
[0.573s] DEBUG:colcon.colcon_core.event_handler.log_command:Invoking command in '/home/kinarast/robot_ws/build/robot_description': CMAKE_PREFIX_PATH=${CMAKE_PREFIX_PATH}:/home/kinarast/test1_ws/install/my_robot_vision:/home/kinarast/ros2_ws/install/my_robot_vision:/opt/ros/humble DEBUGINFOD_URLS=https://debuginfod.ubuntu.com /usr/bin/cmake --install /home/kinarast/robot_ws/build/robot_description
[0.582s] DEBUG:colcon.colcon_core.event_handler.log_command:Invoked command in '/home/kinarast/robot_ws/build/robot_navigation' returned '0': CMAKE_PREFIX_PATH=${CMAKE_PREFIX_PATH}:/home/kinarast/test1_ws/install/my_robot_vision:/home/kinarast/ros2_ws/install/my_robot_vision:/opt/ros/humble DEBUGINFOD_URLS=https://debuginfod.ubuntu.com /usr/bin/cmake --build /home/kinarast/robot_ws/build/robot_navigation -- -j8 -l8
[0.589s] DEBUG:colcon.colcon_core.event_handler.log_command:Invoking command in '/home/kinarast/robot_ws/build/robot_navigation': CMAKE_PREFIX_PATH=${CMAKE_PREFIX_PATH}:/home/kinarast/test1_ws/install/my_robot_vision:/home/kinarast/ros2_ws/install/my_robot_vision:/opt/ros/humble DEBUGINFOD_URLS=https://debuginfod.ubuntu.com /usr/bin/cmake --install /home/kinarast/robot_ws/build/robot_navigation
[0.602s] Level 1:colcon.colcon_core.environment:create_environment_scripts_only(robot_control)
[0.602s] DEBUG:colcon.colcon_core.event_handler.log_command:Invoked command in '/home/kinarast/robot_ws/build/robot_control' returned '0': CMAKE_PREFIX_PATH=${CMAKE_PREFIX_PATH}:/home/kinarast/test1_ws/install/my_robot_vision:/home/kinarast/ros2_ws/install/my_robot_vision:/opt/ros/humble DEBUGINFOD_URLS=https://debuginfod.ubuntu.com /usr/bin/cmake --install /home/kinarast/robot_ws/build/robot_control
[0.608s] Level 1:colcon.colcon_core.environment:checking '/home/kinarast/robot_ws/install/robot_control' for CMake module files
[0.609s] Level 1:colcon.colcon_core.environment:checking '/home/kinarast/robot_ws/install/robot_control' for CMake config files
[0.609s] Level 1:colcon.colcon_core.shell:create_environment_hook('robot_control', 'cmake_prefix_path')
[0.609s] INFO:colcon.colcon_core.shell:Creating environment hook '/home/kinarast/robot_ws/install/robot_control/share/robot_control/hook/cmake_prefix_path.ps1'
[0.610s] INFO:colcon.colcon_core.shell:Creating environment descriptor '/home/kinarast/robot_ws/install/robot_control/share/robot_control/hook/cmake_prefix_path.dsv'
[0.611s] INFO:colcon.colcon_core.shell:Creating environment hook '/home/kinarast/robot_ws/install/robot_control/share/robot_control/hook/cmake_prefix_path.sh'
[0.612s] Level 1:colcon.colcon_core.environment:checking '/home/kinarast/robot_ws/install/robot_control/lib'
[0.612s] Level 1:colcon.colcon_core.environment:checking '/home/kinarast/robot_ws/install/robot_control/bin'
[0.612s] Level 1:colcon.colcon_core.environment:checking '/home/kinarast/robot_ws/install/robot_control/lib/pkgconfig/robot_control.pc'
[0.613s] Level 1:colcon.colcon_core.environment:checking '/home/kinarast/robot_ws/install/robot_control/lib/python3.10/site-packages'
[0.613s] Level 1:colcon.colcon_core.environment:checking '/home/kinarast/robot_ws/install/robot_control/bin'
[0.614s] INFO:colcon.colcon_core.shell:Creating package script '/home/kinarast/robot_ws/install/robot_control/share/robot_control/package.ps1'
[0.615s] INFO:colcon.colcon_core.shell:Creating package descriptor '/home/kinarast/robot_ws/install/robot_control/share/robot_control/package.dsv'
[0.616s] INFO:colcon.colcon_core.shell:Creating package script '/home/kinarast/robot_ws/install/robot_control/share/robot_control/package.sh'
[0.617s] INFO:colcon.colcon_core.shell:Creating package script '/home/kinarast/robot_ws/install/robot_control/share/robot_control/package.bash'
[0.619s] INFO:colcon.colcon_core.shell:Creating package script '/home/kinarast/robot_ws/install/robot_control/share/robot_control/package.zsh'
[0.620s] Level 1:colcon.colcon_core.environment:create_file_with_runtime_dependencies(/home/kinarast/robot_ws/install/robot_control/share/colcon-core/packages/robot_control)
[0.622s] Level 1:colcon.colcon_core.environment:create_environment_scripts_only(robot_control)
[0.622s] Level 1:colcon.colcon_core.environment:checking '/home/kinarast/robot_ws/install/robot_control' for CMake module files
[0.623s] Level 1:colcon.colcon_core.environment:checking '/home/kinarast/robot_ws/install/robot_control' for CMake config files
[0.624s] Level 1:colcon.colcon_core.shell:create_environment_hook('robot_control', 'cmake_prefix_path')
[0.625s] INFO:colcon.colcon_core.shell:Creating environment hook '/home/kinarast/robot_ws/install/robot_control/share/robot_control/hook/cmake_prefix_path.ps1'
[0.625s] INFO:colcon.colcon_core.shell:Creating environment descriptor '/home/kinarast/robot_ws/install/robot_control/share/robot_control/hook/cmake_prefix_path.dsv'
[0.626s] INFO:colcon.colcon_core.shell:Creating environment hook '/home/kinarast/robot_ws/install/robot_control/share/robot_control/hook/cmake_prefix_path.sh'
[0.627s] Level 1:colcon.colcon_core.environment:checking '/home/kinarast/robot_ws/install/robot_control/lib'
[0.627s] Level 1:colcon.colcon_core.environment:checking '/home/kinarast/robot_ws/install/robot_control/bin'
[0.627s] Level 1:colcon.colcon_core.environment:checking '/home/kinarast/robot_ws/install/robot_control/lib/pkgconfig/robot_control.pc'
[0.628s] Level 1:colcon.colcon_core.environment:checking '/home/kinarast/robot_ws/install/robot_control/lib/python3.10/site-packages'
[0.628s] Level 1:colcon.colcon_core.environment:checking '/home/kinarast/robot_ws/install/robot_control/bin'
[0.628s] INFO:colcon.colcon_core.shell:Creating package script '/home/kinarast/robot_ws/install/robot_control/share/robot_control/package.ps1'
[0.629s] INFO:colcon.colcon_core.shell:Creating package descriptor '/home/kinarast/robot_ws/install/robot_control/share/robot_control/package.dsv'
[0.629s] INFO:colcon.colcon_core.shell:Creating package script '/home/kinarast/robot_ws/install/robot_control/share/robot_control/package.sh'
[0.630s] INFO:colcon.colcon_core.shell:Creating package script '/home/kinarast/robot_ws/install/robot_control/share/robot_control/package.bash'
[0.630s] INFO:colcon.colcon_core.shell:Creating package script '/home/kinarast/robot_ws/install/robot_control/share/robot_control/package.zsh'
[0.631s] Level 1:colcon.colcon_core.environment:create_file_with_runtime_dependencies(/home/kinarast/robot_ws/install/robot_control/share/colcon-core/packages/robot_control)
[0.633s] Level 1:colcon.colcon_core.environment:create_environment_scripts_only(robot_navigation)
[0.633s] Level 1:colcon.colcon_core.environment:checking '/home/kinarast/robot_ws/install/robot_navigation' for CMake module files
[0.634s] DEBUG:colcon.colcon_core.event_handler.log_command:Invoked command in '/home/kinarast/robot_ws/build/robot_navigation' returned '0': CMAKE_PREFIX_PATH=${CMAKE_PREFIX_PATH}:/home/kinarast/test1_ws/install/my_robot_vision:/home/kinarast/ros2_ws/install/my_robot_vision:/opt/ros/humble DEBUGINFOD_URLS=https://debuginfod.ubuntu.com /usr/bin/cmake --install /home/kinarast/robot_ws/build/robot_navigation
[0.634s] Level 1:colcon.colcon_core.environment:checking '/home/kinarast/robot_ws/install/robot_navigation' for CMake config files
[0.635s] Level 1:colcon.colcon_core.shell:create_environment_hook('robot_navigation', 'cmake_prefix_path')
[0.635s] INFO:colcon.colcon_core.shell:Creating environment hook '/home/kinarast/robot_ws/install/robot_navigation/share/robot_navigation/hook/cmake_prefix_path.ps1'
[0.635s] INFO:colcon.colcon_core.shell:Creating environment descriptor '/home/kinarast/robot_ws/install/robot_navigation/share/robot_navigation/hook/cmake_prefix_path.dsv'
[0.636s] INFO:colcon.colcon_core.shell:Creating environment hook '/home/kinarast/robot_ws/install/robot_navigation/share/robot_navigation/hook/cmake_prefix_path.sh'
[0.637s] Level 1:colcon.colcon_core.environment:checking '/home/kinarast/robot_ws/install/robot_navigation/lib'
[0.637s] Level 1:colcon.colcon_core.environment:checking '/home/kinarast/robot_ws/install/robot_navigation/bin'
[0.637s] Level 1:colcon.colcon_core.environment:checking '/home/kinarast/robot_ws/install/robot_navigation/lib/pkgconfig/robot_navigation.pc'
[0.638s] Level 1:colcon.colcon_core.environment:checking '/home/kinarast/robot_ws/install/robot_navigation/lib/python3.10/site-packages'
[0.638s] Level 1:colcon.colcon_core.environment:checking '/home/kinarast/robot_ws/install/robot_navigation/bin'
[0.639s] INFO:colcon.colcon_core.shell:Creating package script '/home/kinarast/robot_ws/install/robot_navigation/share/robot_navigation/package.ps1'
[0.639s] INFO:colcon.colcon_core.shell:Creating package descriptor '/home/kinarast/robot_ws/install/robot_navigation/share/robot_navigation/package.dsv'
[0.640s] INFO:colcon.colcon_core.shell:Creating package script '/home/kinarast/robot_ws/install/robot_navigation/share/robot_navigation/package.sh'
[0.640s] INFO:colcon.colcon_core.shell:Creating package script '/home/kinarast/robot_ws/install/robot_navigation/share/robot_navigation/package.bash'
[0.641s] INFO:colcon.colcon_core.shell:Creating package script '/home/kinarast/robot_ws/install/robot_navigation/share/robot_navigation/package.zsh'
[0.641s] Level 1:colcon.colcon_core.environment:create_file_with_runtime_dependencies(/home/kinarast/robot_ws/install/robot_navigation/share/colcon-core/packages/robot_navigation)
[0.642s] Level 1:colcon.colcon_core.environment:create_environment_scripts_only(robot_navigation)
[0.642s] Level 1:colcon.colcon_core.environment:checking '/home/kinarast/robot_ws/install/robot_navigation' for CMake module files
[0.643s] Level 1:colcon.colcon_core.environment:checking '/home/kinarast/robot_ws/install/robot_navigation' for CMake config files
[0.643s] Level 1:colcon.colcon_core.shell:create_environment_hook('robot_navigation', 'cmake_prefix_path')
[0.643s] INFO:colcon.colcon_core.shell:Creating environment hook '/home/kinarast/robot_ws/install/robot_navigation/share/robot_navigation/hook/cmake_prefix_path.ps1'
[0.644s] INFO:colcon.colcon_core.shell:Creating environment descriptor '/home/kinarast/robot_ws/install/robot_navigation/share/robot_navigation/hook/cmake_prefix_path.dsv'
[0.644s] INFO:colcon.colcon_core.shell:Creating environment hook '/home/kinarast/robot_ws/install/robot_navigation/share/robot_navigation/hook/cmake_prefix_path.sh'
[0.645s] Level 1:colcon.colcon_core.environment:checking '/home/kinarast/robot_ws/install/robot_navigation/lib'
[0.645s] Level 1:colcon.colcon_core.environment:checking '/home/kinarast/robot_ws/install/robot_navigation/bin'
[0.645s] Level 1:colcon.colcon_core.environment:checking '/home/kinarast/robot_ws/install/robot_navigation/lib/pkgconfig/robot_navigation.pc'
[0.646s] Level 1:colcon.colcon_core.environment:checking '/home/kinarast/robot_ws/install/robot_navigation/lib/python3.10/site-packages'
[0.646s] Level 1:colcon.colcon_core.environment:checking '/home/kinarast/robot_ws/install/robot_navigation/bin'
[0.646s] INFO:colcon.colcon_core.shell:Creating package script '/home/kinarast/robot_ws/install/robot_navigation/share/robot_navigation/package.ps1'
[0.647s] INFO:colcon.colcon_core.shell:Creating package descriptor '/home/kinarast/robot_ws/install/robot_navigation/share/robot_navigation/package.dsv'
[0.647s] INFO:colcon.colcon_core.shell:Creating package script '/home/kinarast/robot_ws/install/robot_navigation/share/robot_navigation/package.sh'
[0.648s] INFO:colcon.colcon_core.shell:Creating package script '/home/kinarast/robot_ws/install/robot_navigation/share/robot_navigation/package.bash'
[0.648s] INFO:colcon.colcon_core.shell:Creating package script '/home/kinarast/robot_ws/install/robot_navigation/share/robot_navigation/package.zsh'
[0.649s] Level 1:colcon.colcon_core.environment:create_file_with_runtime_dependencies(/home/kinarast/robot_ws/install/robot_navigation/share/colcon-core/packages/robot_navigation)
[0.649s] Level 1:colcon.colcon_core.environment:create_environment_scripts_only(robot_description)
[0.649s] Level 1:colcon.colcon_core.environment:checking '/home/kinarast/robot_ws/install/robot_description' for CMake module files
[0.650s] DEBUG:colcon.colcon_core.event_handler.log_command:Invoked command in '/home/kinarast/robot_ws/build/robot_description' returned '0': CMAKE_PREFIX_PATH=${CMAKE_PREFIX_PATH}:/home/kinarast/test1_ws/install/my_robot_vision:/home/kinarast/ros2_ws/install/my_robot_vision:/opt/ros/humble DEBUGINFOD_URLS=https://debuginfod.ubuntu.com /usr/bin/cmake --install /home/kinarast/robot_ws/build/robot_description
[0.650s] Level 1:colcon.colcon_core.environment:checking '/home/kinarast/robot_ws/install/robot_description' for CMake config files
[0.651s] Level 1:colcon.colcon_core.shell:create_environment_hook('robot_description', 'cmake_prefix_path')
[0.651s] INFO:colcon.colcon_core.shell:Creating environment hook '/home/kinarast/robot_ws/install/robot_description/share/robot_description/hook/cmake_prefix_path.ps1'
[0.652s] INFO:colcon.colcon_core.shell:Creating environment descriptor '/home/kinarast/robot_ws/install/robot_description/share/robot_description/hook/cmake_prefix_path.dsv'
[0.652s] INFO:colcon.colcon_core.shell:Creating environment hook '/home/kinarast/robot_ws/install/robot_description/share/robot_description/hook/cmake_prefix_path.sh'
[0.654s] Level 1:colcon.colcon_core.environment:checking '/home/kinarast/robot_ws/install/robot_description/bin'
[0.654s] Level 1:colcon.colcon_core.environment:checking '/home/kinarast/robot_ws/install/robot_description/lib/pkgconfig/robot_description.pc'
[0.655s] Level 1:colcon.colcon_core.environment:checking '/home/kinarast/robot_ws/install/robot_description/lib/python3.10/site-packages'
[0.655s] Level 1:colcon.colcon_core.environment:checking '/home/kinarast/robot_ws/install/robot_description/bin'
[0.656s] INFO:colcon.colcon_core.shell:Creating package script '/home/kinarast/robot_ws/install/robot_description/share/robot_description/package.ps1'
[0.657s] INFO:colcon.colcon_core.shell:Creating package descriptor '/home/kinarast/robot_ws/install/robot_description/share/robot_description/package.dsv'
[0.657s] INFO:colcon.colcon_core.shell:Creating package script '/home/kinarast/robot_ws/install/robot_description/share/robot_description/package.sh'
[0.657s] INFO:colcon.colcon_core.shell:Creating package script '/home/kinarast/robot_ws/install/robot_description/share/robot_description/package.bash'
[0.658s] INFO:colcon.colcon_core.shell:Creating package script '/home/kinarast/robot_ws/install/robot_description/share/robot_description/package.zsh'
[0.658s] Level 1:colcon.colcon_core.environment:create_file_with_runtime_dependencies(/home/kinarast/robot_ws/install/robot_description/share/colcon-core/packages/robot_description)
[0.659s] Level 1:colcon.colcon_core.environment:create_environment_scripts_only(robot_description)
[0.659s] Level 1:colcon.colcon_core.environment:checking '/home/kinarast/robot_ws/install/robot_description' for CMake module files
[0.660s] Level 1:colcon.colcon_core.environment:checking '/home/kinarast/robot_ws/install/robot_description' for CMake config files
[0.660s] Level 1:colcon.colcon_core.shell:create_environment_hook('robot_description', 'cmake_prefix_path')
[0.661s] INFO:colcon.colcon_core.shell:Creating environment hook '/home/kinarast/robot_ws/install/robot_description/share/robot_description/hook/cmake_prefix_path.ps1'
[0.661s] INFO:colcon.colcon_core.shell:Creating environment descriptor '/home/kinarast/robot_ws/install/robot_description/share/robot_description/hook/cmake_prefix_path.dsv'
[0.661s] INFO:colcon.colcon_core.shell:Creating environment hook '/home/kinarast/robot_ws/install/robot_description/share/robot_description/hook/cmake_prefix_path.sh'
[0.662s] Level 1:colcon.colcon_core.environment:checking '/home/kinarast/robot_ws/install/robot_description/bin'
[0.662s] Level 1:colcon.colcon_core.environment:checking '/home/kinarast/robot_ws/install/robot_description/lib/pkgconfig/robot_description.pc'
[0.662s] Level 1:colcon.colcon_core.environment:checking '/home/kinarast/robot_ws/install/robot_description/lib/python3.10/site-packages'
[0.663s] Level 1:colcon.colcon_core.environment:checking '/home/kinarast/robot_ws/install/robot_description/bin'
[0.663s] INFO:colcon.colcon_core.shell:Creating package script '/home/kinarast/robot_ws/install/robot_description/share/robot_description/package.ps1'
[0.663s] INFO:colcon.colcon_core.shell:Creating package descriptor '/home/kinarast/robot_ws/install/robot_description/share/robot_description/package.dsv'
[0.664s] INFO:colcon.colcon_core.shell:Creating package script '/home/kinarast/robot_ws/install/robot_description/share/robot_description/package.sh'
[0.665s] INFO:colcon.colcon_core.shell:Creating package script '/home/kinarast/robot_ws/install/robot_description/share/robot_description/package.bash'
[0.665s] INFO:colcon.colcon_core.shell:Creating package script '/home/kinarast/robot_ws/install/robot_description/share/robot_description/package.zsh'
[0.666s] Level 1:colcon.colcon_core.environment:create_file_with_runtime_dependencies(/home/kinarast/robot_ws/install/robot_description/share/colcon-core/packages/robot_description)
[0.666s] DEBUG:colcon.colcon_parallel_executor.executor.parallel:closing loop
[0.666s] DEBUG:colcon.colcon_parallel_executor.executor.parallel:loop closed
[0.666s] DEBUG:colcon.colcon_parallel_executor.executor.parallel:run_until_complete finished with '0'
[0.666s] DEBUG:colcon.colcon_core.event_reactor:joining thread
[0.675s] INFO:colcon.colcon_core.plugin_system:Skipping extension 'colcon_notification.desktop_notification.terminal_notifier': Not used on non-Darwin systems
[0.675s] INFO:colcon.colcon_core.plugin_system:Skipping extension 'colcon_notification.desktop_notification.win32': Not used on non-Windows systems
[0.676s] INFO:colcon.colcon_notification.desktop_notification:Sending desktop notification using 'notify2'
[0.685s] DEBUG:colcon.colcon_core.event_reactor:joined thread
[0.686s] INFO:colcon.colcon_core.shell:Creating prefix script '/home/kinarast/robot_ws/install/local_setup.ps1'
[0.687s] INFO:colcon.colcon_core.shell:Creating prefix util module '/home/kinarast/robot_ws/install/_local_setup_util_ps1.py'
[0.689s] INFO:colcon.colcon_core.shell:Creating prefix chain script '/home/kinarast/robot_ws/install/setup.ps1'
[0.690s] INFO:colcon.colcon_core.shell:Creating prefix script '/home/kinarast/robot_ws/install/local_setup.sh'
[0.691s] INFO:colcon.colcon_core.shell:Creating prefix util module '/home/kinarast/robot_ws/install/_local_setup_util_sh.py'
[0.692s] INFO:colcon.colcon_core.shell:Creating prefix chain script '/home/kinarast/robot_ws/install/setup.sh'
[0.694s] INFO:colcon.colcon_core.shell:Creating prefix script '/home/kinarast/robot_ws/install/local_setup.bash'
[0.695s] INFO:colcon.colcon_core.shell:Creating prefix chain script '/home/kinarast/robot_ws/install/setup.bash'
[0.696s] INFO:colcon.colcon_core.shell:Creating prefix script '/home/kinarast/robot_ws/install/local_setup.zsh'
[0.696s] INFO:colcon.colcon_core.shell:Creating prefix chain script '/home/kinarast/robot_ws/install/setup.zsh'
