[0.204s] Invoking command in '/home/kinarast/robot_ws/build/robot_navigation': CMAKE_PREFIX_PATH=${CMAKE_PREFIX_PATH}:/home/kinarast/test1_ws/install/my_robot_vision:/home/kinarast/ros2_ws/install/my_robot_vision:/opt/ros/humble /usr/bin/cmake --build /home/kinarast/robot_ws/build/robot_navigation -- -j8 -l8
[1.741s] Invoked command in '/home/kinarast/robot_ws/build/robot_navigation' returned '0': CMAKE_PREFIX_PATH=${CMAKE_PREFIX_PATH}:/home/kinarast/test1_ws/install/my_robot_vision:/home/kinarast/ros2_ws/install/my_robot_vision:/opt/ros/humble /usr/bin/cmake --build /home/kinarast/robot_ws/build/robot_navigation -- -j8 -l8
[1.793s] Invoking command in '/home/kinarast/robot_ws/build/robot_navigation': CMAKE_PREFIX_PATH=${CMAKE_PREFIX_PATH}:/home/kinarast/test1_ws/install/my_robot_vision:/home/kinarast/ros2_ws/install/my_robot_vision:/opt/ros/humble /usr/bin/cmake --install /home/kinarast/robot_ws/build/robot_navigation
[1.809s] -- Install configuration: ""
[1.820s] -- Execute custom install script
[1.910s] -- Up-to-date symlink: /home/kinarast/robot_ws/install/robot_navigation/lib/robot_navigation/a_star.py
[1.912s] -- Up-to-date symlink: /home/kinarast/robot_ws/install/robot_navigation/share/robot_navigation/launch/navigation.launch.py
[1.913s] -- Up-to-date symlink: /home/kinarast/robot_ws/install/robot_navigation/share/ament_index/resource_index/package_run_dependencies/robot_navigation
[1.913s] -- Up-to-date symlink: /home/kinarast/robot_ws/install/robot_navigation/share/ament_index/resource_index/parent_prefix_path/robot_navigation
[1.943s] -- Up-to-date symlink: /home/kinarast/robot_ws/install/robot_navigation/share/robot_navigation/environment/ament_prefix_path.sh
[1.976s] -- Up-to-date symlink: /home/kinarast/robot_ws/install/robot_navigation/share/robot_navigation/environment/ament_prefix_path.dsv
[2.009s] -- Up-to-date symlink: /home/kinarast/robot_ws/install/robot_navigation/share/robot_navigation/environment/path.sh
[2.010s] -- Up-to-date symlink: /home/kinarast/robot_ws/install/robot_navigation/share/robot_navigation/environment/path.dsv
[2.010s] -- Up-to-date symlink: /home/kinarast/robot_ws/install/robot_navigation/share/robot_navigation/local_setup.bash
[2.028s] -- Up-to-date symlink: /home/kinarast/robot_ws/install/robot_navigation/share/robot_navigation/local_setup.sh
[2.028s] -- Up-to-date symlink: /home/kinarast/robot_ws/install/robot_navigation/share/robot_navigation/local_setup.zsh
[2.029s] -- Up-to-date symlink: /home/kinarast/robot_ws/install/robot_navigation/share/robot_navigation/local_setup.dsv
[2.029s] -- Symlinking: /home/kinarast/robot_ws/install/robot_navigation/share/robot_navigation/package.dsv
[2.039s] -- Up-to-date symlink: /home/kinarast/robot_ws/install/robot_navigation/share/ament_index/resource_index/packages/robot_navigation
[2.039s] -- Up-to-date symlink: /home/kinarast/robot_ws/install/robot_navigation/share/robot_navigation/cmake/robot_navigationConfig.cmake
[2.039s] -- Up-to-date symlink: /home/kinarast/robot_ws/install/robot_navigation/share/robot_navigation/cmake/robot_navigationConfig-version.cmake
[2.040s] -- Up-to-date symlink: /home/kinarast/robot_ws/install/robot_navigation/share/robot_navigation/package.xml
[2.359s] Invoked command in '/home/kinarast/robot_ws/build/robot_navigation' returned '0': CMAKE_PREFIX_PATH=${CMAKE_PREFIX_PATH}:/home/kinarast/test1_ws/install/my_robot_vision:/home/kinarast/ros2_ws/install/my_robot_vision:/opt/ros/humble /usr/bin/cmake --install /home/kinarast/robot_ws/build/robot_navigation
