[0.019s] Invoking command in '/home/kinarast/robot_ws/build/robot_description': CMAKE_PREFIX_PATH=${CMAKE_PREFIX_PATH}:/home/kinarast/test1_ws/install/my_robot_vision:/home/kinarast/ros2_ws/install/my_robot_vision:/opt/ros/humble /usr/bin/cmake /home/kinarast/robot_ws/src/robot_description -DCMAKE_INSTALL_PREFIX=/home/kinarast/robot_ws/install/robot_description
[0.033s] -- Found ament_cmake: 1.3.11 (/opt/ros/humble/share/ament_cmake/cmake)
[0.189s] -- Override CMake install command with custom implementation using symlinks instead of copying resources
[0.279s] -- Configuring done
[0.282s] -- Generating done
[0.284s] -- Build files have been written to: /home/kinarast/robot_ws/build/robot_description
[0.287s] Invoked command in '/home/kinarast/robot_ws/build/robot_description' returned '0': CMAKE_PREFIX_PATH=${CMAKE_PREFIX_PATH}:/home/kinarast/test1_ws/install/my_robot_vision:/home/kinarast/ros2_ws/install/my_robot_vision:/opt/ros/humble /usr/bin/cmake /home/kinarast/robot_ws/src/robot_description -DCMAKE_INSTALL_PREFIX=/home/kinarast/robot_ws/install/robot_description
[0.290s] Invoking command in '/home/kinarast/robot_ws/build/robot_description': CMAKE_PREFIX_PATH=${CMAKE_PREFIX_PATH}:/home/kinarast/test1_ws/install/my_robot_vision:/home/kinarast/ros2_ws/install/my_robot_vision:/opt/ros/humble /usr/bin/cmake --build /home/kinarast/robot_ws/build/robot_description -- -j8 -l8
[0.336s] Invoked command in '/home/kinarast/robot_ws/build/robot_description' returned '0': CMAKE_PREFIX_PATH=${CMAKE_PREFIX_PATH}:/home/kinarast/test1_ws/install/my_robot_vision:/home/kinarast/ros2_ws/install/my_robot_vision:/opt/ros/humble /usr/bin/cmake --build /home/kinarast/robot_ws/build/robot_description -- -j8 -l8
[0.350s] Invoking command in '/home/kinarast/robot_ws/build/robot_description': CMAKE_PREFIX_PATH=${CMAKE_PREFIX_PATH}:/home/kinarast/test1_ws/install/my_robot_vision:/home/kinarast/ros2_ws/install/my_robot_vision:/opt/ros/humble /usr/bin/cmake --install /home/kinarast/robot_ws/build/robot_description
[0.362s] -- Install configuration: ""
[0.363s] -- Execute custom install script
[0.364s] -- Up-to-date symlink: /home/kinarast/robot_ws/install/robot_description/share/robot_description/urdf/robot.urdf
[0.364s] -- Up-to-date symlink: /home/kinarast/robot_ws/install/robot_description/share/robot_description/urdf/robot.urdf.xacro
[0.364s] -- Up-to-date symlink: /home/kinarast/robot_ws/install/robot_description/share/robot_description/launch/display.launch.py
[0.365s] -- Up-to-date symlink: /home/kinarast/robot_ws/install/robot_description/share/ament_index/resource_index/package_run_dependencies/robot_description
[0.365s] -- Up-to-date symlink: /home/kinarast/robot_ws/install/robot_description/share/ament_index/resource_index/parent_prefix_path/robot_description
[0.365s] -- Up-to-date symlink: /home/kinarast/robot_ws/install/robot_description/share/robot_description/environment/ament_prefix_path.sh
[0.366s] -- Up-to-date symlink: /home/kinarast/robot_ws/install/robot_description/share/robot_description/environment/ament_prefix_path.dsv
[0.366s] -- Up-to-date symlink: /home/kinarast/robot_ws/install/robot_description/share/robot_description/environment/path.sh
[0.367s] -- Up-to-date symlink: /home/kinarast/robot_ws/install/robot_description/share/robot_description/environment/path.dsv
[0.367s] -- Up-to-date symlink: /home/kinarast/robot_ws/install/robot_description/share/robot_description/local_setup.bash
[0.367s] -- Up-to-date symlink: /home/kinarast/robot_ws/install/robot_description/share/robot_description/local_setup.sh
[0.368s] -- Up-to-date symlink: /home/kinarast/robot_ws/install/robot_description/share/robot_description/local_setup.zsh
[0.368s] -- Up-to-date symlink: /home/kinarast/robot_ws/install/robot_description/share/robot_description/local_setup.dsv
[0.368s] -- Symlinking: /home/kinarast/robot_ws/install/robot_description/share/robot_description/package.dsv
[0.380s] -- Up-to-date symlink: /home/kinarast/robot_ws/install/robot_description/share/ament_index/resource_index/packages/robot_description
[0.380s] -- Up-to-date symlink: /home/kinarast/robot_ws/install/robot_description/share/robot_description/cmake/robot_descriptionConfig.cmake
[0.380s] -- Up-to-date symlink: /home/kinarast/robot_ws/install/robot_description/share/robot_description/cmake/robot_descriptionConfig-version.cmake
[0.380s] -- Up-to-date symlink: /home/kinarast/robot_ws/install/robot_description/share/robot_description/package.xml
[0.383s] Invoked command in '/home/kinarast/robot_ws/build/robot_description' returned '0': CMAKE_PREFIX_PATH=${CMAKE_PREFIX_PATH}:/home/kinarast/test1_ws/install/my_robot_vision:/home/kinarast/ros2_ws/install/my_robot_vision:/opt/ros/humble /usr/bin/cmake --install /home/kinarast/robot_ws/build/robot_description
