[0.130s] DEBUG:colcon:Command line arguments: ['/usr/bin/colcon', 'build', '--symlink-install']
[0.130s] DEBUG:colcon:Parsed command line arguments: Namespace(log_base=None, log_level=None, verb_name='build', build_base='build', install_base='install', merge_install=False, symlink_install=True, test_result_base=None, continue_on_error=False, executor='parallel', parallel_workers=8, event_handlers=None, ignore_user_meta=False, metas=['./colcon.meta'], base_paths=['.'], packages_ignore=None, packages_ignore_regex=None, paths=None, packages_up_to=None, packages_up_to_regex=None, packages_above=None, packages_above_and_dependencies=None, packages_above_depth=None, packages_select_by_dep=None, packages_skip_by_dep=None, packages_skip_up_to=None, packages_select_build_failed=False, packages_skip_build_finished=False, packages_select_test_failures=False, packages_skip_test_passed=False, packages_select=None, packages_skip=None, packages_select_regex=None, packages_skip_regex=None, packages_start=None, packages_end=None, allow_overriding=[], cmake_args=None, cmake_target=None, cmake_target_skip_unavailable=False, cmake_clean_cache=False, cmake_clean_first=False, cmake_force_configure=False, ament_cmake_args=None, catkin_cmake_args=None, catkin_skip_building_tests=False, mixin_files=None, mixin=None, verb_parser=<colcon_mixin.mixin.mixin_argument.MixinArgumentDecorator object at 0x7da723fa8370>, verb_extension=<colcon_core.verb.build.BuildVerb object at 0x7da723f7fdc0>, main=<bound method BuildVerb.main of <colcon_core.verb.build.BuildVerb object at 0x7da723f7fdc0>>, mixin_verb=('build',))
[0.388s] Level 1:colcon.colcon_core.package_discovery:discover_packages(colcon_meta) check parameters
[0.388s] Level 1:colcon.colcon_core.package_discovery:discover_packages(recursive) check parameters
[0.388s] Level 1:colcon.colcon_core.package_discovery:discover_packages(ignore) check parameters
[0.388s] Level 1:colcon.colcon_core.package_discovery:discover_packages(path) check parameters
[0.388s] Level 1:colcon.colcon_core.package_discovery:discover_packages(colcon_meta) discover
[0.388s] Level 1:colcon.colcon_core.package_discovery:discover_packages(recursive) discover
[0.388s] INFO:colcon.colcon_core.package_discovery:Crawling recursively for packages in '/home/kinarast/robot_ws'
[0.388s] Level 1:colcon.colcon_core.package_identification:_identify(.) by extensions ['ignore', 'ignore_ament_install']
[0.389s] Level 1:colcon.colcon_core.package_identification:_identify(.) by extension 'ignore'
[0.389s] Level 1:colcon.colcon_core.package_identification:_identify(.) by extension 'ignore_ament_install'
[0.389s] Level 1:colcon.colcon_core.package_identification:_identify(.) by extensions ['colcon_pkg']
[0.389s] Level 1:colcon.colcon_core.package_identification:_identify(.) by extension 'colcon_pkg'
[0.389s] Level 1:colcon.colcon_core.package_identification:_identify(.) by extensions ['colcon_meta']
[0.389s] Level 1:colcon.colcon_core.package_identification:_identify(.) by extension 'colcon_meta'
[0.389s] Level 1:colcon.colcon_core.package_identification:_identify(.) by extensions ['ros']
[0.389s] Level 1:colcon.colcon_core.package_identification:_identify(.) by extension 'ros'
[0.411s] Level 1:colcon.colcon_core.package_identification:_identify(.) by extensions ['cmake', 'python']
[0.411s] Level 1:colcon.colcon_core.package_identification:_identify(.) by extension 'cmake'
[0.412s] Level 1:colcon.colcon_core.package_identification:_identify(.) by extension 'python'
[0.412s] Level 1:colcon.colcon_core.package_identification:_identify(.) by extensions ['python_setup_py']
[0.412s] Level 1:colcon.colcon_core.package_identification:_identify(.) by extension 'python_setup_py'
[0.412s] Level 1:colcon.colcon_core.package_identification:_identify(build) by extensions ['ignore', 'ignore_ament_install']
[0.412s] Level 1:colcon.colcon_core.package_identification:_identify(build) by extension 'ignore'
[0.412s] Level 1:colcon.colcon_core.package_identification:_identify(build) ignored
[0.412s] Level 1:colcon.colcon_core.package_identification:_identify(install) by extensions ['ignore', 'ignore_ament_install']
[0.412s] Level 1:colcon.colcon_core.package_identification:_identify(install) by extension 'ignore'
[0.412s] Level 1:colcon.colcon_core.package_identification:_identify(install) ignored
[0.412s] Level 1:colcon.colcon_core.package_identification:_identify(log) by extensions ['ignore', 'ignore_ament_install']
[0.413s] Level 1:colcon.colcon_core.package_identification:_identify(log) by extension 'ignore'
[0.413s] Level 1:colcon.colcon_core.package_identification:_identify(log) ignored
[0.413s] Level 1:colcon.colcon_core.package_identification:_identify(src) by extensions ['ignore', 'ignore_ament_install']
[0.413s] Level 1:colcon.colcon_core.package_identification:_identify(src) by extension 'ignore'
[0.413s] Level 1:colcon.colcon_core.package_identification:_identify(src) by extension 'ignore_ament_install'
[0.413s] Level 1:colcon.colcon_core.package_identification:_identify(src) by extensions ['colcon_pkg']
[0.413s] Level 1:colcon.colcon_core.package_identification:_identify(src) by extension 'colcon_pkg'
[0.413s] Level 1:colcon.colcon_core.package_identification:_identify(src) by extensions ['colcon_meta']
[0.413s] Level 1:colcon.colcon_core.package_identification:_identify(src) by extension 'colcon_meta'
[0.413s] Level 1:colcon.colcon_core.package_identification:_identify(src) by extensions ['ros']
[0.413s] Level 1:colcon.colcon_core.package_identification:_identify(src) by extension 'ros'
[0.413s] Level 1:colcon.colcon_core.package_identification:_identify(src) by extensions ['cmake', 'python']
[0.413s] Level 1:colcon.colcon_core.package_identification:_identify(src) by extension 'cmake'
[0.413s] Level 1:colcon.colcon_core.package_identification:_identify(src) by extension 'python'
[0.413s] Level 1:colcon.colcon_core.package_identification:_identify(src) by extensions ['python_setup_py']
[0.413s] Level 1:colcon.colcon_core.package_identification:_identify(src) by extension 'python_setup_py'
[0.414s] Level 1:colcon.colcon_core.package_identification:_identify(src/plate) by extensions ['ignore', 'ignore_ament_install']
[0.414s] Level 1:colcon.colcon_core.package_identification:_identify(src/plate) by extension 'ignore'
[0.414s] Level 1:colcon.colcon_core.package_identification:_identify(src/plate) by extension 'ignore_ament_install'
[0.414s] Level 1:colcon.colcon_core.package_identification:_identify(src/plate) by extensions ['colcon_pkg']
[0.414s] Level 1:colcon.colcon_core.package_identification:_identify(src/plate) by extension 'colcon_pkg'
[0.414s] Level 1:colcon.colcon_core.package_identification:_identify(src/plate) by extensions ['colcon_meta']
[0.414s] Level 1:colcon.colcon_core.package_identification:_identify(src/plate) by extension 'colcon_meta'
[0.414s] Level 1:colcon.colcon_core.package_identification:_identify(src/plate) by extensions ['ros']
[0.414s] Level 1:colcon.colcon_core.package_identification:_identify(src/plate) by extension 'ros'
[0.414s] Level 1:colcon.colcon_core.package_identification:_identify(src/plate) by extensions ['cmake', 'python']
[0.414s] Level 1:colcon.colcon_core.package_identification:_identify(src/plate) by extension 'cmake'
[0.414s] Level 1:colcon.colcon_core.package_identification:_identify(src/plate) by extension 'python'
[0.414s] Level 1:colcon.colcon_core.package_identification:_identify(src/plate) by extensions ['python_setup_py']
[0.414s] Level 1:colcon.colcon_core.package_identification:_identify(src/plate) by extension 'python_setup_py'
[0.414s] Level 1:colcon.colcon_core.package_identification:_identify(src/robot_control) by extensions ['ignore', 'ignore_ament_install']
[0.414s] Level 1:colcon.colcon_core.package_identification:_identify(src/robot_control) by extension 'ignore'
[0.415s] Level 1:colcon.colcon_core.package_identification:_identify(src/robot_control) by extension 'ignore_ament_install'
[0.415s] Level 1:colcon.colcon_core.package_identification:_identify(src/robot_control) by extensions ['colcon_pkg']
[0.415s] Level 1:colcon.colcon_core.package_identification:_identify(src/robot_control) by extension 'colcon_pkg'
[0.415s] Level 1:colcon.colcon_core.package_identification:_identify(src/robot_control) by extensions ['colcon_meta']
[0.415s] Level 1:colcon.colcon_core.package_identification:_identify(src/robot_control) by extension 'colcon_meta'
[0.415s] Level 1:colcon.colcon_core.package_identification:_identify(src/robot_control) by extensions ['ros']
[0.415s] Level 1:colcon.colcon_core.package_identification:_identify(src/robot_control) by extension 'ros'
[0.418s] DEBUG:colcon.colcon_core.package_identification:Package 'src/robot_control' with type 'ros.ament_cmake' and name 'robot_control'
[0.418s] Level 1:colcon.colcon_core.package_identification:_identify(src/robot_description) by extensions ['ignore', 'ignore_ament_install']
[0.418s] Level 1:colcon.colcon_core.package_identification:_identify(src/robot_description) by extension 'ignore'
[0.418s] Level 1:colcon.colcon_core.package_identification:_identify(src/robot_description) by extension 'ignore_ament_install'
[0.418s] Level 1:colcon.colcon_core.package_identification:_identify(src/robot_description) by extensions ['colcon_pkg']
[0.419s] Level 1:colcon.colcon_core.package_identification:_identify(src/robot_description) by extension 'colcon_pkg'
[0.419s] Level 1:colcon.colcon_core.package_identification:_identify(src/robot_description) by extensions ['colcon_meta']
[0.419s] Level 1:colcon.colcon_core.package_identification:_identify(src/robot_description) by extension 'colcon_meta'
[0.419s] Level 1:colcon.colcon_core.package_identification:_identify(src/robot_description) by extensions ['ros']
[0.419s] Level 1:colcon.colcon_core.package_identification:_identify(src/robot_description) by extension 'ros'
[0.419s] DEBUG:colcon.colcon_core.package_identification:Package 'src/robot_description' with type 'ros.ament_cmake' and name 'robot_description'
[0.420s] Level 1:colcon.colcon_core.package_identification:_identify(src/robot_navigation) by extensions ['ignore', 'ignore_ament_install']
[0.420s] Level 1:colcon.colcon_core.package_identification:_identify(src/robot_navigation) by extension 'ignore'
[0.420s] Level 1:colcon.colcon_core.package_identification:_identify(src/robot_navigation) by extension 'ignore_ament_install'
[0.420s] Level 1:colcon.colcon_core.package_identification:_identify(src/robot_navigation) by extensions ['colcon_pkg']
[0.420s] Level 1:colcon.colcon_core.package_identification:_identify(src/robot_navigation) by extension 'colcon_pkg'
[0.420s] Level 1:colcon.colcon_core.package_identification:_identify(src/robot_navigation) by extensions ['colcon_meta']
[0.420s] Level 1:colcon.colcon_core.package_identification:_identify(src/robot_navigation) by extension 'colcon_meta'
[0.420s] Level 1:colcon.colcon_core.package_identification:_identify(src/robot_navigation) by extensions ['ros']
[0.420s] Level 1:colcon.colcon_core.package_identification:_identify(src/robot_navigation) by extension 'ros'
[0.421s] DEBUG:colcon.colcon_core.package_identification:Package 'src/robot_navigation' with type 'ros.ament_cmake' and name 'robot_navigation'
[0.421s] Level 1:colcon.colcon_core.package_discovery:discover_packages(recursive) using defaults
[0.421s] Level 1:colcon.colcon_core.package_discovery:discover_packages(ignore) discover
[0.421s] Level 1:colcon.colcon_core.package_discovery:discover_packages(ignore) using defaults
[0.421s] Level 1:colcon.colcon_core.package_discovery:discover_packages(path) discover
[0.421s] Level 1:colcon.colcon_core.package_discovery:discover_packages(path) using defaults
[0.444s] Level 1:colcon.colcon_core.package_discovery:discover_packages(prefix_path) check parameters
[0.444s] Level 1:colcon.colcon_core.package_discovery:discover_packages(prefix_path) discover
[0.447s] DEBUG:colcon.colcon_installed_package_information.package_discovery:Found 3 installed packages in /home/kinarast/robot_ws/install
[0.447s] DEBUG:colcon.colcon_installed_package_information.package_discovery:Found 3 installed packages in /home/kinarast/test1_ws/install
[0.448s] DEBUG:colcon.colcon_installed_package_information.package_discovery:Found 1 installed packages in /home/kinarast/ros2_ws/install
[0.450s] DEBUG:colcon.colcon_installed_package_information.package_discovery:Found 293 installed packages in /opt/ros/humble
[0.451s] Level 1:colcon.colcon_core.package_discovery:discover_packages(prefix_path) using defaults
[0.531s] Level 5:colcon.colcon_core.verb:set package 'robot_control' build argument 'cmake_args' from command line to 'None'
[0.531s] Level 5:colcon.colcon_core.verb:set package 'robot_control' build argument 'cmake_target' from command line to 'None'
[0.531s] Level 5:colcon.colcon_core.verb:set package 'robot_control' build argument 'cmake_target_skip_unavailable' from command line to 'False'
[0.531s] Level 5:colcon.colcon_core.verb:set package 'robot_control' build argument 'cmake_clean_cache' from command line to 'False'
[0.531s] Level 5:colcon.colcon_core.verb:set package 'robot_control' build argument 'cmake_clean_first' from command line to 'False'
[0.532s] Level 5:colcon.colcon_core.verb:set package 'robot_control' build argument 'cmake_force_configure' from command line to 'False'
[0.532s] Level 5:colcon.colcon_core.verb:set package 'robot_control' build argument 'ament_cmake_args' from command line to 'None'
[0.532s] Level 5:colcon.colcon_core.verb:set package 'robot_control' build argument 'catkin_cmake_args' from command line to 'None'
[0.532s] Level 5:colcon.colcon_core.verb:set package 'robot_control' build argument 'catkin_skip_building_tests' from command line to 'False'
[0.532s] DEBUG:colcon.colcon_core.verb:Building package 'robot_control' with the following arguments: {'ament_cmake_args': None, 'build_base': '/home/kinarast/robot_ws/build/robot_control', 'catkin_cmake_args': None, 'catkin_skip_building_tests': False, 'cmake_args': None, 'cmake_clean_cache': False, 'cmake_clean_first': False, 'cmake_force_configure': False, 'cmake_target': None, 'cmake_target_skip_unavailable': False, 'install_base': '/home/kinarast/robot_ws/install/robot_control', 'merge_install': False, 'path': '/home/kinarast/robot_ws/src/robot_control', 'symlink_install': True, 'test_result_base': None}
[0.532s] Level 5:colcon.colcon_core.verb:set package 'robot_description' build argument 'cmake_args' from command line to 'None'
[0.532s] Level 5:colcon.colcon_core.verb:set package 'robot_description' build argument 'cmake_target' from command line to 'None'
[0.532s] Level 5:colcon.colcon_core.verb:set package 'robot_description' build argument 'cmake_target_skip_unavailable' from command line to 'False'
[0.532s] Level 5:colcon.colcon_core.verb:set package 'robot_description' build argument 'cmake_clean_cache' from command line to 'False'
[0.533s] Level 5:colcon.colcon_core.verb:set package 'robot_description' build argument 'cmake_clean_first' from command line to 'False'
[0.533s] Level 5:colcon.colcon_core.verb:set package 'robot_description' build argument 'cmake_force_configure' from command line to 'False'
[0.533s] Level 5:colcon.colcon_core.verb:set package 'robot_description' build argument 'ament_cmake_args' from command line to 'None'
[0.533s] Level 5:colcon.colcon_core.verb:set package 'robot_description' build argument 'catkin_cmake_args' from command line to 'None'
[0.533s] Level 5:colcon.colcon_core.verb:set package 'robot_description' build argument 'catkin_skip_building_tests' from command line to 'False'
[0.533s] DEBUG:colcon.colcon_core.verb:Building package 'robot_description' with the following arguments: {'ament_cmake_args': None, 'build_base': '/home/kinarast/robot_ws/build/robot_description', 'catkin_cmake_args': None, 'catkin_skip_building_tests': False, 'cmake_args': None, 'cmake_clean_cache': False, 'cmake_clean_first': False, 'cmake_force_configure': False, 'cmake_target': None, 'cmake_target_skip_unavailable': False, 'install_base': '/home/kinarast/robot_ws/install/robot_description', 'merge_install': False, 'path': '/home/kinarast/robot_ws/src/robot_description', 'symlink_install': True, 'test_result_base': None}
[0.533s] Level 5:colcon.colcon_core.verb:set package 'robot_navigation' build argument 'cmake_args' from command line to 'None'
[0.533s] Level 5:colcon.colcon_core.verb:set package 'robot_navigation' build argument 'cmake_target' from command line to 'None'
[0.533s] Level 5:colcon.colcon_core.verb:set package 'robot_navigation' build argument 'cmake_target_skip_unavailable' from command line to 'False'
[0.534s] Level 5:colcon.colcon_core.verb:set package 'robot_navigation' build argument 'cmake_clean_cache' from command line to 'False'
[0.534s] Level 5:colcon.colcon_core.verb:set package 'robot_navigation' build argument 'cmake_clean_first' from command line to 'False'
[0.534s] Level 5:colcon.colcon_core.verb:set package 'robot_navigation' build argument 'cmake_force_configure' from command line to 'False'
[0.534s] Level 5:colcon.colcon_core.verb:set package 'robot_navigation' build argument 'ament_cmake_args' from command line to 'None'
[0.534s] Level 5:colcon.colcon_core.verb:set package 'robot_navigation' build argument 'catkin_cmake_args' from command line to 'None'
[0.534s] Level 5:colcon.colcon_core.verb:set package 'robot_navigation' build argument 'catkin_skip_building_tests' from command line to 'False'
[0.534s] DEBUG:colcon.colcon_core.verb:Building package 'robot_navigation' with the following arguments: {'ament_cmake_args': None, 'build_base': '/home/kinarast/robot_ws/build/robot_navigation', 'catkin_cmake_args': None, 'catkin_skip_building_tests': False, 'cmake_args': None, 'cmake_clean_cache': False, 'cmake_clean_first': False, 'cmake_force_configure': False, 'cmake_target': None, 'cmake_target_skip_unavailable': False, 'install_base': '/home/kinarast/robot_ws/install/robot_navigation', 'merge_install': False, 'path': '/home/kinarast/robot_ws/src/robot_navigation', 'symlink_install': True, 'test_result_base': None}
[0.534s] INFO:colcon.colcon_core.executor:Executing jobs using 'parallel' executor
[0.536s] DEBUG:colcon.colcon_parallel_executor.executor.parallel:run_until_complete
[0.536s] INFO:colcon.colcon_ros.task.ament_cmake.build:Building ROS package in '/home/kinarast/robot_ws/src/robot_control' with build type 'ament_cmake'
[0.537s] INFO:colcon.colcon_cmake.task.cmake.build:Building CMake package in '/home/kinarast/robot_ws/src/robot_control'
[0.540s] INFO:colcon.colcon_core.plugin_system:Skipping extension 'colcon_core.shell.bat': Not used on non-Windows systems
[0.541s] INFO:colcon.colcon_core.shell:Skip shell extension 'powershell' for command environment: Not usable outside of PowerShell
[0.541s] DEBUG:colcon.colcon_core.shell:Skip shell extension 'dsv' for command environment
[0.547s] INFO:colcon.colcon_ros.task.ament_cmake.build:Building ROS package in '/home/kinarast/robot_ws/src/robot_description' with build type 'ament_cmake'
[0.547s] INFO:colcon.colcon_cmake.task.cmake.build:Building CMake package in '/home/kinarast/robot_ws/src/robot_description'
[0.548s] INFO:colcon.colcon_core.shell:Skip shell extension 'powershell' for command environment: Not usable outside of PowerShell
[0.548s] DEBUG:colcon.colcon_core.shell:Skip shell extension 'dsv' for command environment
[0.555s] INFO:colcon.colcon_ros.task.ament_cmake.build:Building ROS package in '/home/kinarast/robot_ws/src/robot_navigation' with build type 'ament_cmake'
[0.555s] INFO:colcon.colcon_cmake.task.cmake.build:Building CMake package in '/home/kinarast/robot_ws/src/robot_navigation'
[0.556s] INFO:colcon.colcon_core.shell:Skip shell extension 'powershell' for command environment: Not usable outside of PowerShell
[0.556s] DEBUG:colcon.colcon_core.shell:Skip shell extension 'dsv' for command environment
[0.572s] DEBUG:colcon.colcon_core.event_handler.log_command:Invoking command in '/home/kinarast/robot_ws/build/robot_control': CMAKE_PREFIX_PATH=${CMAKE_PREFIX_PATH}:/home/kinarast/test1_ws/install/my_robot_vision:/home/kinarast/ros2_ws/install/my_robot_vision:/opt/ros/humble DEBUGINFOD_URLS=https://debuginfod.ubuntu.com /usr/bin/cmake --build /home/kinarast/robot_ws/build/robot_control -- -j8 -l8
[0.580s] DEBUG:colcon.colcon_core.event_handler.log_command:Invoking command in '/home/kinarast/robot_ws/build/robot_description': CMAKE_PREFIX_PATH=${CMAKE_PREFIX_PATH}:/home/kinarast/test1_ws/install/my_robot_vision:/home/kinarast/ros2_ws/install/my_robot_vision:/opt/ros/humble DEBUGINFOD_URLS=https://debuginfod.ubuntu.com /usr/bin/cmake --build /home/kinarast/robot_ws/build/robot_description -- -j8 -l8
[0.588s] DEBUG:colcon.colcon_core.event_handler.log_command:Invoking command in '/home/kinarast/robot_ws/build/robot_navigation': CMAKE_PREFIX_PATH=${CMAKE_PREFIX_PATH}:/home/kinarast/test1_ws/install/my_robot_vision:/home/kinarast/ros2_ws/install/my_robot_vision:/opt/ros/humble DEBUGINFOD_URLS=https://debuginfod.ubuntu.com /usr/bin/cmake --build /home/kinarast/robot_ws/build/robot_navigation -- -j8 -l8
[0.636s] DEBUG:colcon.colcon_core.event_handler.log_command:Invoked command in '/home/kinarast/robot_ws/build/robot_control' returned '0': CMAKE_PREFIX_PATH=${CMAKE_PREFIX_PATH}:/home/kinarast/test1_ws/install/my_robot_vision:/home/kinarast/ros2_ws/install/my_robot_vision:/opt/ros/humble DEBUGINFOD_URLS=https://debuginfod.ubuntu.com /usr/bin/cmake --build /home/kinarast/robot_ws/build/robot_control -- -j8 -l8
[0.651s] DEBUG:colcon.colcon_core.event_handler.log_command:Invoking command in '/home/kinarast/robot_ws/build/robot_control': CMAKE_PREFIX_PATH=${CMAKE_PREFIX_PATH}:/home/kinarast/test1_ws/install/my_robot_vision:/home/kinarast/ros2_ws/install/my_robot_vision:/opt/ros/humble DEBUGINFOD_URLS=https://debuginfod.ubuntu.com /usr/bin/cmake --install /home/kinarast/robot_ws/build/robot_control
[0.652s] DEBUG:colcon.colcon_core.event_handler.log_command:Invoked command in '/home/kinarast/robot_ws/build/robot_description' returned '0': CMAKE_PREFIX_PATH=${CMAKE_PREFIX_PATH}:/home/kinarast/test1_ws/install/my_robot_vision:/home/kinarast/ros2_ws/install/my_robot_vision:/opt/ros/humble DEBUGINFOD_URLS=https://debuginfod.ubuntu.com /usr/bin/cmake --build /home/kinarast/robot_ws/build/robot_description -- -j8 -l8
[0.655s] DEBUG:colcon.colcon_core.event_handler.log_command:Invoking command in '/home/kinarast/robot_ws/build/robot_description': CMAKE_PREFIX_PATH=${CMAKE_PREFIX_PATH}:/home/kinarast/test1_ws/install/my_robot_vision:/home/kinarast/ros2_ws/install/my_robot_vision:/opt/ros/humble DEBUGINFOD_URLS=https://debuginfod.ubuntu.com /usr/bin/cmake --install /home/kinarast/robot_ws/build/robot_description
[0.658s] DEBUG:colcon.colcon_core.event_handler.log_command:Invoked command in '/home/kinarast/robot_ws/build/robot_navigation' returned '0': CMAKE_PREFIX_PATH=${CMAKE_PREFIX_PATH}:/home/kinarast/test1_ws/install/my_robot_vision:/home/kinarast/ros2_ws/install/my_robot_vision:/opt/ros/humble DEBUGINFOD_URLS=https://debuginfod.ubuntu.com /usr/bin/cmake --build /home/kinarast/robot_ws/build/robot_navigation -- -j8 -l8
[0.661s] DEBUG:colcon.colcon_core.event_handler.log_command:Invoking command in '/home/kinarast/robot_ws/build/robot_navigation': CMAKE_PREFIX_PATH=${CMAKE_PREFIX_PATH}:/home/kinarast/test1_ws/install/my_robot_vision:/home/kinarast/ros2_ws/install/my_robot_vision:/opt/ros/humble DEBUGINFOD_URLS=https://debuginfod.ubuntu.com /usr/bin/cmake --install /home/kinarast/robot_ws/build/robot_navigation
[0.688s] Level 1:colcon.colcon_core.environment:create_environment_scripts_only(robot_control)
[0.689s] DEBUG:colcon.colcon_core.event_handler.log_command:Invoked command in '/home/kinarast/robot_ws/build/robot_control' returned '0': CMAKE_PREFIX_PATH=${CMAKE_PREFIX_PATH}:/home/kinarast/test1_ws/install/my_robot_vision:/home/kinarast/ros2_ws/install/my_robot_vision:/opt/ros/humble DEBUGINFOD_URLS=https://debuginfod.ubuntu.com /usr/bin/cmake --install /home/kinarast/robot_ws/build/robot_control
[0.693s] Level 1:colcon.colcon_core.environment:checking '/home/kinarast/robot_ws/install/robot_control' for CMake module files
[0.696s] Level 1:colcon.colcon_core.environment:checking '/home/kinarast/robot_ws/install/robot_control' for CMake config files
[0.696s] Level 1:colcon.colcon_core.shell:create_environment_hook('robot_control', 'cmake_prefix_path')
[0.697s] INFO:colcon.colcon_core.shell:Creating environment hook '/home/kinarast/robot_ws/install/robot_control/share/robot_control/hook/cmake_prefix_path.ps1'
[0.698s] INFO:colcon.colcon_core.shell:Creating environment descriptor '/home/kinarast/robot_ws/install/robot_control/share/robot_control/hook/cmake_prefix_path.dsv'
[0.699s] INFO:colcon.colcon_core.shell:Creating environment hook '/home/kinarast/robot_ws/install/robot_control/share/robot_control/hook/cmake_prefix_path.sh'
[0.701s] Level 1:colcon.colcon_core.environment:checking '/home/kinarast/robot_ws/install/robot_control/lib'
[0.702s] Level 1:colcon.colcon_core.environment:checking '/home/kinarast/robot_ws/install/robot_control/bin'
[0.702s] Level 1:colcon.colcon_core.environment:checking '/home/kinarast/robot_ws/install/robot_control/lib/pkgconfig/robot_control.pc'
[0.702s] Level 1:colcon.colcon_core.environment:checking '/home/kinarast/robot_ws/install/robot_control/lib/python3.10/site-packages'
[0.703s] Level 1:colcon.colcon_core.environment:checking '/home/kinarast/robot_ws/install/robot_control/bin'
[0.703s] INFO:colcon.colcon_core.shell:Creating package script '/home/kinarast/robot_ws/install/robot_control/share/robot_control/package.ps1'
[0.704s] INFO:colcon.colcon_core.shell:Creating package descriptor '/home/kinarast/robot_ws/install/robot_control/share/robot_control/package.dsv'
[0.705s] INFO:colcon.colcon_core.shell:Creating package script '/home/kinarast/robot_ws/install/robot_control/share/robot_control/package.sh'
[0.706s] INFO:colcon.colcon_core.shell:Creating package script '/home/kinarast/robot_ws/install/robot_control/share/robot_control/package.bash'
[0.707s] INFO:colcon.colcon_core.shell:Creating package script '/home/kinarast/robot_ws/install/robot_control/share/robot_control/package.zsh'
[0.708s] Level 1:colcon.colcon_core.environment:create_file_with_runtime_dependencies(/home/kinarast/robot_ws/install/robot_control/share/colcon-core/packages/robot_control)
[0.709s] Level 1:colcon.colcon_core.environment:create_environment_scripts_only(robot_control)
[0.709s] Level 1:colcon.colcon_core.environment:checking '/home/kinarast/robot_ws/install/robot_control' for CMake module files
[0.710s] Level 1:colcon.colcon_core.environment:checking '/home/kinarast/robot_ws/install/robot_control' for CMake config files
[0.710s] Level 1:colcon.colcon_core.shell:create_environment_hook('robot_control', 'cmake_prefix_path')
[0.710s] INFO:colcon.colcon_core.shell:Creating environment hook '/home/kinarast/robot_ws/install/robot_control/share/robot_control/hook/cmake_prefix_path.ps1'
[0.843s] INFO:colcon.colcon_core.shell:Creating environment descriptor '/home/kinarast/robot_ws/install/robot_control/share/robot_control/hook/cmake_prefix_path.dsv'
[0.843s] INFO:colcon.colcon_core.shell:Creating environment hook '/home/kinarast/robot_ws/install/robot_control/share/robot_control/hook/cmake_prefix_path.sh'
[0.844s] Level 1:colcon.colcon_core.environment:checking '/home/kinarast/robot_ws/install/robot_control/lib'
[0.844s] Level 1:colcon.colcon_core.environment:checking '/home/kinarast/robot_ws/install/robot_control/bin'
[0.844s] Level 1:colcon.colcon_core.environment:checking '/home/kinarast/robot_ws/install/robot_control/lib/pkgconfig/robot_control.pc'
[0.845s] Level 1:colcon.colcon_core.environment:checking '/home/kinarast/robot_ws/install/robot_control/lib/python3.10/site-packages'
[0.845s] Level 1:colcon.colcon_core.environment:checking '/home/kinarast/robot_ws/install/robot_control/bin'
[0.846s] INFO:colcon.colcon_core.shell:Creating package script '/home/kinarast/robot_ws/install/robot_control/share/robot_control/package.ps1'
[0.846s] INFO:colcon.colcon_core.shell:Creating package descriptor '/home/kinarast/robot_ws/install/robot_control/share/robot_control/package.dsv'
[0.847s] INFO:colcon.colcon_core.shell:Creating package script '/home/kinarast/robot_ws/install/robot_control/share/robot_control/package.sh'
[0.848s] INFO:colcon.colcon_core.shell:Creating package script '/home/kinarast/robot_ws/install/robot_control/share/robot_control/package.bash'
[0.849s] INFO:colcon.colcon_core.shell:Creating package script '/home/kinarast/robot_ws/install/robot_control/share/robot_control/package.zsh'
[0.850s] Level 1:colcon.colcon_core.environment:create_file_with_runtime_dependencies(/home/kinarast/robot_ws/install/robot_control/share/colcon-core/packages/robot_control)
[0.853s] Level 1:colcon.colcon_core.environment:create_environment_scripts_only(robot_navigation)
[0.853s] Level 1:colcon.colcon_core.environment:checking '/home/kinarast/robot_ws/install/robot_navigation' for CMake module files
[0.855s] DEBUG:colcon.colcon_core.event_handler.log_command:Invoked command in '/home/kinarast/robot_ws/build/robot_navigation' returned '0': CMAKE_PREFIX_PATH=${CMAKE_PREFIX_PATH}:/home/kinarast/test1_ws/install/my_robot_vision:/home/kinarast/ros2_ws/install/my_robot_vision:/opt/ros/humble DEBUGINFOD_URLS=https://debuginfod.ubuntu.com /usr/bin/cmake --install /home/kinarast/robot_ws/build/robot_navigation
[0.855s] Level 1:colcon.colcon_core.environment:checking '/home/kinarast/robot_ws/install/robot_navigation' for CMake config files
[0.856s] Level 1:colcon.colcon_core.shell:create_environment_hook('robot_navigation', 'cmake_prefix_path')
[0.856s] INFO:colcon.colcon_core.shell:Creating environment hook '/home/kinarast/robot_ws/install/robot_navigation/share/robot_navigation/hook/cmake_prefix_path.ps1'
[0.857s] INFO:colcon.colcon_core.shell:Creating environment descriptor '/home/kinarast/robot_ws/install/robot_navigation/share/robot_navigation/hook/cmake_prefix_path.dsv'
[0.857s] INFO:colcon.colcon_core.shell:Creating environment hook '/home/kinarast/robot_ws/install/robot_navigation/share/robot_navigation/hook/cmake_prefix_path.sh'
[0.858s] Level 1:colcon.colcon_core.environment:checking '/home/kinarast/robot_ws/install/robot_navigation/lib'
[0.858s] Level 1:colcon.colcon_core.environment:checking '/home/kinarast/robot_ws/install/robot_navigation/bin'
[0.859s] Level 1:colcon.colcon_core.environment:checking '/home/kinarast/robot_ws/install/robot_navigation/lib/pkgconfig/robot_navigation.pc'
[0.859s] Level 1:colcon.colcon_core.environment:checking '/home/kinarast/robot_ws/install/robot_navigation/lib/python3.10/site-packages'
[0.859s] Level 1:colcon.colcon_core.environment:checking '/home/kinarast/robot_ws/install/robot_navigation/bin'
[0.860s] INFO:colcon.colcon_core.shell:Creating package script '/home/kinarast/robot_ws/install/robot_navigation/share/robot_navigation/package.ps1'
[0.861s] INFO:colcon.colcon_core.shell:Creating package descriptor '/home/kinarast/robot_ws/install/robot_navigation/share/robot_navigation/package.dsv'
[0.861s] INFO:colcon.colcon_core.shell:Creating package script '/home/kinarast/robot_ws/install/robot_navigation/share/robot_navigation/package.sh'
[0.862s] INFO:colcon.colcon_core.shell:Creating package script '/home/kinarast/robot_ws/install/robot_navigation/share/robot_navigation/package.bash'
[0.862s] INFO:colcon.colcon_core.shell:Creating package script '/home/kinarast/robot_ws/install/robot_navigation/share/robot_navigation/package.zsh'
[0.863s] Level 1:colcon.colcon_core.environment:create_file_with_runtime_dependencies(/home/kinarast/robot_ws/install/robot_navigation/share/colcon-core/packages/robot_navigation)
[0.864s] Level 1:colcon.colcon_core.environment:create_environment_scripts_only(robot_navigation)
[0.864s] Level 1:colcon.colcon_core.environment:checking '/home/kinarast/robot_ws/install/robot_navigation' for CMake module files
[0.866s] Level 1:colcon.colcon_core.environment:checking '/home/kinarast/robot_ws/install/robot_navigation' for CMake config files
[0.866s] Level 1:colcon.colcon_core.shell:create_environment_hook('robot_navigation', 'cmake_prefix_path')
[0.867s] INFO:colcon.colcon_core.shell:Creating environment hook '/home/kinarast/robot_ws/install/robot_navigation/share/robot_navigation/hook/cmake_prefix_path.ps1'
[0.886s] INFO:colcon.colcon_core.shell:Creating environment descriptor '/home/kinarast/robot_ws/install/robot_navigation/share/robot_navigation/hook/cmake_prefix_path.dsv'
[0.887s] INFO:colcon.colcon_core.shell:Creating environment hook '/home/kinarast/robot_ws/install/robot_navigation/share/robot_navigation/hook/cmake_prefix_path.sh'
[0.888s] Level 1:colcon.colcon_core.environment:checking '/home/kinarast/robot_ws/install/robot_navigation/lib'
[0.889s] Level 1:colcon.colcon_core.environment:checking '/home/kinarast/robot_ws/install/robot_navigation/bin'
[0.889s] Level 1:colcon.colcon_core.environment:checking '/home/kinarast/robot_ws/install/robot_navigation/lib/pkgconfig/robot_navigation.pc'
[0.889s] Level 1:colcon.colcon_core.environment:checking '/home/kinarast/robot_ws/install/robot_navigation/lib/python3.10/site-packages'
[0.890s] Level 1:colcon.colcon_core.environment:checking '/home/kinarast/robot_ws/install/robot_navigation/bin'
[0.890s] INFO:colcon.colcon_core.shell:Creating package script '/home/kinarast/robot_ws/install/robot_navigation/share/robot_navigation/package.ps1'
[0.892s] INFO:colcon.colcon_core.shell:Creating package descriptor '/home/kinarast/robot_ws/install/robot_navigation/share/robot_navigation/package.dsv'
[0.893s] INFO:colcon.colcon_core.shell:Creating package script '/home/kinarast/robot_ws/install/robot_navigation/share/robot_navigation/package.sh'
[0.893s] INFO:colcon.colcon_core.shell:Creating package script '/home/kinarast/robot_ws/install/robot_navigation/share/robot_navigation/package.bash'
[0.894s] INFO:colcon.colcon_core.shell:Creating package script '/home/kinarast/robot_ws/install/robot_navigation/share/robot_navigation/package.zsh'
[0.896s] Level 1:colcon.colcon_core.environment:create_file_with_runtime_dependencies(/home/kinarast/robot_ws/install/robot_navigation/share/colcon-core/packages/robot_navigation)
[0.896s] Level 1:colcon.colcon_core.environment:create_environment_scripts_only(robot_description)
[0.897s] Level 1:colcon.colcon_core.environment:checking '/home/kinarast/robot_ws/install/robot_description' for CMake module files
[0.898s] Level 1:colcon.colcon_core.environment:checking '/home/kinarast/robot_ws/install/robot_description' for CMake config files
[0.900s] DEBUG:colcon.colcon_core.event_handler.log_command:Invoked command in '/home/kinarast/robot_ws/build/robot_description' returned '0': CMAKE_PREFIX_PATH=${CMAKE_PREFIX_PATH}:/home/kinarast/test1_ws/install/my_robot_vision:/home/kinarast/ros2_ws/install/my_robot_vision:/opt/ros/humble DEBUGINFOD_URLS=https://debuginfod.ubuntu.com /usr/bin/cmake --install /home/kinarast/robot_ws/build/robot_description
[0.901s] Level 1:colcon.colcon_core.shell:create_environment_hook('robot_description', 'cmake_prefix_path')
[0.902s] INFO:colcon.colcon_core.shell:Creating environment hook '/home/kinarast/robot_ws/install/robot_description/share/robot_description/hook/cmake_prefix_path.ps1'
[0.903s] INFO:colcon.colcon_core.shell:Creating environment descriptor '/home/kinarast/robot_ws/install/robot_description/share/robot_description/hook/cmake_prefix_path.dsv'
[0.905s] INFO:colcon.colcon_core.shell:Creating environment hook '/home/kinarast/robot_ws/install/robot_description/share/robot_description/hook/cmake_prefix_path.sh'
[0.906s] Level 1:colcon.colcon_core.environment:checking '/home/kinarast/robot_ws/install/robot_description/bin'
[0.906s] Level 1:colcon.colcon_core.environment:checking '/home/kinarast/robot_ws/install/robot_description/lib/pkgconfig/robot_description.pc'
[0.907s] Level 1:colcon.colcon_core.environment:checking '/home/kinarast/robot_ws/install/robot_description/lib/python3.10/site-packages'
[0.907s] Level 1:colcon.colcon_core.environment:checking '/home/kinarast/robot_ws/install/robot_description/bin'
[0.908s] INFO:colcon.colcon_core.shell:Creating package script '/home/kinarast/robot_ws/install/robot_description/share/robot_description/package.ps1'
[0.909s] INFO:colcon.colcon_core.shell:Creating package descriptor '/home/kinarast/robot_ws/install/robot_description/share/robot_description/package.dsv'
[0.910s] INFO:colcon.colcon_core.shell:Creating package script '/home/kinarast/robot_ws/install/robot_description/share/robot_description/package.sh'
[0.911s] INFO:colcon.colcon_core.shell:Creating package script '/home/kinarast/robot_ws/install/robot_description/share/robot_description/package.bash'
[0.912s] INFO:colcon.colcon_core.shell:Creating package script '/home/kinarast/robot_ws/install/robot_description/share/robot_description/package.zsh'
[0.913s] Level 1:colcon.colcon_core.environment:create_file_with_runtime_dependencies(/home/kinarast/robot_ws/install/robot_description/share/colcon-core/packages/robot_description)
[0.914s] Level 1:colcon.colcon_core.environment:create_environment_scripts_only(robot_description)
[0.914s] Level 1:colcon.colcon_core.environment:checking '/home/kinarast/robot_ws/install/robot_description' for CMake module files
[0.915s] Level 1:colcon.colcon_core.environment:checking '/home/kinarast/robot_ws/install/robot_description' for CMake config files
[0.917s] Level 1:colcon.colcon_core.shell:create_environment_hook('robot_description', 'cmake_prefix_path')
[0.918s] INFO:colcon.colcon_core.shell:Creating environment hook '/home/kinarast/robot_ws/install/robot_description/share/robot_description/hook/cmake_prefix_path.ps1'
[0.919s] INFO:colcon.colcon_core.shell:Creating environment descriptor '/home/kinarast/robot_ws/install/robot_description/share/robot_description/hook/cmake_prefix_path.dsv'
[0.920s] INFO:colcon.colcon_core.shell:Creating environment hook '/home/kinarast/robot_ws/install/robot_description/share/robot_description/hook/cmake_prefix_path.sh'
[0.921s] Level 1:colcon.colcon_core.environment:checking '/home/kinarast/robot_ws/install/robot_description/bin'
[0.921s] Level 1:colcon.colcon_core.environment:checking '/home/kinarast/robot_ws/install/robot_description/lib/pkgconfig/robot_description.pc'
[0.922s] Level 1:colcon.colcon_core.environment:checking '/home/kinarast/robot_ws/install/robot_description/lib/python3.10/site-packages'
[0.922s] Level 1:colcon.colcon_core.environment:checking '/home/kinarast/robot_ws/install/robot_description/bin'
[0.923s] INFO:colcon.colcon_core.shell:Creating package script '/home/kinarast/robot_ws/install/robot_description/share/robot_description/package.ps1'
[0.924s] INFO:colcon.colcon_core.shell:Creating package descriptor '/home/kinarast/robot_ws/install/robot_description/share/robot_description/package.dsv'
[0.925s] INFO:colcon.colcon_core.shell:Creating package script '/home/kinarast/robot_ws/install/robot_description/share/robot_description/package.sh'
[0.927s] INFO:colcon.colcon_core.shell:Creating package script '/home/kinarast/robot_ws/install/robot_description/share/robot_description/package.bash'
[0.928s] INFO:colcon.colcon_core.shell:Creating package script '/home/kinarast/robot_ws/install/robot_description/share/robot_description/package.zsh'
[0.929s] Level 1:colcon.colcon_core.environment:create_file_with_runtime_dependencies(/home/kinarast/robot_ws/install/robot_description/share/colcon-core/packages/robot_description)
[0.929s] DEBUG:colcon.colcon_parallel_executor.executor.parallel:closing loop
[0.930s] DEBUG:colcon.colcon_parallel_executor.executor.parallel:loop closed
[0.930s] DEBUG:colcon.colcon_parallel_executor.executor.parallel:run_until_complete finished with '0'
[0.930s] DEBUG:colcon.colcon_core.event_reactor:joining thread
[0.942s] INFO:colcon.colcon_core.plugin_system:Skipping extension 'colcon_notification.desktop_notification.terminal_notifier': Not used on non-Darwin systems
[0.943s] INFO:colcon.colcon_core.plugin_system:Skipping extension 'colcon_notification.desktop_notification.win32': Not used on non-Windows systems
[0.943s] INFO:colcon.colcon_notification.desktop_notification:Sending desktop notification using 'notify2'
[0.961s] DEBUG:colcon.colcon_core.event_reactor:joined thread
[0.961s] INFO:colcon.colcon_core.shell:Creating prefix script '/home/kinarast/robot_ws/install/local_setup.ps1'
[0.963s] INFO:colcon.colcon_core.shell:Creating prefix util module '/home/kinarast/robot_ws/install/_local_setup_util_ps1.py'
[0.965s] INFO:colcon.colcon_core.shell:Creating prefix chain script '/home/kinarast/robot_ws/install/setup.ps1'
[0.969s] INFO:colcon.colcon_core.shell:Creating prefix script '/home/kinarast/robot_ws/install/local_setup.sh'
[0.971s] INFO:colcon.colcon_core.shell:Creating prefix util module '/home/kinarast/robot_ws/install/_local_setup_util_sh.py'
[0.972s] INFO:colcon.colcon_core.shell:Creating prefix chain script '/home/kinarast/robot_ws/install/setup.sh'
[0.974s] INFO:colcon.colcon_core.shell:Creating prefix script '/home/kinarast/robot_ws/install/local_setup.bash'
[0.975s] INFO:colcon.colcon_core.shell:Creating prefix chain script '/home/kinarast/robot_ws/install/setup.bash'
[0.977s] INFO:colcon.colcon_core.shell:Creating prefix script '/home/kinarast/robot_ws/install/local_setup.zsh'
[0.978s] INFO:colcon.colcon_core.shell:Creating prefix chain script '/home/kinarast/robot_ws/install/setup.zsh'
