-- Found ament_cmake: 1.3.11 (/opt/ros/humble/share/ament_cmake/cmake)
-- Override CMake install command with custom implementation using symlinks instead of copying resources
-- Found rclpy: 3.3.15 (/opt/ros/humble/share/rclpy/cmake)
-- Found sensor_msgs: 4.2.4 (/opt/ros/humble/share/sensor_msgs/cmake)
-- Found rosidl_generator_c: 3.1.6 (/opt/ros/humble/share/rosidl_generator_c/cmake)
-- Found rosidl_adapter: 3.1.6 (/opt/ros/humble/share/rosidl_adapter/cmake)
-- Found rosidl_generator_cpp: 3.1.6 (/opt/ros/humble/share/rosidl_generator_cpp/cmake)
-- Using all available rosidl_typesupport_c: rosidl_typesupport_fastrtps_c;rosidl_typesupport_introspection_c
-- Using all available rosidl_typesupport_cpp: rosidl_typesupport_fastrtps_cpp;rosidl_typesupport_introspection_cpp
-- Found cv_bridge: 3.2.1 (/opt/ros/humble/share/cv_bridge/cmake)
-- Configuring done
-- Generating done
-- Build files have been written to: /home/kinarast/robot_ws/build/robot_control
-- Install configuration: ""
-- Execute custom install script
-- Up-to-date symlink: /home/kinarast/robot_ws/install/robot_control/share/robot_control/launch/control.launch.py
-- Up-to-date symlink: /home/kinarast/robot_ws/install/robot_control/share/ament_index/resource_index/package_run_dependencies/robot_control
-- Up-to-date symlink: /home/kinarast/robot_ws/install/robot_control/share/ament_index/resource_index/parent_prefix_path/robot_control
-- Up-to-date symlink: /home/kinarast/robot_ws/install/robot_control/share/robot_control/environment/ament_prefix_path.sh
-- Up-to-date symlink: /home/kinarast/robot_ws/install/robot_control/share/robot_control/environment/ament_prefix_path.dsv
-- Up-to-date symlink: /home/kinarast/robot_ws/install/robot_control/share/robot_control/environment/path.sh
-- Up-to-date symlink: /home/kinarast/robot_ws/install/robot_control/share/robot_control/environment/path.dsv
-- Up-to-date symlink: /home/kinarast/robot_ws/install/robot_control/share/robot_control/local_setup.bash
-- Up-to-date symlink: /home/kinarast/robot_ws/install/robot_control/share/robot_control/local_setup.sh
-- Up-to-date symlink: /home/kinarast/robot_ws/install/robot_control/share/robot_control/local_setup.zsh
-- Up-to-date symlink: /home/kinarast/robot_ws/install/robot_control/share/robot_control/local_setup.dsv
-- Symlinking: /home/kinarast/robot_ws/install/robot_control/share/robot_control/package.dsv
-- Up-to-date symlink: /home/kinarast/robot_ws/install/robot_control/share/ament_index/resource_index/packages/robot_control
-- Up-to-date symlink: /home/kinarast/robot_ws/install/robot_control/share/robot_control/cmake/robot_controlConfig.cmake
-- Up-to-date symlink: /home/kinarast/robot_ws/install/robot_control/share/robot_control/cmake/robot_controlConfig-version.cmake
-- Up-to-date symlink: /home/kinarast/robot_ws/install/robot_control/share/robot_control/package.xml
-- Installing: /home/kinarast/robot_ws/install/robot_control/lib/robot_control/object_detection
-- Installing: /home/kinarast/robot_ws/install/robot_control/lib/robot_control/movement_control
-- Up-to-date: /home/kinarast/robot_ws/install/robot_control/lib/robot_control/pid_x
-- Installing: /home/kinarast/robot_ws/install/robot_control/lib/robot_control/pid_y
