[0.046s] Invoking command in '/home/kinarast/robot_ws/build/robot_control': CMAKE_PREFIX_PATH=${CMAKE_PREFIX_PATH}:/home/kinarast/test1_ws/install/my_robot_vision:/home/kinarast/ros2_ws/install/my_robot_vision:/opt/ros/humble DEBUGINFOD_URLS=https://debuginfod.ubuntu.com /usr/bin/cmake --build /home/kinarast/robot_ws/build/robot_control -- -j8 -l8
[0.123s] Invoked command in '/home/kinarast/robot_ws/build/robot_control' returned '0': CMAKE_PREFIX_PATH=${CMAKE_PREFIX_PATH}:/home/kinarast/test1_ws/install/my_robot_vision:/home/kinarast/ros2_ws/install/my_robot_vision:/opt/ros/humble DEBUGINFOD_URLS=https://debuginfod.ubuntu.com /usr/bin/cmake --build /home/kinarast/robot_ws/build/robot_control -- -j8 -l8
[0.141s] Invoking command in '/home/kinarast/robot_ws/build/robot_control': CMAKE_PREFIX_PATH=${CMAKE_PREFIX_PATH}:/home/kinarast/test1_ws/install/my_robot_vision:/home/kinarast/ros2_ws/install/my_robot_vision:/opt/ros/humble DEBUGINFOD_URLS=https://debuginfod.ubuntu.com /usr/bin/cmake --install /home/kinarast/robot_ws/build/robot_control
[0.156s] -- Install configuration: ""
[0.156s] -- Execute custom install script
[0.157s] -- Up-to-date symlink: /home/kinarast/robot_ws/install/robot_control/share/robot_control/launch/control.launch.py
[0.159s] -- Up-to-date symlink: /home/kinarast/robot_ws/install/robot_control/share/ament_index/resource_index/package_run_dependencies/robot_control
[0.159s] -- Up-to-date symlink: /home/kinarast/robot_ws/install/robot_control/share/ament_index/resource_index/parent_prefix_path/robot_control
[0.160s] -- Up-to-date symlink: /home/kinarast/robot_ws/install/robot_control/share/robot_control/environment/ament_prefix_path.sh
[0.160s] -- Up-to-date symlink: /home/kinarast/robot_ws/install/robot_control/share/robot_control/environment/ament_prefix_path.dsv
[0.160s] -- Up-to-date symlink: /home/kinarast/robot_ws/install/robot_control/share/robot_control/environment/path.sh
[0.160s] -- Up-to-date symlink: /home/kinarast/robot_ws/install/robot_control/share/robot_control/environment/path.dsv
[0.161s] -- Up-to-date symlink: /home/kinarast/robot_ws/install/robot_control/share/robot_control/local_setup.bash
[0.161s] -- Up-to-date symlink: /home/kinarast/robot_ws/install/robot_control/share/robot_control/local_setup.sh
[0.162s] -- Up-to-date symlink: /home/kinarast/robot_ws/install/robot_control/share/robot_control/local_setup.zsh
[0.162s] -- Up-to-date symlink: /home/kinarast/robot_ws/install/robot_control/share/robot_control/local_setup.dsv
[0.163s] -- Symlinking: /home/kinarast/robot_ws/install/robot_control/share/robot_control/package.dsv
[0.182s] -- Up-to-date symlink: /home/kinarast/robot_ws/install/robot_control/share/ament_index/resource_index/packages/robot_control
[0.184s] -- Up-to-date symlink: /home/kinarast/robot_ws/install/robot_control/share/robot_control/cmake/robot_controlConfig.cmake
[0.185s] -- Up-to-date symlink: /home/kinarast/robot_ws/install/robot_control/share/robot_control/cmake/robot_controlConfig-version.cmake
[0.185s] -- Up-to-date symlink: /home/kinarast/robot_ws/install/robot_control/share/robot_control/package.xml
[0.185s] -- Up-to-date: /home/kinarast/robot_ws/install/robot_control/lib/robot_control/object_detection
[0.185s] -- Installing: /home/kinarast/robot_ws/install/robot_control/lib/robot_control/movement_control
[0.186s] -- Up-to-date: /home/kinarast/robot_ws/install/robot_control/lib/robot_control/pid_x
[0.186s] -- Up-to-date: /home/kinarast/robot_ws/install/robot_control/lib/robot_control/pid_y
[0.188s] Invoked command in '/home/kinarast/robot_ws/build/robot_control' returned '0': CMAKE_PREFIX_PATH=${CMAKE_PREFIX_PATH}:/home/kinarast/test1_ws/install/my_robot_vision:/home/kinarast/ros2_ws/install/my_robot_vision:/opt/ros/humble DEBUGINFOD_URLS=https://debuginfod.ubuntu.com /usr/bin/cmake --install /home/kinarast/robot_ws/build/robot_control
