[0.019s] Invoking command in '/home/kinarast/robot_ws/build/robot_control': CMAKE_PREFIX_PATH=${CMAKE_PREFIX_PATH}:/home/kinarast/test1_ws/install/my_robot_vision:/home/kinarast/ros2_ws/install/my_robot_vision:/opt/ros/humble /usr/bin/cmake /home/kinarast/robot_ws/src/robot_control -DAMENT_CMAKE_SYMLINK_INSTALL=1 -DCMAKE_INSTALL_PREFIX=/home/kinarast/robot_ws/install/robot_control
[0.080s] -- The C compiler identification is GNU 11.4.0
[0.183s] -- The CXX compiler identification is GNU 11.4.0
[0.199s] -- Detecting C compiler ABI info
[0.278s] -- Detecting C compiler ABI info - done
[0.286s] -- Check for working C compiler: /usr/bin/cc - skipped
[0.287s] -- Detecting C compile features
[0.287s] -- Detecting C compile features - done
[0.290s] -- Detecting CXX compiler ABI info
[0.387s] -- Detecting CXX compiler ABI info - done
[0.398s] -- Check for working CXX compiler: /usr/bin/c++ - skipped
[0.398s] -- Detecting CXX compile features
[0.399s] -- Detecting CXX compile features - done
[0.440s] -- Found ament_cmake: 1.3.11 (/opt/ros/humble/share/ament_cmake/cmake)
[0.718s] -- Found Python3: /usr/bin/python3 (found version "3.10.12") found components: Interpreter 
[0.800s] -- Override CMake install command with custom implementation using symlinks instead of copying resources
[0.851s] -- Found rclpy: 3.3.15 (/opt/ros/humble/share/rclpy/cmake)
[0.853s] -- Found sensor_msgs: 4.2.4 (/opt/ros/humble/share/sensor_msgs/cmake)
[0.944s] -- Found rosidl_generator_c: 3.1.6 (/opt/ros/humble/share/rosidl_generator_c/cmake)
[0.965s] -- Found rosidl_adapter: 3.1.6 (/opt/ros/humble/share/rosidl_adapter/cmake)
[0.983s] -- Found rosidl_generator_cpp: 3.1.6 (/opt/ros/humble/share/rosidl_generator_cpp/cmake)
[1.042s] -- Using all available rosidl_typesupport_c: rosidl_typesupport_fastrtps_c;rosidl_typesupport_introspection_c
[1.087s] -- Using all available rosidl_typesupport_cpp: rosidl_typesupport_fastrtps_cpp;rosidl_typesupport_introspection_cpp
[1.270s] -- Found cv_bridge: 3.2.1 (/opt/ros/humble/share/cv_bridge/cmake)
[1.301s] -- Found OpenCV: /usr (found version "4.5.4") 
[1.377s] -- Configuring done
[1.381s] -- Generating done
[1.383s] -- Build files have been written to: /home/kinarast/robot_ws/build/robot_control
[1.390s] Invoked command in '/home/kinarast/robot_ws/build/robot_control' returned '0': CMAKE_PREFIX_PATH=${CMAKE_PREFIX_PATH}:/home/kinarast/test1_ws/install/my_robot_vision:/home/kinarast/ros2_ws/install/my_robot_vision:/opt/ros/humble /usr/bin/cmake /home/kinarast/robot_ws/src/robot_control -DAMENT_CMAKE_SYMLINK_INSTALL=1 -DCMAKE_INSTALL_PREFIX=/home/kinarast/robot_ws/install/robot_control
[1.390s] Invoking command in '/home/kinarast/robot_ws/build/robot_control': CMAKE_PREFIX_PATH=${CMAKE_PREFIX_PATH}:/home/kinarast/test1_ws/install/my_robot_vision:/home/kinarast/ros2_ws/install/my_robot_vision:/opt/ros/humble /usr/bin/cmake --build /home/kinarast/robot_ws/build/robot_control -- -j8 -l8
[1.433s] Invoked command in '/home/kinarast/robot_ws/build/robot_control' returned '0': CMAKE_PREFIX_PATH=${CMAKE_PREFIX_PATH}:/home/kinarast/test1_ws/install/my_robot_vision:/home/kinarast/ros2_ws/install/my_robot_vision:/opt/ros/humble /usr/bin/cmake --build /home/kinarast/robot_ws/build/robot_control -- -j8 -l8
[1.435s] Invoking command in '/home/kinarast/robot_ws/build/robot_control': CMAKE_PREFIX_PATH=${CMAKE_PREFIX_PATH}:/home/kinarast/test1_ws/install/my_robot_vision:/home/kinarast/ros2_ws/install/my_robot_vision:/opt/ros/humble /usr/bin/cmake --install /home/kinarast/robot_ws/build/robot_control
[1.443s] -- Install configuration: ""
[1.444s] -- Execute custom install script
[1.445s] -- Symlinking: /home/kinarast/robot_ws/install/robot_control/share/robot_control/launch/control.launch.py
[1.456s] -- Symlinking: /home/kinarast/robot_ws/install/robot_control/share/ament_index/resource_index/package_run_dependencies/robot_control
[1.467s] -- Symlinking: /home/kinarast/robot_ws/install/robot_control/share/ament_index/resource_index/parent_prefix_path/robot_control
[1.479s] -- Symlinking: /home/kinarast/robot_ws/install/robot_control/share/robot_control/environment/ament_prefix_path.sh
[1.490s] -- Symlinking: /home/kinarast/robot_ws/install/robot_control/share/robot_control/environment/ament_prefix_path.dsv
[1.501s] -- Symlinking: /home/kinarast/robot_ws/install/robot_control/share/robot_control/environment/path.sh
[1.511s] -- Symlinking: /home/kinarast/robot_ws/install/robot_control/share/robot_control/environment/path.dsv
[1.523s] -- Symlinking: /home/kinarast/robot_ws/install/robot_control/share/robot_control/local_setup.bash
[1.534s] -- Symlinking: /home/kinarast/robot_ws/install/robot_control/share/robot_control/local_setup.sh
[1.544s] -- Symlinking: /home/kinarast/robot_ws/install/robot_control/share/robot_control/local_setup.zsh
[1.554s] -- Symlinking: /home/kinarast/robot_ws/install/robot_control/share/robot_control/local_setup.dsv
[1.564s] -- Symlinking: /home/kinarast/robot_ws/install/robot_control/share/robot_control/package.dsv
[1.573s] -- Symlinking: /home/kinarast/robot_ws/install/robot_control/share/ament_index/resource_index/packages/robot_control
[1.582s] -- Symlinking: /home/kinarast/robot_ws/install/robot_control/share/robot_control/cmake/robot_controlConfig.cmake
[1.591s] -- Symlinking: /home/kinarast/robot_ws/install/robot_control/share/robot_control/cmake/robot_controlConfig-version.cmake
[1.600s] -- Symlinking: /home/kinarast/robot_ws/install/robot_control/share/robot_control/package.xml
[1.610s] -- Installing: /home/kinarast/robot_ws/install/robot_control/lib/robot_control/object_detection
[1.610s] -- Installing: /home/kinarast/robot_ws/install/robot_control/lib/robot_control/pid_controller
[1.610s] -- Installing: /home/kinarast/robot_ws/install/robot_control/lib/robot_control/movement_control
[1.613s] Invoked command in '/home/kinarast/robot_ws/build/robot_control' returned '0': CMAKE_PREFIX_PATH=${CMAKE_PREFIX_PATH}:/home/kinarast/test1_ws/install/my_robot_vision:/home/kinarast/ros2_ws/install/my_robot_vision:/opt/ros/humble /usr/bin/cmake --install /home/kinarast/robot_ws/build/robot_control
