[0.120s] DEBUG:colcon:Command line arguments: ['/usr/bin/colcon', 'build', '--symlink-install']
[0.120s] DEBUG:colcon:Parsed command line arguments: Namespace(log_base=None, log_level=None, verb_name='build', build_base='build', install_base='install', merge_install=False, symlink_install=True, test_result_base=None, continue_on_error=False, executor='parallel', parallel_workers=8, event_handlers=None, ignore_user_meta=False, metas=['./colcon.meta'], base_paths=['.'], packages_ignore=None, packages_ignore_regex=None, paths=None, packages_up_to=None, packages_up_to_regex=None, packages_above=None, packages_above_and_dependencies=None, packages_above_depth=None, packages_select_by_dep=None, packages_skip_by_dep=None, packages_skip_up_to=None, packages_select_build_failed=False, packages_skip_build_finished=False, packages_select_test_failures=False, packages_skip_test_passed=False, packages_select=None, packages_skip=None, packages_select_regex=None, packages_skip_regex=None, packages_start=None, packages_end=None, allow_overriding=[], cmake_args=None, cmake_target=None, cmake_target_skip_unavailable=False, cmake_clean_cache=False, cmake_clean_first=False, cmake_force_configure=False, ament_cmake_args=None, catkin_cmake_args=None, catkin_skip_building_tests=False, mixin_files=None, mixin=None, verb_parser=<colcon_mixin.mixin.mixin_argument.MixinArgumentDecorator object at 0x7f9976e4bb80>, verb_extension=<colcon_core.verb.build.BuildVerb object at 0x7f9976e4b610>, main=<bound method BuildVerb.main of <colcon_core.verb.build.BuildVerb object at 0x7f9976e4b610>>, mixin_verb=('build',))
[0.323s] Level 1:colcon.colcon_core.package_discovery:discover_packages(colcon_meta) check parameters
[0.324s] Level 1:colcon.colcon_core.package_discovery:discover_packages(recursive) check parameters
[0.324s] Level 1:colcon.colcon_core.package_discovery:discover_packages(ignore) check parameters
[0.324s] Level 1:colcon.colcon_core.package_discovery:discover_packages(path) check parameters
[0.324s] Level 1:colcon.colcon_core.package_discovery:discover_packages(colcon_meta) discover
[0.324s] Level 1:colcon.colcon_core.package_discovery:discover_packages(recursive) discover
[0.324s] INFO:colcon.colcon_core.package_discovery:Crawling recursively for packages in '/home/kinarast/robot_ws'
[0.324s] Level 1:colcon.colcon_core.package_identification:_identify(.) by extensions ['ignore', 'ignore_ament_install']
[0.324s] Level 1:colcon.colcon_core.package_identification:_identify(.) by extension 'ignore'
[0.324s] Level 1:colcon.colcon_core.package_identification:_identify(.) by extension 'ignore_ament_install'
[0.324s] Level 1:colcon.colcon_core.package_identification:_identify(.) by extensions ['colcon_pkg']
[0.324s] Level 1:colcon.colcon_core.package_identification:_identify(.) by extension 'colcon_pkg'
[0.324s] Level 1:colcon.colcon_core.package_identification:_identify(.) by extensions ['colcon_meta']
[0.324s] Level 1:colcon.colcon_core.package_identification:_identify(.) by extension 'colcon_meta'
[0.324s] Level 1:colcon.colcon_core.package_identification:_identify(.) by extensions ['ros']
[0.324s] Level 1:colcon.colcon_core.package_identification:_identify(.) by extension 'ros'
[0.335s] Level 1:colcon.colcon_core.package_identification:_identify(.) by extensions ['cmake', 'python']
[0.336s] Level 1:colcon.colcon_core.package_identification:_identify(.) by extension 'cmake'
[0.336s] Level 1:colcon.colcon_core.package_identification:_identify(.) by extension 'python'
[0.336s] Level 1:colcon.colcon_core.package_identification:_identify(.) by extensions ['python_setup_py']
[0.336s] Level 1:colcon.colcon_core.package_identification:_identify(.) by extension 'python_setup_py'
[0.336s] Level 1:colcon.colcon_core.package_identification:_identify(build) by extensions ['ignore', 'ignore_ament_install']
[0.336s] Level 1:colcon.colcon_core.package_identification:_identify(build) by extension 'ignore'
[0.336s] Level 1:colcon.colcon_core.package_identification:_identify(build) ignored
[0.336s] Level 1:colcon.colcon_core.package_identification:_identify(install) by extensions ['ignore', 'ignore_ament_install']
[0.336s] Level 1:colcon.colcon_core.package_identification:_identify(install) by extension 'ignore'
[0.336s] Level 1:colcon.colcon_core.package_identification:_identify(install) ignored
[0.336s] Level 1:colcon.colcon_core.package_identification:_identify(log) by extensions ['ignore', 'ignore_ament_install']
[0.336s] Level 1:colcon.colcon_core.package_identification:_identify(log) by extension 'ignore'
[0.337s] Level 1:colcon.colcon_core.package_identification:_identify(log) ignored
[0.337s] Level 1:colcon.colcon_core.package_identification:_identify(src) by extensions ['ignore', 'ignore_ament_install']
[0.337s] Level 1:colcon.colcon_core.package_identification:_identify(src) by extension 'ignore'
[0.337s] Level 1:colcon.colcon_core.package_identification:_identify(src) by extension 'ignore_ament_install'
[0.337s] Level 1:colcon.colcon_core.package_identification:_identify(src) by extensions ['colcon_pkg']
[0.337s] Level 1:colcon.colcon_core.package_identification:_identify(src) by extension 'colcon_pkg'
[0.337s] Level 1:colcon.colcon_core.package_identification:_identify(src) by extensions ['colcon_meta']
[0.337s] Level 1:colcon.colcon_core.package_identification:_identify(src) by extension 'colcon_meta'
[0.337s] Level 1:colcon.colcon_core.package_identification:_identify(src) by extensions ['ros']
[0.337s] Level 1:colcon.colcon_core.package_identification:_identify(src) by extension 'ros'
[0.337s] Level 1:colcon.colcon_core.package_identification:_identify(src) by extensions ['cmake', 'python']
[0.337s] Level 1:colcon.colcon_core.package_identification:_identify(src) by extension 'cmake'
[0.337s] Level 1:colcon.colcon_core.package_identification:_identify(src) by extension 'python'
[0.337s] Level 1:colcon.colcon_core.package_identification:_identify(src) by extensions ['python_setup_py']
[0.337s] Level 1:colcon.colcon_core.package_identification:_identify(src) by extension 'python_setup_py'
[0.337s] Level 1:colcon.colcon_core.package_identification:_identify(src/robot_control) by extensions ['ignore', 'ignore_ament_install']
[0.337s] Level 1:colcon.colcon_core.package_identification:_identify(src/robot_control) by extension 'ignore'
[0.338s] Level 1:colcon.colcon_core.package_identification:_identify(src/robot_control) by extension 'ignore_ament_install'
[0.338s] Level 1:colcon.colcon_core.package_identification:_identify(src/robot_control) by extensions ['colcon_pkg']
[0.338s] Level 1:colcon.colcon_core.package_identification:_identify(src/robot_control) by extension 'colcon_pkg'
[0.338s] Level 1:colcon.colcon_core.package_identification:_identify(src/robot_control) by extensions ['colcon_meta']
[0.338s] Level 1:colcon.colcon_core.package_identification:_identify(src/robot_control) by extension 'colcon_meta'
[0.338s] Level 1:colcon.colcon_core.package_identification:_identify(src/robot_control) by extensions ['ros']
[0.338s] Level 1:colcon.colcon_core.package_identification:_identify(src/robot_control) by extension 'ros'
[0.341s] DEBUG:colcon.colcon_core.package_identification:Package 'src/robot_control' with type 'ros.ament_cmake' and name 'robot_control'
[0.341s] Level 1:colcon.colcon_core.package_identification:_identify(src/robot_description) by extensions ['ignore', 'ignore_ament_install']
[0.341s] Level 1:colcon.colcon_core.package_identification:_identify(src/robot_description) by extension 'ignore'
[0.341s] Level 1:colcon.colcon_core.package_identification:_identify(src/robot_description) by extension 'ignore_ament_install'
[0.341s] Level 1:colcon.colcon_core.package_identification:_identify(src/robot_description) by extensions ['colcon_pkg']
[0.341s] Level 1:colcon.colcon_core.package_identification:_identify(src/robot_description) by extension 'colcon_pkg'
[0.341s] Level 1:colcon.colcon_core.package_identification:_identify(src/robot_description) by extensions ['colcon_meta']
[0.341s] Level 1:colcon.colcon_core.package_identification:_identify(src/robot_description) by extension 'colcon_meta'
[0.341s] Level 1:colcon.colcon_core.package_identification:_identify(src/robot_description) by extensions ['ros']
[0.341s] Level 1:colcon.colcon_core.package_identification:_identify(src/robot_description) by extension 'ros'
[0.342s] DEBUG:colcon.colcon_core.package_identification:Package 'src/robot_description' with type 'ros.ament_cmake' and name 'robot_description'
[0.342s] Level 1:colcon.colcon_core.package_identification:_identify(src/robot_navigation) by extensions ['ignore', 'ignore_ament_install']
[0.342s] Level 1:colcon.colcon_core.package_identification:_identify(src/robot_navigation) by extension 'ignore'
[0.342s] Level 1:colcon.colcon_core.package_identification:_identify(src/robot_navigation) by extension 'ignore_ament_install'
[0.342s] Level 1:colcon.colcon_core.package_identification:_identify(src/robot_navigation) by extensions ['colcon_pkg']
[0.342s] Level 1:colcon.colcon_core.package_identification:_identify(src/robot_navigation) by extension 'colcon_pkg'
[0.342s] Level 1:colcon.colcon_core.package_identification:_identify(src/robot_navigation) by extensions ['colcon_meta']
[0.342s] Level 1:colcon.colcon_core.package_identification:_identify(src/robot_navigation) by extension 'colcon_meta'
[0.342s] Level 1:colcon.colcon_core.package_identification:_identify(src/robot_navigation) by extensions ['ros']
[0.342s] Level 1:colcon.colcon_core.package_identification:_identify(src/robot_navigation) by extension 'ros'
[0.343s] DEBUG:colcon.colcon_core.package_identification:Package 'src/robot_navigation' with type 'ros.ament_cmake' and name 'robot_navigation'
[0.343s] Level 1:colcon.colcon_core.package_discovery:discover_packages(recursive) using defaults
[0.343s] Level 1:colcon.colcon_core.package_discovery:discover_packages(ignore) discover
[0.343s] Level 1:colcon.colcon_core.package_discovery:discover_packages(ignore) using defaults
[0.343s] Level 1:colcon.colcon_core.package_discovery:discover_packages(path) discover
[0.343s] Level 1:colcon.colcon_core.package_discovery:discover_packages(path) using defaults
[0.380s] Level 1:colcon.colcon_core.package_discovery:discover_packages(prefix_path) check parameters
[0.381s] Level 1:colcon.colcon_core.package_discovery:discover_packages(prefix_path) discover
[0.383s] DEBUG:colcon.colcon_installed_package_information.package_discovery:Found 4 installed packages in /home/kinarast/robot_ws/install
[0.384s] DEBUG:colcon.colcon_installed_package_information.package_discovery:Found 3 installed packages in /home/kinarast/test1_ws/install
[0.384s] DEBUG:colcon.colcon_installed_package_information.package_discovery:Found 1 installed packages in /home/kinarast/ros2_ws/install
[0.386s] DEBUG:colcon.colcon_installed_package_information.package_discovery:Found 293 installed packages in /opt/ros/humble
[0.388s] Level 1:colcon.colcon_core.package_discovery:discover_packages(prefix_path) using defaults
[0.433s] Level 5:colcon.colcon_core.verb:set package 'robot_control' build argument 'cmake_args' from command line to 'None'
[0.433s] Level 5:colcon.colcon_core.verb:set package 'robot_control' build argument 'cmake_target' from command line to 'None'
[0.433s] Level 5:colcon.colcon_core.verb:set package 'robot_control' build argument 'cmake_target_skip_unavailable' from command line to 'False'
[0.433s] Level 5:colcon.colcon_core.verb:set package 'robot_control' build argument 'cmake_clean_cache' from command line to 'False'
[0.433s] Level 5:colcon.colcon_core.verb:set package 'robot_control' build argument 'cmake_clean_first' from command line to 'False'
[0.433s] Level 5:colcon.colcon_core.verb:set package 'robot_control' build argument 'cmake_force_configure' from command line to 'False'
[0.433s] Level 5:colcon.colcon_core.verb:set package 'robot_control' build argument 'ament_cmake_args' from command line to 'None'
[0.433s] Level 5:colcon.colcon_core.verb:set package 'robot_control' build argument 'catkin_cmake_args' from command line to 'None'
[0.433s] Level 5:colcon.colcon_core.verb:set package 'robot_control' build argument 'catkin_skip_building_tests' from command line to 'False'
[0.433s] DEBUG:colcon.colcon_core.verb:Building package 'robot_control' with the following arguments: {'ament_cmake_args': None, 'build_base': '/home/kinarast/robot_ws/build/robot_control', 'catkin_cmake_args': None, 'catkin_skip_building_tests': False, 'cmake_args': None, 'cmake_clean_cache': False, 'cmake_clean_first': False, 'cmake_force_configure': False, 'cmake_target': None, 'cmake_target_skip_unavailable': False, 'install_base': '/home/kinarast/robot_ws/install/robot_control', 'merge_install': False, 'path': '/home/kinarast/robot_ws/src/robot_control', 'symlink_install': True, 'test_result_base': None}
[0.434s] Level 5:colcon.colcon_core.verb:set package 'robot_description' build argument 'cmake_args' from command line to 'None'
[0.434s] Level 5:colcon.colcon_core.verb:set package 'robot_description' build argument 'cmake_target' from command line to 'None'
[0.434s] Level 5:colcon.colcon_core.verb:set package 'robot_description' build argument 'cmake_target_skip_unavailable' from command line to 'False'
[0.434s] Level 5:colcon.colcon_core.verb:set package 'robot_description' build argument 'cmake_clean_cache' from command line to 'False'
[0.434s] Level 5:colcon.colcon_core.verb:set package 'robot_description' build argument 'cmake_clean_first' from command line to 'False'
[0.434s] Level 5:colcon.colcon_core.verb:set package 'robot_description' build argument 'cmake_force_configure' from command line to 'False'
[0.434s] Level 5:colcon.colcon_core.verb:set package 'robot_description' build argument 'ament_cmake_args' from command line to 'None'
[0.434s] Level 5:colcon.colcon_core.verb:set package 'robot_description' build argument 'catkin_cmake_args' from command line to 'None'
[0.434s] Level 5:colcon.colcon_core.verb:set package 'robot_description' build argument 'catkin_skip_building_tests' from command line to 'False'
[0.434s] DEBUG:colcon.colcon_core.verb:Building package 'robot_description' with the following arguments: {'ament_cmake_args': None, 'build_base': '/home/kinarast/robot_ws/build/robot_description', 'catkin_cmake_args': None, 'catkin_skip_building_tests': False, 'cmake_args': None, 'cmake_clean_cache': False, 'cmake_clean_first': False, 'cmake_force_configure': False, 'cmake_target': None, 'cmake_target_skip_unavailable': False, 'install_base': '/home/kinarast/robot_ws/install/robot_description', 'merge_install': False, 'path': '/home/kinarast/robot_ws/src/robot_description', 'symlink_install': True, 'test_result_base': None}
[0.434s] Level 5:colcon.colcon_core.verb:set package 'robot_navigation' build argument 'cmake_args' from command line to 'None'
[0.434s] Level 5:colcon.colcon_core.verb:set package 'robot_navigation' build argument 'cmake_target' from command line to 'None'
[0.434s] Level 5:colcon.colcon_core.verb:set package 'robot_navigation' build argument 'cmake_target_skip_unavailable' from command line to 'False'
[0.434s] Level 5:colcon.colcon_core.verb:set package 'robot_navigation' build argument 'cmake_clean_cache' from command line to 'False'
[0.434s] Level 5:colcon.colcon_core.verb:set package 'robot_navigation' build argument 'cmake_clean_first' from command line to 'False'
[0.434s] Level 5:colcon.colcon_core.verb:set package 'robot_navigation' build argument 'cmake_force_configure' from command line to 'False'
[0.434s] Level 5:colcon.colcon_core.verb:set package 'robot_navigation' build argument 'ament_cmake_args' from command line to 'None'
[0.434s] Level 5:colcon.colcon_core.verb:set package 'robot_navigation' build argument 'catkin_cmake_args' from command line to 'None'
[0.435s] Level 5:colcon.colcon_core.verb:set package 'robot_navigation' build argument 'catkin_skip_building_tests' from command line to 'False'
[0.435s] DEBUG:colcon.colcon_core.verb:Building package 'robot_navigation' with the following arguments: {'ament_cmake_args': None, 'build_base': '/home/kinarast/robot_ws/build/robot_navigation', 'catkin_cmake_args': None, 'catkin_skip_building_tests': False, 'cmake_args': None, 'cmake_clean_cache': False, 'cmake_clean_first': False, 'cmake_force_configure': False, 'cmake_target': None, 'cmake_target_skip_unavailable': False, 'install_base': '/home/kinarast/robot_ws/install/robot_navigation', 'merge_install': False, 'path': '/home/kinarast/robot_ws/src/robot_navigation', 'symlink_install': True, 'test_result_base': None}
[0.435s] INFO:colcon.colcon_core.executor:Executing jobs using 'parallel' executor
[0.436s] DEBUG:colcon.colcon_parallel_executor.executor.parallel:run_until_complete
[0.436s] INFO:colcon.colcon_ros.task.ament_cmake.build:Building ROS package in '/home/kinarast/robot_ws/src/robot_control' with build type 'ament_cmake'
[0.436s] INFO:colcon.colcon_cmake.task.cmake.build:Building CMake package in '/home/kinarast/robot_ws/src/robot_control'
[0.438s] INFO:colcon.colcon_core.plugin_system:Skipping extension 'colcon_core.shell.bat': Not used on non-Windows systems
[0.438s] INFO:colcon.colcon_core.shell:Skip shell extension 'powershell' for command environment: Not usable outside of PowerShell
[0.438s] DEBUG:colcon.colcon_core.shell:Skip shell extension 'dsv' for command environment
[0.443s] INFO:colcon.colcon_ros.task.ament_cmake.build:Building ROS package in '/home/kinarast/robot_ws/src/robot_description' with build type 'ament_cmake'
[0.443s] INFO:colcon.colcon_cmake.task.cmake.build:Building CMake package in '/home/kinarast/robot_ws/src/robot_description'
[0.443s] INFO:colcon.colcon_core.shell:Skip shell extension 'powershell' for command environment: Not usable outside of PowerShell
[0.443s] DEBUG:colcon.colcon_core.shell:Skip shell extension 'dsv' for command environment
[0.447s] INFO:colcon.colcon_ros.task.ament_cmake.build:Building ROS package in '/home/kinarast/robot_ws/src/robot_navigation' with build type 'ament_cmake'
[0.447s] INFO:colcon.colcon_cmake.task.cmake.build:Building CMake package in '/home/kinarast/robot_ws/src/robot_navigation'
[0.447s] INFO:colcon.colcon_core.shell:Skip shell extension 'powershell' for command environment: Not usable outside of PowerShell
[0.447s] DEBUG:colcon.colcon_core.shell:Skip shell extension 'dsv' for command environment
[0.525s] DEBUG:colcon.colcon_core.event_handler.log_command:Invoking command in '/home/kinarast/robot_ws/build/robot_control': CMAKE_PREFIX_PATH=${CMAKE_PREFIX_PATH}:/home/kinarast/test1_ws/install/my_robot_vision:/home/kinarast/ros2_ws/install/my_robot_vision:/opt/ros/humble /usr/bin/cmake /home/kinarast/robot_ws/src/robot_control -DAMENT_CMAKE_SYMLINK_INSTALL=1 -DCMAKE_INSTALL_PREFIX=/home/kinarast/robot_ws/install/robot_control
[0.625s] DEBUG:colcon.colcon_core.event_handler.log_command:Invoking command in '/home/kinarast/robot_ws/build/robot_description': CMAKE_PREFIX_PATH=${CMAKE_PREFIX_PATH}:/home/kinarast/test1_ws/install/my_robot_vision:/home/kinarast/ros2_ws/install/my_robot_vision:/opt/ros/humble /usr/bin/cmake /home/kinarast/robot_ws/src/robot_description -DAMENT_CMAKE_SYMLINK_INSTALL=1 -DCMAKE_INSTALL_PREFIX=/home/kinarast/robot_ws/install/robot_description
[0.739s] DEBUG:colcon.colcon_core.event_handler.log_command:Invoking command in '/home/kinarast/robot_ws/build/robot_navigation': CMAKE_PREFIX_PATH=${CMAKE_PREFIX_PATH}:/home/kinarast/test1_ws/install/my_robot_vision:/home/kinarast/ros2_ws/install/my_robot_vision:/opt/ros/humble /usr/bin/cmake /home/kinarast/robot_ws/src/robot_navigation -DAMENT_CMAKE_SYMLINK_INSTALL=1 -DCMAKE_INSTALL_PREFIX=/home/kinarast/robot_ws/install/robot_navigation
[1.537s] DEBUG:colcon.colcon_core.event_handler.log_command:Invoked command in '/home/kinarast/robot_ws/build/robot_description' returned '0': CMAKE_PREFIX_PATH=${CMAKE_PREFIX_PATH}:/home/kinarast/test1_ws/install/my_robot_vision:/home/kinarast/ros2_ws/install/my_robot_vision:/opt/ros/humble /usr/bin/cmake /home/kinarast/robot_ws/src/robot_description -DAMENT_CMAKE_SYMLINK_INSTALL=1 -DCMAKE_INSTALL_PREFIX=/home/kinarast/robot_ws/install/robot_description
[1.540s] DEBUG:colcon.colcon_core.event_handler.log_command:Invoking command in '/home/kinarast/robot_ws/build/robot_description': CMAKE_PREFIX_PATH=${CMAKE_PREFIX_PATH}:/home/kinarast/test1_ws/install/my_robot_vision:/home/kinarast/ros2_ws/install/my_robot_vision:/opt/ros/humble /usr/bin/cmake --build /home/kinarast/robot_ws/build/robot_description -- -j8 -l8
[1.579s] DEBUG:colcon.colcon_core.event_handler.log_command:Invoked command in '/home/kinarast/robot_ws/build/robot_description' returned '0': CMAKE_PREFIX_PATH=${CMAKE_PREFIX_PATH}:/home/kinarast/test1_ws/install/my_robot_vision:/home/kinarast/ros2_ws/install/my_robot_vision:/opt/ros/humble /usr/bin/cmake --build /home/kinarast/robot_ws/build/robot_description -- -j8 -l8
[1.589s] DEBUG:colcon.colcon_core.event_handler.log_command:Invoking command in '/home/kinarast/robot_ws/build/robot_description': CMAKE_PREFIX_PATH=${CMAKE_PREFIX_PATH}:/home/kinarast/test1_ws/install/my_robot_vision:/home/kinarast/ros2_ws/install/my_robot_vision:/opt/ros/humble /usr/bin/cmake --install /home/kinarast/robot_ws/build/robot_description
[1.644s] DEBUG:colcon.colcon_core.event_handler.log_command:Invoked command in '/home/kinarast/robot_ws/build/robot_navigation' returned '0': CMAKE_PREFIX_PATH=${CMAKE_PREFIX_PATH}:/home/kinarast/test1_ws/install/my_robot_vision:/home/kinarast/ros2_ws/install/my_robot_vision:/opt/ros/humble /usr/bin/cmake /home/kinarast/robot_ws/src/robot_navigation -DAMENT_CMAKE_SYMLINK_INSTALL=1 -DCMAKE_INSTALL_PREFIX=/home/kinarast/robot_ws/install/robot_navigation
[1.647s] DEBUG:colcon.colcon_core.event_handler.log_command:Invoking command in '/home/kinarast/robot_ws/build/robot_navigation': CMAKE_PREFIX_PATH=${CMAKE_PREFIX_PATH}:/home/kinarast/test1_ws/install/my_robot_vision:/home/kinarast/ros2_ws/install/my_robot_vision:/opt/ros/humble /usr/bin/cmake --build /home/kinarast/robot_ws/build/robot_navigation -- -j8 -l8
[1.653s] Level 1:colcon.colcon_core.environment:create_environment_scripts_only(robot_description)
[1.654s] DEBUG:colcon.colcon_core.event_handler.log_command:Invoked command in '/home/kinarast/robot_ws/build/robot_description' returned '0': CMAKE_PREFIX_PATH=${CMAKE_PREFIX_PATH}:/home/kinarast/test1_ws/install/my_robot_vision:/home/kinarast/ros2_ws/install/my_robot_vision:/opt/ros/humble /usr/bin/cmake --install /home/kinarast/robot_ws/build/robot_description
[1.659s] Level 1:colcon.colcon_core.environment:checking '/home/kinarast/robot_ws/install/robot_description' for CMake module files
[1.659s] Level 1:colcon.colcon_core.environment:checking '/home/kinarast/robot_ws/install/robot_description' for CMake config files
[1.660s] Level 1:colcon.colcon_core.shell:create_environment_hook('robot_description', 'cmake_prefix_path')
[1.660s] INFO:colcon.colcon_core.shell:Creating environment hook '/home/kinarast/robot_ws/install/robot_description/share/robot_description/hook/cmake_prefix_path.ps1'
[1.718s] INFO:colcon.colcon_core.shell:Creating environment descriptor '/home/kinarast/robot_ws/install/robot_description/share/robot_description/hook/cmake_prefix_path.dsv'
[1.765s] INFO:colcon.colcon_core.shell:Creating environment hook '/home/kinarast/robot_ws/install/robot_description/share/robot_description/hook/cmake_prefix_path.sh'
[1.767s] Level 1:colcon.colcon_core.environment:checking '/home/kinarast/robot_ws/install/robot_description/bin'
[1.767s] Level 1:colcon.colcon_core.environment:checking '/home/kinarast/robot_ws/install/robot_description/lib/pkgconfig/robot_description.pc'
[1.768s] Level 1:colcon.colcon_core.environment:checking '/home/kinarast/robot_ws/install/robot_description/lib/python3.10/site-packages'
[1.768s] Level 1:colcon.colcon_core.environment:checking '/home/kinarast/robot_ws/install/robot_description/bin'
[1.769s] INFO:colcon.colcon_core.shell:Creating package script '/home/kinarast/robot_ws/install/robot_description/share/robot_description/package.ps1'
[1.769s] INFO:colcon.colcon_core.shell:Creating package descriptor '/home/kinarast/robot_ws/install/robot_description/share/robot_description/package.dsv'
[1.770s] INFO:colcon.colcon_core.shell:Creating package script '/home/kinarast/robot_ws/install/robot_description/share/robot_description/package.sh'
[1.771s] INFO:colcon.colcon_core.shell:Creating package script '/home/kinarast/robot_ws/install/robot_description/share/robot_description/package.bash'
[1.772s] INFO:colcon.colcon_core.shell:Creating package script '/home/kinarast/robot_ws/install/robot_description/share/robot_description/package.zsh'
[1.772s] Level 1:colcon.colcon_core.environment:create_file_with_runtime_dependencies(/home/kinarast/robot_ws/install/robot_description/share/colcon-core/packages/robot_description)
[1.773s] Level 1:colcon.colcon_core.environment:create_environment_scripts_only(robot_description)
[1.773s] Level 1:colcon.colcon_core.environment:checking '/home/kinarast/robot_ws/install/robot_description' for CMake module files
[1.774s] Level 1:colcon.colcon_core.environment:checking '/home/kinarast/robot_ws/install/robot_description' for CMake config files
[1.774s] Level 1:colcon.colcon_core.shell:create_environment_hook('robot_description', 'cmake_prefix_path')
[1.774s] INFO:colcon.colcon_core.shell:Creating environment hook '/home/kinarast/robot_ws/install/robot_description/share/robot_description/hook/cmake_prefix_path.ps1'
[1.774s] INFO:colcon.colcon_core.shell:Creating environment descriptor '/home/kinarast/robot_ws/install/robot_description/share/robot_description/hook/cmake_prefix_path.dsv'
[1.776s] INFO:colcon.colcon_core.shell:Creating environment hook '/home/kinarast/robot_ws/install/robot_description/share/robot_description/hook/cmake_prefix_path.sh'
[1.777s] Level 1:colcon.colcon_core.environment:checking '/home/kinarast/robot_ws/install/robot_description/bin'
[1.777s] Level 1:colcon.colcon_core.environment:checking '/home/kinarast/robot_ws/install/robot_description/lib/pkgconfig/robot_description.pc'
[1.777s] Level 1:colcon.colcon_core.environment:checking '/home/kinarast/robot_ws/install/robot_description/lib/python3.10/site-packages'
[1.777s] Level 1:colcon.colcon_core.environment:checking '/home/kinarast/robot_ws/install/robot_description/bin'
[1.778s] INFO:colcon.colcon_core.shell:Creating package script '/home/kinarast/robot_ws/install/robot_description/share/robot_description/package.ps1'
[1.778s] INFO:colcon.colcon_core.shell:Creating package descriptor '/home/kinarast/robot_ws/install/robot_description/share/robot_description/package.dsv'
[1.779s] INFO:colcon.colcon_core.shell:Creating package script '/home/kinarast/robot_ws/install/robot_description/share/robot_description/package.sh'
[1.779s] INFO:colcon.colcon_core.shell:Creating package script '/home/kinarast/robot_ws/install/robot_description/share/robot_description/package.bash'
[1.780s] INFO:colcon.colcon_core.shell:Creating package script '/home/kinarast/robot_ws/install/robot_description/share/robot_description/package.zsh'
[1.780s] Level 1:colcon.colcon_core.environment:create_file_with_runtime_dependencies(/home/kinarast/robot_ws/install/robot_description/share/colcon-core/packages/robot_description)
[1.806s] DEBUG:colcon.colcon_core.event_handler.log_command:Invoked command in '/home/kinarast/robot_ws/build/robot_navigation' returned '0': CMAKE_PREFIX_PATH=${CMAKE_PREFIX_PATH}:/home/kinarast/test1_ws/install/my_robot_vision:/home/kinarast/ros2_ws/install/my_robot_vision:/opt/ros/humble /usr/bin/cmake --build /home/kinarast/robot_ws/build/robot_navigation -- -j8 -l8
[1.807s] DEBUG:colcon.colcon_core.event_handler.log_command:Invoking command in '/home/kinarast/robot_ws/build/robot_navigation': CMAKE_PREFIX_PATH=${CMAKE_PREFIX_PATH}:/home/kinarast/test1_ws/install/my_robot_vision:/home/kinarast/ros2_ws/install/my_robot_vision:/opt/ros/humble /usr/bin/cmake --install /home/kinarast/robot_ws/build/robot_navigation
[1.822s] Level 1:colcon.colcon_core.environment:create_environment_scripts_only(robot_navigation)
[1.823s] Level 1:colcon.colcon_core.environment:checking '/home/kinarast/robot_ws/install/robot_navigation' for CMake module files
[1.823s] DEBUG:colcon.colcon_core.event_handler.log_command:Invoked command in '/home/kinarast/robot_ws/build/robot_navigation' returned '0': CMAKE_PREFIX_PATH=${CMAKE_PREFIX_PATH}:/home/kinarast/test1_ws/install/my_robot_vision:/home/kinarast/ros2_ws/install/my_robot_vision:/opt/ros/humble /usr/bin/cmake --install /home/kinarast/robot_ws/build/robot_navigation
[1.824s] Level 1:colcon.colcon_core.environment:checking '/home/kinarast/robot_ws/install/robot_navigation' for CMake config files
[1.824s] Level 1:colcon.colcon_core.shell:create_environment_hook('robot_navigation', 'cmake_prefix_path')
[1.824s] INFO:colcon.colcon_core.shell:Creating environment hook '/home/kinarast/robot_ws/install/robot_navigation/share/robot_navigation/hook/cmake_prefix_path.ps1'
[1.825s] INFO:colcon.colcon_core.shell:Creating environment descriptor '/home/kinarast/robot_ws/install/robot_navigation/share/robot_navigation/hook/cmake_prefix_path.dsv'
[1.825s] INFO:colcon.colcon_core.shell:Creating environment hook '/home/kinarast/robot_ws/install/robot_navigation/share/robot_navigation/hook/cmake_prefix_path.sh'
[1.826s] Level 1:colcon.colcon_core.environment:checking '/home/kinarast/robot_ws/install/robot_navigation/lib'
[1.826s] Level 1:colcon.colcon_core.environment:checking '/home/kinarast/robot_ws/install/robot_navigation/bin'
[1.826s] Level 1:colcon.colcon_core.environment:checking '/home/kinarast/robot_ws/install/robot_navigation/lib/pkgconfig/robot_navigation.pc'
[1.827s] Level 1:colcon.colcon_core.environment:checking '/home/kinarast/robot_ws/install/robot_navigation/lib/python3.10/site-packages'
[1.827s] Level 1:colcon.colcon_core.environment:checking '/home/kinarast/robot_ws/install/robot_navigation/bin'
[1.827s] INFO:colcon.colcon_core.shell:Creating package script '/home/kinarast/robot_ws/install/robot_navigation/share/robot_navigation/package.ps1'
[1.828s] INFO:colcon.colcon_core.shell:Creating package descriptor '/home/kinarast/robot_ws/install/robot_navigation/share/robot_navigation/package.dsv'
[1.828s] INFO:colcon.colcon_core.shell:Creating package script '/home/kinarast/robot_ws/install/robot_navigation/share/robot_navigation/package.sh'
[1.829s] INFO:colcon.colcon_core.shell:Creating package script '/home/kinarast/robot_ws/install/robot_navigation/share/robot_navigation/package.bash'
[1.838s] INFO:colcon.colcon_core.shell:Creating package script '/home/kinarast/robot_ws/install/robot_navigation/share/robot_navigation/package.zsh'
[1.839s] Level 1:colcon.colcon_core.environment:create_file_with_runtime_dependencies(/home/kinarast/robot_ws/install/robot_navigation/share/colcon-core/packages/robot_navigation)
[1.840s] Level 1:colcon.colcon_core.environment:create_environment_scripts_only(robot_navigation)
[1.840s] Level 1:colcon.colcon_core.environment:checking '/home/kinarast/robot_ws/install/robot_navigation' for CMake module files
[1.841s] Level 1:colcon.colcon_core.environment:checking '/home/kinarast/robot_ws/install/robot_navigation' for CMake config files
[1.841s] Level 1:colcon.colcon_core.shell:create_environment_hook('robot_navigation', 'cmake_prefix_path')
[1.841s] INFO:colcon.colcon_core.shell:Creating environment hook '/home/kinarast/robot_ws/install/robot_navigation/share/robot_navigation/hook/cmake_prefix_path.ps1'
[1.842s] INFO:colcon.colcon_core.shell:Creating environment descriptor '/home/kinarast/robot_ws/install/robot_navigation/share/robot_navigation/hook/cmake_prefix_path.dsv'
[1.842s] INFO:colcon.colcon_core.shell:Creating environment hook '/home/kinarast/robot_ws/install/robot_navigation/share/robot_navigation/hook/cmake_prefix_path.sh'
[1.843s] Level 1:colcon.colcon_core.environment:checking '/home/kinarast/robot_ws/install/robot_navigation/lib'
[1.843s] Level 1:colcon.colcon_core.environment:checking '/home/kinarast/robot_ws/install/robot_navigation/bin'
[1.843s] Level 1:colcon.colcon_core.environment:checking '/home/kinarast/robot_ws/install/robot_navigation/lib/pkgconfig/robot_navigation.pc'
[1.843s] Level 1:colcon.colcon_core.environment:checking '/home/kinarast/robot_ws/install/robot_navigation/lib/python3.10/site-packages'
[1.843s] Level 1:colcon.colcon_core.environment:checking '/home/kinarast/robot_ws/install/robot_navigation/bin'
[1.844s] INFO:colcon.colcon_core.shell:Creating package script '/home/kinarast/robot_ws/install/robot_navigation/share/robot_navigation/package.ps1'
[1.844s] INFO:colcon.colcon_core.shell:Creating package descriptor '/home/kinarast/robot_ws/install/robot_navigation/share/robot_navigation/package.dsv'
[1.864s] INFO:colcon.colcon_core.shell:Creating package script '/home/kinarast/robot_ws/install/robot_navigation/share/robot_navigation/package.sh'
[1.864s] INFO:colcon.colcon_core.shell:Creating package script '/home/kinarast/robot_ws/install/robot_navigation/share/robot_navigation/package.bash'
[1.865s] INFO:colcon.colcon_core.shell:Creating package script '/home/kinarast/robot_ws/install/robot_navigation/share/robot_navigation/package.zsh'
[1.866s] Level 1:colcon.colcon_core.environment:create_file_with_runtime_dependencies(/home/kinarast/robot_ws/install/robot_navigation/share/colcon-core/packages/robot_navigation)
[2.777s] DEBUG:colcon.colcon_core.event_handler.log_command:Invoked command in '/home/kinarast/robot_ws/build/robot_control' returned '1': CMAKE_PREFIX_PATH=${CMAKE_PREFIX_PATH}:/home/kinarast/test1_ws/install/my_robot_vision:/home/kinarast/ros2_ws/install/my_robot_vision:/opt/ros/humble /usr/bin/cmake /home/kinarast/robot_ws/src/robot_control -DAMENT_CMAKE_SYMLINK_INSTALL=1 -DCMAKE_INSTALL_PREFIX=/home/kinarast/robot_ws/install/robot_control
[2.816s] Level 1:colcon.colcon_core.environment:create_environment_scripts_only(robot_control)
[2.816s] Level 1:colcon.colcon_core.environment:checking '/home/kinarast/robot_ws/install/robot_control' for CMake module files
[2.817s] Level 1:colcon.colcon_core.environment:checking '/home/kinarast/robot_ws/install/robot_control' for CMake config files
[2.817s] Level 1:colcon.colcon_core.shell:create_environment_hook('robot_control', 'cmake_prefix_path')
[2.818s] INFO:colcon.colcon_core.shell:Creating environment hook '/home/kinarast/robot_ws/install/robot_control/share/robot_control/hook/cmake_prefix_path.ps1'
[2.819s] INFO:colcon.colcon_core.shell:Creating environment descriptor '/home/kinarast/robot_ws/install/robot_control/share/robot_control/hook/cmake_prefix_path.dsv'
[2.819s] INFO:colcon.colcon_core.shell:Creating environment hook '/home/kinarast/robot_ws/install/robot_control/share/robot_control/hook/cmake_prefix_path.sh'
[2.820s] Level 1:colcon.colcon_core.environment:checking '/home/kinarast/robot_ws/install/robot_control/lib'
[2.820s] Level 1:colcon.colcon_core.environment:checking '/home/kinarast/robot_ws/install/robot_control/bin'
[2.820s] Level 1:colcon.colcon_core.environment:checking '/home/kinarast/robot_ws/install/robot_control/lib/pkgconfig/robot_control.pc'
[2.821s] Level 1:colcon.colcon_core.environment:checking '/home/kinarast/robot_ws/install/robot_control/lib/python3.10/site-packages'
[2.821s] Level 1:colcon.colcon_core.environment:checking '/home/kinarast/robot_ws/install/robot_control/bin'
[2.821s] INFO:colcon.colcon_core.shell:Creating package script '/home/kinarast/robot_ws/install/robot_control/share/robot_control/package.ps1'
[2.822s] INFO:colcon.colcon_core.shell:Creating package descriptor '/home/kinarast/robot_ws/install/robot_control/share/robot_control/package.dsv'
[2.823s] INFO:colcon.colcon_core.shell:Creating package script '/home/kinarast/robot_ws/install/robot_control/share/robot_control/package.sh'
[2.824s] INFO:colcon.colcon_core.shell:Creating package script '/home/kinarast/robot_ws/install/robot_control/share/robot_control/package.bash'
[2.824s] INFO:colcon.colcon_core.shell:Creating package script '/home/kinarast/robot_ws/install/robot_control/share/robot_control/package.zsh'
[2.825s] Level 1:colcon.colcon_core.environment:create_file_with_runtime_dependencies(/home/kinarast/robot_ws/install/robot_control/share/colcon-core/packages/robot_control)
[2.835s] DEBUG:colcon.colcon_parallel_executor.executor.parallel:closing loop
[2.836s] DEBUG:colcon.colcon_parallel_executor.executor.parallel:loop closed
[2.836s] DEBUG:colcon.colcon_parallel_executor.executor.parallel:run_until_complete finished with '1'
[2.836s] DEBUG:colcon.colcon_core.event_reactor:joining thread
[2.842s] INFO:colcon.colcon_core.plugin_system:Skipping extension 'colcon_notification.desktop_notification.terminal_notifier': Not used on non-Darwin systems
[2.842s] INFO:colcon.colcon_core.plugin_system:Skipping extension 'colcon_notification.desktop_notification.win32': Not used on non-Windows systems
[2.842s] INFO:colcon.colcon_notification.desktop_notification:Sending desktop notification using 'notify2'
[2.855s] DEBUG:colcon.colcon_core.event_reactor:joined thread
[2.856s] INFO:colcon.colcon_core.shell:Creating prefix script '/home/kinarast/robot_ws/install/local_setup.ps1'
[2.857s] INFO:colcon.colcon_core.shell:Creating prefix util module '/home/kinarast/robot_ws/install/_local_setup_util_ps1.py'
[2.858s] INFO:colcon.colcon_core.shell:Creating prefix chain script '/home/kinarast/robot_ws/install/setup.ps1'
[2.860s] INFO:colcon.colcon_core.shell:Creating prefix script '/home/kinarast/robot_ws/install/local_setup.sh'
[2.861s] INFO:colcon.colcon_core.shell:Creating prefix util module '/home/kinarast/robot_ws/install/_local_setup_util_sh.py'
[2.861s] INFO:colcon.colcon_core.shell:Creating prefix chain script '/home/kinarast/robot_ws/install/setup.sh'
[2.863s] INFO:colcon.colcon_core.shell:Creating prefix script '/home/kinarast/robot_ws/install/local_setup.bash'
[2.881s] INFO:colcon.colcon_core.shell:Creating prefix chain script '/home/kinarast/robot_ws/install/setup.bash'
[2.883s] INFO:colcon.colcon_core.shell:Creating prefix script '/home/kinarast/robot_ws/install/local_setup.zsh'
[2.883s] INFO:colcon.colcon_core.shell:Creating prefix chain script '/home/kinarast/robot_ws/install/setup.zsh'
